<testsuites id="" name="" tests="470" failures="174" skipped="55" errors="0" time="94.384016">
<testsuite name="accessibility.spec.ts" timestamp="2025-08-19T04:10:05.854Z" hostname="chromium" tests="5" failures="0" skipped="0" time="3.557" errors="0">
<testcase name="Accessibility smoke › should pass accessibility tests on home page" classname="accessibility.spec.ts" time="0.901">
<system-out>
<![CDATA[Accessibility violations found: [
  {
    id: [32m'heading-order'[39m,
    impact: [32m'moderate'[39m,
    tags: [ [32m'cat.semantics'[39m, [32m'best-practice'[39m ],
    description: [32m'Ensure the order of headings is semantically correct'[39m,
    help: [32m'Heading levels should only increase by one'[39m,
    helpUrl: [32m'https://dequeuniversity.com/rules/axe/4.10/heading-order?application=playwright'[39m,
    nodes: [ [36m[Object][39m, [36m[Object][39m, [36m[Object][39m ]
  },
  {
    id: [32m'skip-link'[39m,
    impact: [32m'moderate'[39m,
    tags: [ [32m'cat.keyboard'[39m, [32m'best-practice'[39m ],
    description: [32m'Ensure all skip links have a focusable target'[39m,
    help: [32m'The skip-link target should exist and be focusable'[39m,
    helpUrl: [32m'https://dequeuniversity.com/rules/axe/4.10/skip-link?application=playwright'[39m,
    nodes: [ [36m[Object][39m ]
  }
]
]]>
</system-out>
</testcase>
<testcase name="Accessibility smoke › should pass accessibility tests on courses page" classname="accessibility.spec.ts" time="0.69">
</testcase>
<testcase name="Accessibility smoke › should pass accessibility tests on signin page" classname="accessibility.spec.ts" time="0.683">
</testcase>
<testcase name="Accessibility smoke › should have basic keyboard navigation" classname="accessibility.spec.ts" time="0.649">
</testcase>
<testcase name="Accessibility smoke › should have basic accessibility structure" classname="accessibility.spec.ts" time="0.634">
</testcase>
</testsuite>
<testsuite name="account-shell.spec.ts" timestamp="2025-08-19T04:10:05.854Z" hostname="chromium" tests="10" failures="5" skipped="5" time="0" errors="0">
<testcase name="Account &amp; Shell Functionality › Mobile Bottom Navigation › should navigate correctly with bottom navigation on mobile" classname="account-shell.spec.ts" time="0">
<failure message="account-shell.spec.ts:23:9 should navigate correctly with bottom navigation on mobile" type="FAILURE">
<![CDATA[  [chromium] › account-shell.spec.ts:23:9 › Account & Shell Functionality › Mobile Bottom Navigation › should navigate correctly with bottom navigation on mobile 

    TypeError: response.ok is not a function

       at utils/testkit.ts:48

      46 |     });
      47 |
    > 48 |     if (!response.ok()) {
         |                   ^
      49 |       throw new Error(`User creation failed: ${await response.text()}`);
      50 |     }
      51 |
        at TestkitAPI.createUser (/Users/rsternke/Developer/valleyApps/permit-school/web/tests/e2e/utils/testkit.ts:48:19)
        at /Users/rsternke/Developer/valleyApps/permit-school/web/tests/e2e/account-shell.spec.ts:16:18

    attachment #1: screenshot (image/png) ──────────────────────────────────────────────────────────
    ../../test-results/account-shell-Account-Shel-7fed4-bottom-navigation-on-mobile-chromium/test-failed-1.png
    ────────────────────────────────────────────────────────────────────────────────────────────────

    Error Context: ../../test-results/account-shell-Account-Shel-7fed4-bottom-navigation-on-mobile-chromium/error-context.md
]]>
</failure>
<system-out>
<![CDATA[
[[ATTACHMENT|account-shell-Account-Shel-7fed4-bottom-navigation-on-mobile-chromium/test-failed-1.png]]

[[ATTACHMENT|account-shell-Account-Shel-7fed4-bottom-navigation-on-mobile-chromium/error-context.md]]
]]>
</system-out>
</testcase>
<testcase name="Account &amp; Shell Functionality › Mobile Bottom Navigation › should have proper touch targets (≥44px)" classname="account-shell.spec.ts" time="0">
<skipped>
</skipped>
</testcase>
<testcase name="Account &amp; Shell Functionality › Account Settings › should persist theme preference" classname="account-shell.spec.ts" time="0">
<failure message="account-shell.spec.ts:98:9 should persist theme preference" type="FAILURE">
<![CDATA[  [chromium] › account-shell.spec.ts:98:9 › Account & Shell Functionality › Account Settings › should persist theme preference 

    TypeError: response.ok is not a function

       at utils/testkit.ts:48

      46 |     });
      47 |
    > 48 |     if (!response.ok()) {
         |                   ^
      49 |       throw new Error(`User creation failed: ${await response.text()}`);
      50 |     }
      51 |
        at TestkitAPI.createUser (/Users/rsternke/Developer/valleyApps/permit-school/web/tests/e2e/utils/testkit.ts:48:19)
        at /Users/rsternke/Developer/valleyApps/permit-school/web/tests/e2e/account-shell.spec.ts:16:18

    attachment #1: screenshot (image/png) ──────────────────────────────────────────────────────────
    ../../test-results/account-shell-Account-Shel-a00f1-ld-persist-theme-preference-chromium/test-failed-1.png
    ────────────────────────────────────────────────────────────────────────────────────────────────

    Error Context: ../../test-results/account-shell-Account-Shel-a00f1-ld-persist-theme-preference-chromium/error-context.md
]]>
</failure>
<system-out>
<![CDATA[
[[ATTACHMENT|account-shell-Account-Shel-a00f1-ld-persist-theme-preference-chromium/test-failed-1.png]]

[[ATTACHMENT|account-shell-Account-Shel-a00f1-ld-persist-theme-preference-chromium/error-context.md]]
]]>
</system-out>
</testcase>
<testcase name="Account &amp; Shell Functionality › Account Settings › should upload and display avatar" classname="account-shell.spec.ts" time="0">
<skipped>
</skipped>
</testcase>
<testcase name="Account &amp; Shell Functionality › Account Settings › should handle marketing opt-in toggle" classname="account-shell.spec.ts" time="0">
<failure message="account-shell.spec.ts:166:9 should handle marketing opt-in toggle" type="FAILURE">
<![CDATA[  [chromium] › account-shell.spec.ts:166:9 › Account & Shell Functionality › Account Settings › should handle marketing opt-in toggle 

    TypeError: response.ok is not a function

       at utils/testkit.ts:48

      46 |     });
      47 |
    > 48 |     if (!response.ok()) {
         |                   ^
      49 |       throw new Error(`User creation failed: ${await response.text()}`);
      50 |     }
      51 |
        at TestkitAPI.createUser (/Users/rsternke/Developer/valleyApps/permit-school/web/tests/e2e/utils/testkit.ts:48:19)
        at /Users/rsternke/Developer/valleyApps/permit-school/web/tests/e2e/account-shell.spec.ts:16:18

    attachment #1: screenshot (image/png) ──────────────────────────────────────────────────────────
    ../../test-results/account-shell-Account-Shel-9050c-dle-marketing-opt-in-toggle-chromium/test-failed-1.png
    ────────────────────────────────────────────────────────────────────────────────────────────────

    Error Context: ../../test-results/account-shell-Account-Shel-9050c-dle-marketing-opt-in-toggle-chromium/error-context.md
]]>
</failure>
<system-out>
<![CDATA[
[[ATTACHMENT|account-shell-Account-Shel-9050c-dle-marketing-opt-in-toggle-chromium/test-failed-1.png]]

[[ATTACHMENT|account-shell-Account-Shel-9050c-dle-marketing-opt-in-toggle-chromium/error-context.md]]
]]>
</system-out>
</testcase>
<testcase name="Account &amp; Shell Functionality › Account Settings › should show Google auth status" classname="account-shell.spec.ts" time="0">
<skipped>
</skipped>
</testcase>
<testcase name="Account &amp; Shell Functionality › Google One-Tap (when enabled) › should show One-Tap when enabled and user is signed out" classname="account-shell.spec.ts" time="0">
<failure message="account-shell.spec.ts:224:9 should show One-Tap when enabled and user is signed out" type="FAILURE">
<![CDATA[  [chromium] › account-shell.spec.ts:224:9 › Account & Shell Functionality › Google One-Tap (when enabled) › should show One-Tap when enabled and user is signed out 

    TypeError: response.ok is not a function

       at utils/testkit.ts:48

      46 |     });
      47 |
    > 48 |     if (!response.ok()) {
         |                   ^
      49 |       throw new Error(`User creation failed: ${await response.text()}`);
      50 |     }
      51 |
        at TestkitAPI.createUser (/Users/rsternke/Developer/valleyApps/permit-school/web/tests/e2e/utils/testkit.ts:48:19)
        at /Users/rsternke/Developer/valleyApps/permit-school/web/tests/e2e/account-shell.spec.ts:16:18

    attachment #1: screenshot (image/png) ──────────────────────────────────────────────────────────
    ../../test-results/account-shell-Account-Shel-e41af-bled-and-user-is-signed-out-chromium/test-failed-1.png
    ────────────────────────────────────────────────────────────────────────────────────────────────

    Error Context: ../../test-results/account-shell-Account-Shel-e41af-bled-and-user-is-signed-out-chromium/error-context.md
]]>
</failure>
<system-out>
<![CDATA[
[[ATTACHMENT|account-shell-Account-Shel-e41af-bled-and-user-is-signed-out-chromium/test-failed-1.png]]

[[ATTACHMENT|account-shell-Account-Shel-e41af-bled-and-user-is-signed-out-chromium/error-context.md]]
]]>
</system-out>
</testcase>
<testcase name="Account &amp; Shell Functionality › Google One-Tap (when enabled) › should not show One-Tap when disabled" classname="account-shell.spec.ts" time="0">
<skipped>
</skipped>
</testcase>
<testcase name="Account &amp; Shell Functionality › AppShell Integration › should show AppBarV2 in AppShell" classname="account-shell.spec.ts" time="0">
<failure message="account-shell.spec.ts:254:9 should show AppBarV2 in AppShell" type="FAILURE">
<![CDATA[  [chromium] › account-shell.spec.ts:254:9 › Account & Shell Functionality › AppShell Integration › should show AppBarV2 in AppShell 

    TypeError: response.ok is not a function

       at utils/testkit.ts:48

      46 |     });
      47 |
    > 48 |     if (!response.ok()) {
         |                   ^
      49 |       throw new Error(`User creation failed: ${await response.text()}`);
      50 |     }
      51 |
        at TestkitAPI.createUser (/Users/rsternke/Developer/valleyApps/permit-school/web/tests/e2e/utils/testkit.ts:48:19)
        at /Users/rsternke/Developer/valleyApps/permit-school/web/tests/e2e/account-shell.spec.ts:16:18

    attachment #1: screenshot (image/png) ──────────────────────────────────────────────────────────
    ../../test-results/account-shell-Account-Shel-0d827-d-show-AppBarV2-in-AppShell-chromium/test-failed-1.png
    ────────────────────────────────────────────────────────────────────────────────────────────────

    Error Context: ../../test-results/account-shell-Account-Shel-0d827-d-show-AppBarV2-in-AppShell-chromium/error-context.md
]]>
</failure>
<system-out>
<![CDATA[
[[ATTACHMENT|account-shell-Account-Shel-0d827-d-show-AppBarV2-in-AppShell-chromium/test-failed-1.png]]

[[ATTACHMENT|account-shell-Account-Shel-0d827-d-show-AppBarV2-in-AppShell-chromium/error-context.md]]
]]>
</system-out>
</testcase>
<testcase name="Account &amp; Shell Functionality › AppShell Integration › should handle sign out from AppShell" classname="account-shell.spec.ts" time="0">
<skipped>
</skipped>
</testcase>
</testsuite>
<testsuite name="auth-onboarding.spec.ts" timestamp="2025-08-19T04:10:05.854Z" hostname="chromium" tests="2" failures="2" skipped="0" time="0.278" errors="0">
<testcase name="Auth &amp; Onboarding (Adult) › should complete signup and onboarding flow" classname="auth-onboarding.spec.ts" time="0.166">
<failure message="auth-onboarding.spec.ts:5:7 should complete signup and onboarding flow" type="FAILURE">
<![CDATA[  [chromium] › auth-onboarding.spec.ts:5:7 › Auth & Onboarding (Adult) › should complete signup and onboarding flow 

    Error: TESTKIT_TOKEN environment variable is required

       at utils/testkit.ts:240

      238 |   
      239 |   if (!token) {
    > 240 |     throw new Error('TESTKIT_TOKEN environment variable is required');
          |           ^
      241 |   }
      242 |
      243 |   return new TestkitAPI(baseURL, token);
        at getTestkitAPI (/Users/rsternke/Developer/valleyApps/permit-school/web/tests/e2e/utils/testkit.ts:240:11)
        at /Users/rsternke/Developer/valleyApps/permit-school/web/tests/e2e/auth-onboarding.spec.ts:6:40

    attachment #1: screenshot (image/png) ──────────────────────────────────────────────────────────
    ../../test-results/auth-onboarding-Auth-Onboa-afa3c--signup-and-onboarding-flow-chromium/test-failed-1.png
    ────────────────────────────────────────────────────────────────────────────────────────────────

    attachment #2: video (video/webm) ──────────────────────────────────────────────────────────────
    ../../test-results/auth-onboarding-Auth-Onboa-afa3c--signup-and-onboarding-flow-chromium/video.webm
    ────────────────────────────────────────────────────────────────────────────────────────────────
]]>
</failure>
<system-out>
<![CDATA[
[[ATTACHMENT|auth-onboarding-Auth-Onboa-afa3c--signup-and-onboarding-flow-chromium/test-failed-1.png]]

[[ATTACHMENT|auth-onboarding-Auth-Onboa-afa3c--signup-and-onboarding-flow-chromium/video.webm]]
]]>
</system-out>
</testcase>
<testcase name="Auth &amp; Onboarding (Adult) › should enroll in course after onboarding" classname="auth-onboarding.spec.ts" time="0.112">
<failure message="auth-onboarding.spec.ts:56:7 should enroll in course after onboarding" type="FAILURE">
<![CDATA[  [chromium] › auth-onboarding.spec.ts:56:7 › Auth & Onboarding (Adult) › should enroll in course after onboarding 

    Error: TESTKIT_TOKEN environment variable is required

       at utils/testkit.ts:240

      238 |   
      239 |   if (!token) {
    > 240 |     throw new Error('TESTKIT_TOKEN environment variable is required');
          |           ^
      241 |   }
      242 |
      243 |   return new TestkitAPI(baseURL, token);
        at getTestkitAPI (/Users/rsternke/Developer/valleyApps/permit-school/web/tests/e2e/utils/testkit.ts:240:11)
        at /Users/rsternke/Developer/valleyApps/permit-school/web/tests/e2e/auth-onboarding.spec.ts:57:40

    attachment #1: screenshot (image/png) ──────────────────────────────────────────────────────────
    ../../test-results/auth-onboarding-Auth-Onboa-1659a--in-course-after-onboarding-chromium/test-failed-1.png
    ────────────────────────────────────────────────────────────────────────────────────────────────

    attachment #2: video (video/webm) ──────────────────────────────────────────────────────────────
    ../../test-results/auth-onboarding-Auth-Onboa-1659a--in-course-after-onboarding-chromium/video.webm
    ────────────────────────────────────────────────────────────────────────────────────────────────
]]>
</failure>
<system-out>
<![CDATA[
[[ATTACHMENT|auth-onboarding-Auth-Onboa-1659a--in-course-after-onboarding-chromium/test-failed-1.png]]

[[ATTACHMENT|auth-onboarding-Auth-Onboa-1659a--in-course-after-onboarding-chromium/video.webm]]
]]>
</system-out>
</testcase>
</testsuite>
<testsuite name="auth-ui.spec.ts" timestamp="2025-08-19T04:10:05.854Z" hostname="chromium" tests="11" failures="1" skipped="0" time="8.071" errors="0">
<testcase name="Authentication UI &amp; User Experience › should display login page with Google auth option" classname="auth-ui.spec.ts" time="0.197">
</testcase>
<testcase name="Authentication UI &amp; User Experience › should display signup page with Google auth option" classname="auth-ui.spec.ts" time="0.253">
</testcase>
<testcase name="Authentication UI &amp; User Experience › should handle email form toggle on login page" classname="auth-ui.spec.ts" time="0.339">
</testcase>
<testcase name="Authentication UI &amp; User Experience › should handle email form toggle on signup page" classname="auth-ui.spec.ts" time="0.299">
</testcase>
<testcase name="Authentication UI &amp; User Experience › should have mobile-friendly navigation" classname="auth-ui.spec.ts" time="5.34">
<failure message="auth-ui.spec.ts:81:7 should have mobile-friendly navigation" type="FAILURE">
<![CDATA[  [chromium] › auth-ui.spec.ts:81:7 › Authentication UI & User Experience › should have mobile-friendly navigation 

    Error: Timed out 5000ms waiting for expect(locator).toBeVisible()

    Locator: locator('h6:has-text("Permit School")').first()
    Expected: visible
    Received: hidden
    Call log:
      - Expect "toBeVisible" with timeout 5000ms
      - waiting for locator('h6:has-text("Permit School")').first()
        9 × locator resolved to <h6 class="MuiTypography-root MuiTypography-h6 mui-1eagat1">Permit School</h6>
          - unexpected value "hidden"


      84 |     // Check for AppBarV2 (which should be present on all pages)
      85 |     // Use a more specific selector to avoid multiple matches
    > 86 |     await expect(page.locator('h6:has-text("Permit School")').first()).toBeVisible();
         |                                                                        ^
      87 |     
      88 |     // Check for navigation elements (use first() to avoid multiple matches)
      89 |     const homeLink = page.locator('a[href="/"]').first();
        at /Users/rsternke/Developer/valleyApps/permit-school/web/tests/e2e/auth-ui.spec.ts:86:72

    attachment #1: screenshot (image/png) ──────────────────────────────────────────────────────────
    ../../test-results/auth-ui-Authentication-UI--4b029--mobile-friendly-navigation-chromium/test-failed-1.png
    ────────────────────────────────────────────────────────────────────────────────────────────────

    attachment #2: video (video/webm) ──────────────────────────────────────────────────────────────
    ../../test-results/auth-ui-Authentication-UI--4b029--mobile-friendly-navigation-chromium/video.webm
    ────────────────────────────────────────────────────────────────────────────────────────────────

    Error Context: ../../test-results/auth-ui-Authentication-UI--4b029--mobile-friendly-navigation-chromium/error-context.md
]]>
</failure>
<system-out>
<![CDATA[
[[ATTACHMENT|auth-ui-Authentication-UI--4b029--mobile-friendly-navigation-chromium/test-failed-1.png]]

[[ATTACHMENT|auth-ui-Authentication-UI--4b029--mobile-friendly-navigation-chromium/video.webm]]

[[ATTACHMENT|auth-ui-Authentication-UI--4b029--mobile-friendly-navigation-chromium/error-context.md]]
]]>
</system-out>
</testcase>
<testcase name="Authentication UI &amp; User Experience › should have touch-friendly button sizes" classname="auth-ui.spec.ts" time="0.244">
</testcase>
<testcase name="Authentication UI &amp; User Experience › should have proper focus indicators" classname="auth-ui.spec.ts" time="0.229">
</testcase>
<testcase name="Authentication UI &amp; User Experience › should have responsive card layouts" classname="auth-ui.spec.ts" time="0.381">
</testcase>
<testcase name="Authentication UI &amp; User Experience › should have accessible color contrast" classname="auth-ui.spec.ts" time="0.228">
</testcase>
<testcase name="Authentication UI &amp; User Experience › should handle auth callback route" classname="auth-ui.spec.ts" time="0.22">
</testcase>
<testcase name="Authentication UI &amp; User Experience › should have proper form structure" classname="auth-ui.spec.ts" time="0.341">
</testcase>
</testsuite>
<testsuite name="billing-lifecycle.spec.ts" timestamp="2025-08-19T04:10:05.854Z" hostname="chromium" tests="18" failures="2" skipped="0" time="8.929" errors="0">
<testcase name="Billing Lifecycle › should display billing page for authenticated users" classname="billing-lifecycle.spec.ts" time="0.251">
</testcase>
<testcase name="Billing Lifecycle › should show subscription status when user has active subscription" classname="billing-lifecycle.spec.ts" time="5.295">
<failure message="billing-lifecycle.spec.ts:23:7 should show subscription status when user has active subscription" type="FAILURE">
<![CDATA[  [chromium] › billing-lifecycle.spec.ts:23:7 › Billing Lifecycle › should show subscription status when user has active subscription 

    Error: Timed out 5000ms waiting for expect(locator).toBeVisible()

    Locator: locator('text=Subscription Status')
    Expected: visible
    Received: <element(s) not found>
    Call log:
      - Expect "toBeVisible" with timeout 5000ms
      - waiting for locator('text=Subscription Status')


      30 |     if (await subscriptionCard.isVisible()) {
      31 |       // Should show subscription information
    > 32 |       await expect(page.locator('text=Subscription Status')).toBeVisible();
         |                                                              ^
      33 |       
      34 |       // Should have manage billing button
      35 |       await expect(page.locator('button').filter({ hasText: 'Manage Billing' })).toBeVisible();
        at /Users/rsternke/Developer/valleyApps/permit-school/web/tests/e2e/billing-lifecycle.spec.ts:32:62

    attachment #1: screenshot (image/png) ──────────────────────────────────────────────────────────
    ../../test-results/billing-lifecycle-Billing--5393f-ser-has-active-subscription-chromium/test-failed-1.png
    ────────────────────────────────────────────────────────────────────────────────────────────────

    attachment #2: video (video/webm) ──────────────────────────────────────────────────────────────
    ../../test-results/billing-lifecycle-Billing--5393f-ser-has-active-subscription-chromium/video.webm
    ────────────────────────────────────────────────────────────────────────────────────────────────

    Error Context: ../../test-results/billing-lifecycle-Billing--5393f-ser-has-active-subscription-chromium/error-context.md
]]>
</failure>
<system-out>
<![CDATA[
[[ATTACHMENT|billing-lifecycle-Billing--5393f-ser-has-active-subscription-chromium/test-failed-1.png]]

[[ATTACHMENT|billing-lifecycle-Billing--5393f-ser-has-active-subscription-chromium/video.webm]]

[[ATTACHMENT|billing-lifecycle-Billing--5393f-ser-has-active-subscription-chromium/error-context.md]]
]]>
</system-out>
</testcase>
<testcase name="Billing Lifecycle › should show upgrade option for users without subscription" classname="billing-lifecycle.spec.ts" time="0.186">
</testcase>
<testcase name="Billing Lifecycle › should handle billing portal access" classname="billing-lifecycle.spec.ts" time="0.188">
</testcase>
<testcase name="Billing Lifecycle › should handle subscription cancellation flow" classname="billing-lifecycle.spec.ts" time="0.199">
</testcase>
<testcase name="Billing Lifecycle › should handle subscription resumption flow" classname="billing-lifecycle.spec.ts" time="0.179">
</testcase>
<testcase name="Billing Lifecycle › should display invoice history when available" classname="billing-lifecycle.spec.ts" time="0.203">
</testcase>
<testcase name="Billing Lifecycle › should handle payment failure notifications" classname="billing-lifecycle.spec.ts" time="0.207">
</testcase>
<testcase name="Billing Lifecycle › should display dunning state information" classname="billing-lifecycle.spec.ts" time="0.212">
</testcase>
<testcase name="Billing Lifecycle › should handle billing summary API" classname="billing-lifecycle.spec.ts" time="0.197">
</testcase>
<testcase name="Billing Lifecycle › should handle invoices API" classname="billing-lifecycle.spec.ts" time="0.234">
</testcase>
<testcase name="Billing Lifecycle › should handle cancel subscription API" classname="billing-lifecycle.spec.ts" time="0.234">
</testcase>
<testcase name="Billing Lifecycle › should handle resume subscription API" classname="billing-lifecycle.spec.ts" time="0.235">
</testcase>
<testcase name="Admin Billing Dashboard › should require admin access" classname="billing-lifecycle.spec.ts" time="0.246">
</testcase>
<testcase name="Admin Billing Dashboard › should display billing KPIs for admin users" classname="billing-lifecycle.spec.ts" time="0.194">
</testcase>
<testcase name="Admin Billing Dashboard › should display past due users table for admin users" classname="billing-lifecycle.spec.ts" time="0.232">
<failure message="billing-lifecycle.spec.ts:227:7 should display past due users table for admin users" type="FAILURE">
<![CDATA[  [chromium] › billing-lifecycle.spec.ts:227:7 › Admin Billing Dashboard › should display past due users table for admin users 

    Error: locator.isVisible: Error: strict mode violation: locator('text=Past Due Subscriptions') resolved to 2 elements:
        1) <h5 class="MuiTypography-root MuiTypography-h5 MuiTypography-gutterBottom mui-1lrclm3">Past Due Subscriptions</h5> aka getByRole('heading', { name: 'Past Due Subscriptions' })
        2) <p class="MuiTypography-root MuiTypography-body1 mui-t2rycj">No past due subscriptions found.</p> aka getByText('No past due subscriptions')

    Call log:
        - checking visibility of locator('text=Past Due Subscriptions')


      229 |     const pastDueSection = page.locator('text=Past Due Subscriptions');
      230 |     
    > 231 |     if (await pastDueSection.isVisible()) {
          |                              ^
      232 |       // Should show past due table
      233 |       await expect(page.locator('table')).toBeVisible();
      234 |       
        at /Users/rsternke/Developer/valleyApps/permit-school/web/tests/e2e/billing-lifecycle.spec.ts:231:30

    attachment #1: screenshot (image/png) ──────────────────────────────────────────────────────────
    ../../test-results/billing-lifecycle-Admin-Bi-c5b18-users-table-for-admin-users-chromium/test-failed-1.png
    ────────────────────────────────────────────────────────────────────────────────────────────────

    attachment #2: video (video/webm) ──────────────────────────────────────────────────────────────
    ../../test-results/billing-lifecycle-Admin-Bi-c5b18-users-table-for-admin-users-chromium/video.webm
    ────────────────────────────────────────────────────────────────────────────────────────────────

    Error Context: ../../test-results/billing-lifecycle-Admin-Bi-c5b18-users-table-for-admin-users-chromium/error-context.md
]]>
</failure>
<system-out>
<![CDATA[
[[ATTACHMENT|billing-lifecycle-Admin-Bi-c5b18-users-table-for-admin-users-chromium/test-failed-1.png]]

[[ATTACHMENT|billing-lifecycle-Admin-Bi-c5b18-users-table-for-admin-users-chromium/video.webm]]

[[ATTACHMENT|billing-lifecycle-Admin-Bi-c5b18-users-table-for-admin-users-chromium/error-context.md]]
]]>
</system-out>
</testcase>
<testcase name="Admin Billing Dashboard › should display recent invoices table for admin users" classname="billing-lifecycle.spec.ts" time="0.224">
</testcase>
<testcase name="Admin Billing Dashboard › should handle admin billing APIs" classname="billing-lifecycle.spec.ts" time="0.213">
</testcase>
</testsuite>
<testsuite name="catalog-i18n.spec.ts" timestamp="2025-08-19T04:10:05.854Z" hostname="chromium" tests="4" failures="0" skipped="1" time="0.908" errors="0">
<testcase name="Public Catalog &amp; i18n › should display course catalog with upgrade CTA" classname="catalog-i18n.spec.ts" time="0.196">
<system-out>
<![CDATA[No upgrade buttons found - courses may be free or not priced
]]>
</system-out>
</testcase>
<testcase name="Public Catalog &amp; i18n › should display course details when available" classname="catalog-i18n.spec.ts" time="0.202">
</testcase>
<testcase name="Public Catalog &amp; i18n › should have proper language attributes" classname="catalog-i18n.spec.ts" time="0.321">
<properties>
<property name="skip" value="">
</property>
</properties>
<skipped>
</skipped>
</testcase>
<testcase name="Public Catalog &amp; i18n › should handle course navigation" classname="catalog-i18n.spec.ts" time="0.189">
</testcase>
</testsuite>
<testsuite name="dual-product.spec.ts" timestamp="2025-08-19T04:10:05.854Z" hostname="chromium" tests="5" failures="5" skipped="0" time="0.506" errors="0">
<testcase name="Dual Product Implementation › displays both marketing pages" classname="dual-product.spec.ts" time="0.088">
<failure message="dual-product.spec.ts:12:7 displays both marketing pages" type="FAILURE">
<![CDATA[  [chromium] › dual-product.spec.ts:12:7 › Dual Product Implementation › displays both marketing pages 

    Error: TESTKIT_TOKEN environment variable is required

       at utils/testkit.ts:289

      287 |     
      288 |     if (!token) {
    > 289 |       throw new Error('TESTKIT_TOKEN environment variable is required');
          |             ^
      290 |     }
      291 |
      292 |     const api = new TestkitAPI(baseURL, token);
        at Object.seedPrograms (/Users/rsternke/Developer/valleyApps/permit-school/web/tests/e2e/utils/testkit.ts:289:13)
        at /Users/rsternke/Developer/valleyApps/permit-school/web/tests/e2e/dual-product.spec.ts:7:19

    attachment #1: screenshot (image/png) ──────────────────────────────────────────────────────────
    ../../test-results/dual-product-Dual-Product--60df7-splays-both-marketing-pages-chromium/test-failed-1.png
    ────────────────────────────────────────────────────────────────────────────────────────────────

    attachment #2: video (video/webm) ──────────────────────────────────────────────────────────────
    ../../test-results/dual-product-Dual-Product--60df7-splays-both-marketing-pages-chromium/video.webm
    ────────────────────────────────────────────────────────────────────────────────────────────────
]]>
</failure>
<system-out>
<![CDATA[
[[ATTACHMENT|dual-product-Dual-Product--60df7-splays-both-marketing-pages-chromium/test-failed-1.png]]

[[ATTACHMENT|dual-product-Dual-Product--60df7-splays-both-marketing-pages-chromium/video.webm]]
]]>
</system-out>
</testcase>
<testcase name="Dual Product Implementation › displays diagnostic test page" classname="dual-product.spec.ts" time="0.087">
<failure message="dual-product.spec.ts:24:7 displays diagnostic test page" type="FAILURE">
<![CDATA[  [chromium] › dual-product.spec.ts:24:7 › Dual Product Implementation › displays diagnostic test page 

    Error: TESTKIT_TOKEN environment variable is required

       at utils/testkit.ts:289

      287 |     
      288 |     if (!token) {
    > 289 |       throw new Error('TESTKIT_TOKEN environment variable is required');
          |             ^
      290 |     }
      291 |
      292 |     const api = new TestkitAPI(baseURL, token);
        at Object.seedPrograms (/Users/rsternke/Developer/valleyApps/permit-school/web/tests/e2e/utils/testkit.ts:289:13)
        at /Users/rsternke/Developer/valleyApps/permit-school/web/tests/e2e/dual-product.spec.ts:7:19

    attachment #1: screenshot (image/png) ──────────────────────────────────────────────────────────
    ../../test-results/dual-product-Dual-Product--7ef83-splays-diagnostic-test-page-chromium/test-failed-1.png
    ────────────────────────────────────────────────────────────────────────────────────────────────

    attachment #2: video (video/webm) ──────────────────────────────────────────────────────────────
    ../../test-results/dual-product-Dual-Product--7ef83-splays-diagnostic-test-page-chromium/video.webm
    ────────────────────────────────────────────────────────────────────────────────────────────────
]]>
</failure>
<system-out>
<![CDATA[
[[ATTACHMENT|dual-product-Dual-Product--7ef83-splays-diagnostic-test-page-chromium/test-failed-1.png]]

[[ATTACHMENT|dual-product-Dual-Product--7ef83-splays-diagnostic-test-page-chromium/video.webm]]
]]>
</system-out>
</testcase>
<testcase name="Dual Product Implementation › displays mock test page" classname="dual-product.spec.ts" time="0.134">
<failure message="dual-product.spec.ts:31:7 displays mock test page" type="FAILURE">
<![CDATA[  [chromium] › dual-product.spec.ts:31:7 › Dual Product Implementation › displays mock test page ───

    Error: TESTKIT_TOKEN environment variable is required

       at utils/testkit.ts:289

      287 |     
      288 |     if (!token) {
    > 289 |       throw new Error('TESTKIT_TOKEN environment variable is required');
          |             ^
      290 |     }
      291 |
      292 |     const api = new TestkitAPI(baseURL, token);
        at Object.seedPrograms (/Users/rsternke/Developer/valleyApps/permit-school/web/tests/e2e/utils/testkit.ts:289:13)
        at /Users/rsternke/Developer/valleyApps/permit-school/web/tests/e2e/dual-product.spec.ts:7:19

    attachment #1: screenshot (image/png) ──────────────────────────────────────────────────────────
    ../../test-results/dual-product-Dual-Product--9dea9-ion-displays-mock-test-page-chromium/test-failed-1.png
    ────────────────────────────────────────────────────────────────────────────────────────────────

    attachment #2: video (video/webm) ──────────────────────────────────────────────────────────────
    ../../test-results/dual-product-Dual-Product--9dea9-ion-displays-mock-test-page-chromium/video.webm
    ────────────────────────────────────────────────────────────────────────────────────────────────
]]>
</failure>
<system-out>
<![CDATA[
[[ATTACHMENT|dual-product-Dual-Product--9dea9-ion-displays-mock-test-page-chromium/test-failed-1.png]]

[[ATTACHMENT|dual-product-Dual-Product--9dea9-ion-displays-mock-test-page-chromium/video.webm]]
]]>
</system-out>
</testcase>
<testcase name="Dual Product Implementation › displays score report page" classname="dual-product.spec.ts" time="0.08">
<failure message="dual-product.spec.ts:43:7 displays score report page" type="FAILURE">
<![CDATA[  [chromium] › dual-product.spec.ts:43:7 › Dual Product Implementation › displays score report page 

    Error: TESTKIT_TOKEN environment variable is required

       at utils/testkit.ts:289

      287 |     
      288 |     if (!token) {
    > 289 |       throw new Error('TESTKIT_TOKEN environment variable is required');
          |             ^
      290 |     }
      291 |
      292 |     const api = new TestkitAPI(baseURL, token);
        at Object.seedPrograms (/Users/rsternke/Developer/valleyApps/permit-school/web/tests/e2e/utils/testkit.ts:289:13)
        at /Users/rsternke/Developer/valleyApps/permit-school/web/tests/e2e/dual-product.spec.ts:7:19

    attachment #1: screenshot (image/png) ──────────────────────────────────────────────────────────
    ../../test-results/dual-product-Dual-Product--5109f--displays-score-report-page-chromium/test-failed-1.png
    ────────────────────────────────────────────────────────────────────────────────────────────────

    attachment #2: video (video/webm) ──────────────────────────────────────────────────────────────
    ../../test-results/dual-product-Dual-Product--5109f--displays-score-report-page-chromium/video.webm
    ────────────────────────────────────────────────────────────────────────────────────────────────
]]>
</failure>
<system-out>
<![CDATA[
[[ATTACHMENT|dual-product-Dual-Product--5109f--displays-score-report-page-chromium/test-failed-1.png]]

[[ATTACHMENT|dual-product-Dual-Product--5109f--displays-score-report-page-chromium/video.webm]]
]]>
</system-out>
</testcase>
<testcase name="Dual Product Implementation › seeding endpoints work correctly" classname="dual-product.spec.ts" time="0.117">
<failure message="dual-product.spec.ts:53:7 seeding endpoints work correctly" type="FAILURE">
<![CDATA[  [chromium] › dual-product.spec.ts:53:7 › Dual Product Implementation › seeding endpoints work correctly 

    Error: TESTKIT_TOKEN environment variable is required

       at utils/testkit.ts:289

      287 |     
      288 |     if (!token) {
    > 289 |       throw new Error('TESTKIT_TOKEN environment variable is required');
          |             ^
      290 |     }
      291 |
      292 |     const api = new TestkitAPI(baseURL, token);
        at Object.seedPrograms (/Users/rsternke/Developer/valleyApps/permit-school/web/tests/e2e/utils/testkit.ts:289:13)
        at /Users/rsternke/Developer/valleyApps/permit-school/web/tests/e2e/dual-product.spec.ts:7:19

    attachment #1: screenshot (image/png) ──────────────────────────────────────────────────────────
    ../../test-results/dual-product-Dual-Product--6786a-ng-endpoints-work-correctly-chromium/test-failed-1.png
    ────────────────────────────────────────────────────────────────────────────────────────────────

    attachment #2: video (video/webm) ──────────────────────────────────────────────────────────────
    ../../test-results/dual-product-Dual-Product--6786a-ng-endpoints-work-correctly-chromium/video.webm
    ────────────────────────────────────────────────────────────────────────────────────────────────
]]>
</failure>
<system-out>
<![CDATA[
[[ATTACHMENT|dual-product-Dual-Product--6786a-ng-endpoints-work-correctly-chromium/test-failed-1.png]]

[[ATTACHMENT|dual-product-Dual-Product--6786a-ng-endpoints-work-correctly-chromium/video.webm]]
]]>
</system-out>
</testcase>
</testsuite>
<testsuite name="exam-certificate.spec.ts" timestamp="2025-08-19T04:10:05.854Z" hostname="chromium" tests="2" failures="2" skipped="0" time="0.196" errors="0">
<testcase name="Final Exam → Draft Certificate › should complete final exam and create draft certificate" classname="exam-certificate.spec.ts" time="0.119">
<failure message="exam-certificate.spec.ts:5:7 should complete final exam and create draft certificate" type="FAILURE">
<![CDATA[  [chromium] › exam-certificate.spec.ts:5:7 › Final Exam → Draft Certificate › should complete final exam and create draft certificate 

    Error: TESTKIT_TOKEN environment variable is required

       at utils/testkit.ts:240

      238 |   
      239 |   if (!token) {
    > 240 |     throw new Error('TESTKIT_TOKEN environment variable is required');
          |           ^
      241 |   }
      242 |
      243 |   return new TestkitAPI(baseURL, token);
        at getTestkitAPI (/Users/rsternke/Developer/valleyApps/permit-school/web/tests/e2e/utils/testkit.ts:240:11)
        at /Users/rsternke/Developer/valleyApps/permit-school/web/tests/e2e/exam-certificate.spec.ts:6:40

    attachment #1: screenshot (image/png) ──────────────────────────────────────────────────────────
    ../../test-results/exam-certificate-Final-Exa-bc392-nd-create-draft-certificate-chromium/test-failed-1.png
    ────────────────────────────────────────────────────────────────────────────────────────────────

    attachment #2: video (video/webm) ──────────────────────────────────────────────────────────────
    ../../test-results/exam-certificate-Final-Exa-bc392-nd-create-draft-certificate-chromium/video.webm
    ────────────────────────────────────────────────────────────────────────────────────────────────
]]>
</failure>
<system-out>
<![CDATA[
[[ATTACHMENT|exam-certificate-Final-Exa-bc392-nd-create-draft-certificate-chromium/test-failed-1.png]]

[[ATTACHMENT|exam-certificate-Final-Exa-bc392-nd-create-draft-certificate-chromium/video.webm]]
]]>
</system-out>
</testcase>
<testcase name="Final Exam → Draft Certificate › should issue certificate as admin" classname="exam-certificate.spec.ts" time="0.077">
<failure message="exam-certificate.spec.ts:52:7 should issue certificate as admin" type="FAILURE">
<![CDATA[  [chromium] › exam-certificate.spec.ts:52:7 › Final Exam → Draft Certificate › should issue certificate as admin 

    Error: TESTKIT_TOKEN environment variable is required

       at utils/testkit.ts:240

      238 |   
      239 |   if (!token) {
    > 240 |     throw new Error('TESTKIT_TOKEN environment variable is required');
          |           ^
      241 |   }
      242 |
      243 |   return new TestkitAPI(baseURL, token);
        at getTestkitAPI (/Users/rsternke/Developer/valleyApps/permit-school/web/tests/e2e/utils/testkit.ts:240:11)
        at /Users/rsternke/Developer/valleyApps/permit-school/web/tests/e2e/exam-certificate.spec.ts:53:40

    attachment #1: screenshot (image/png) ──────────────────────────────────────────────────────────
    ../../test-results/exam-certificate-Final-Exa-0a02a--issue-certificate-as-admin-chromium/test-failed-1.png
    ────────────────────────────────────────────────────────────────────────────────────────────────

    attachment #2: video (video/webm) ──────────────────────────────────────────────────────────────
    ../../test-results/exam-certificate-Final-Exa-0a02a--issue-certificate-as-admin-chromium/video.webm
    ────────────────────────────────────────────────────────────────────────────────────────────────
]]>
</failure>
<system-out>
<![CDATA[
[[ATTACHMENT|exam-certificate-Final-Exa-0a02a--issue-certificate-as-admin-chromium/test-failed-1.png]]

[[ATTACHMENT|exam-certificate-Final-Exa-0a02a--issue-certificate-as-admin-chromium/video.webm]]
]]>
</system-out>
</testcase>
</testsuite>
<testsuite name="guardian-esign.spec.ts" timestamp="2025-08-19T04:10:05.854Z" hostname="chromium" tests="2" failures="2" skipped="0" time="0.21" errors="0">
<testcase name="Guardian e-sign (Minor) › should complete guardian consent flow" classname="guardian-esign.spec.ts" time="0.113">
<failure message="guardian-esign.spec.ts:5:7 should complete guardian consent flow" type="FAILURE">
<![CDATA[  [chromium] › guardian-esign.spec.ts:5:7 › Guardian e-sign (Minor) › should complete guardian consent flow 

    Error: TESTKIT_TOKEN environment variable is required

       at utils/testkit.ts:240

      238 |   
      239 |   if (!token) {
    > 240 |     throw new Error('TESTKIT_TOKEN environment variable is required');
          |           ^
      241 |   }
      242 |
      243 |   return new TestkitAPI(baseURL, token);
        at getTestkitAPI (/Users/rsternke/Developer/valleyApps/permit-school/web/tests/e2e/utils/testkit.ts:240:11)
        at /Users/rsternke/Developer/valleyApps/permit-school/web/tests/e2e/guardian-esign.spec.ts:6:40

    attachment #1: screenshot (image/png) ──────────────────────────────────────────────────────────
    ../../test-results/guardian-esign-Guardian-e--59983-plete-guardian-consent-flow-chromium/test-failed-1.png
    ────────────────────────────────────────────────────────────────────────────────────────────────

    attachment #2: video (video/webm) ──────────────────────────────────────────────────────────────
    ../../test-results/guardian-esign-Guardian-e--59983-plete-guardian-consent-flow-chromium/video.webm
    ────────────────────────────────────────────────────────────────────────────────────────────────
]]>
</failure>
<system-out>
<![CDATA[
[[ATTACHMENT|guardian-esign-Guardian-e--59983-plete-guardian-consent-flow-chromium/test-failed-1.png]]

[[ATTACHMENT|guardian-esign-Guardian-e--59983-plete-guardian-consent-flow-chromium/video.webm]]
]]>
</system-out>
</testcase>
<testcase name="Guardian e-sign (Minor) › should show consent receipt link" classname="guardian-esign.spec.ts" time="0.097">
<failure message="guardian-esign.spec.ts:47:7 should show consent receipt link" type="FAILURE">
<![CDATA[  [chromium] › guardian-esign.spec.ts:47:7 › Guardian e-sign (Minor) › should show consent receipt link 

    Error: TESTKIT_TOKEN environment variable is required

       at utils/testkit.ts:240

      238 |   
      239 |   if (!token) {
    > 240 |     throw new Error('TESTKIT_TOKEN environment variable is required');
          |           ^
      241 |   }
      242 |
      243 |   return new TestkitAPI(baseURL, token);
        at getTestkitAPI (/Users/rsternke/Developer/valleyApps/permit-school/web/tests/e2e/utils/testkit.ts:240:11)
        at /Users/rsternke/Developer/valleyApps/permit-school/web/tests/e2e/guardian-esign.spec.ts:48:40

    attachment #1: screenshot (image/png) ──────────────────────────────────────────────────────────
    ../../test-results/guardian-esign-Guardian-e--dc301-d-show-consent-receipt-link-chromium/test-failed-1.png
    ────────────────────────────────────────────────────────────────────────────────────────────────

    attachment #2: video (video/webm) ──────────────────────────────────────────────────────────────
    ../../test-results/guardian-esign-Guardian-e--dc301-d-show-consent-receipt-link-chromium/video.webm
    ────────────────────────────────────────────────────────────────────────────────────────────────
]]>
</failure>
<system-out>
<![CDATA[
[[ATTACHMENT|guardian-esign-Guardian-e--dc301-d-show-consent-receipt-link-chromium/test-failed-1.png]]

[[ATTACHMENT|guardian-esign-Guardian-e--dc301-d-show-consent-receipt-link-chromium/video.webm]]
]]>
</system-out>
</testcase>
</testsuite>
<testsuite name="guardian-notifications.spec.ts" timestamp="2025-08-19T04:10:05.854Z" hostname="chromium" tests="3" failures="3" skipped="0" time="0" errors="0">
<testcase name="Guardian Portal &amp; Notifications › guardian can access portal and see linked students" classname="guardian-notifications.spec.ts" time="0">
<failure message="guardian-notifications.spec.ts:20:7 guardian can access portal and see linked students" type="FAILURE">
<![CDATA[  [chromium] › guardian-notifications.spec.ts:20:7 › Guardian Portal & Notifications › guardian can access portal and see linked students 

    TypeError: (0 , _testkit.createTestUser) is not a function

       8 |   test.beforeAll(async () => {
       9 |     // Create test users
    > 10 |     guardianUser = await createTestUser('guardian');
         |                                        ^
      11 |     studentUser = await createTestUser('student');
      12 |   });
      13 |
        at /Users/rsternke/Developer/valleyApps/permit-school/web/tests/e2e/guardian-notifications.spec.ts:10:40

    TypeError: Cannot read properties of undefined (reading 'id')

      14 |   test.afterAll(async () => {
      15 |     // Cleanup test users
    > 16 |     await cleanupTestUser(guardianUser.id);
         |                                        ^
      17 |     await cleanupTestUser(studentUser.id);
      18 |   });
      19 |
        at /Users/rsternke/Developer/valleyApps/permit-school/web/tests/e2e/guardian-notifications.spec.ts:16:40
]]>
</failure>
</testcase>
<testcase name="Guardian Portal &amp; Notifications › notifications bell shows unread count" classname="guardian-notifications.spec.ts" time="0">
<failure message="guardian-notifications.spec.ts:39:7 notifications bell shows unread count" type="FAILURE">
<![CDATA[  [chromium] › guardian-notifications.spec.ts:39:7 › Guardian Portal & Notifications › notifications bell shows unread count 

    TypeError: (0 , _testkit.createTestUser) is not a function

       8 |   test.beforeAll(async () => {
       9 |     // Create test users
    > 10 |     guardianUser = await createTestUser('guardian');
         |                                        ^
      11 |     studentUser = await createTestUser('student');
      12 |   });
      13 |
        at /Users/rsternke/Developer/valleyApps/permit-school/web/tests/e2e/guardian-notifications.spec.ts:10:40

    TypeError: Cannot read properties of undefined (reading 'id')

      14 |   test.afterAll(async () => {
      15 |     // Cleanup test users
    > 16 |     await cleanupTestUser(guardianUser.id);
         |                                        ^
      17 |     await cleanupTestUser(studentUser.id);
      18 |   });
      19 |
        at /Users/rsternke/Developer/valleyApps/permit-school/web/tests/e2e/guardian-notifications.spec.ts:16:40
]]>
</failure>
</testcase>
<testcase name="Guardian Portal &amp; Notifications › notifications page loads correctly" classname="guardian-notifications.spec.ts" time="0">
<failure message="guardian-notifications.spec.ts:59:7 notifications page loads correctly" type="FAILURE">
<![CDATA[  [chromium] › guardian-notifications.spec.ts:59:7 › Guardian Portal & Notifications › notifications page loads correctly 

    TypeError: (0 , _testkit.createTestUser) is not a function

       8 |   test.beforeAll(async () => {
       9 |     // Create test users
    > 10 |     guardianUser = await createTestUser('guardian');
         |                                        ^
      11 |     studentUser = await createTestUser('student');
      12 |   });
      13 |
        at /Users/rsternke/Developer/valleyApps/permit-school/web/tests/e2e/guardian-notifications.spec.ts:10:40

    TypeError: Cannot read properties of undefined (reading 'id')

      14 |   test.afterAll(async () => {
      15 |     // Cleanup test users
    > 16 |     await cleanupTestUser(guardianUser.id);
         |                                        ^
      17 |     await cleanupTestUser(studentUser.id);
      18 |   });
      19 |
        at /Users/rsternke/Developer/valleyApps/permit-school/web/tests/e2e/guardian-notifications.spec.ts:16:40
]]>
</failure>
</testcase>
</testsuite>
<testsuite name="home.spec.ts" timestamp="2025-08-19T04:10:05.854Z" hostname="chromium" tests="7" failures="7" skipped="0" time="37.38" errors="0">
<testcase name="Home Page › renders and CTAs work" classname="home.spec.ts" time="5.32">
<failure message="home.spec.ts:4:7 renders and CTAs work" type="FAILURE">
<![CDATA[  [chromium] › home.spec.ts:4:7 › Home Page › renders and CTAs work ────────────────────────────────

    Error: Timed out 5000ms waiting for expect(locator).toBeVisible()

    Locator: getByRole('heading', { name: /pass your dmv permit test/i })
    Expected: visible
    Received: <element(s) not found>
    Call log:
      - Expect "toBeVisible" with timeout 5000ms
      - waiting for getByRole('heading', { name: /pass your dmv permit test/i })


       9 |     
      10 |     // Check that the main heading is visible
    > 11 |     await expect(page.getByRole('heading', { name: /pass your dmv permit test/i })).toBeVisible();
         |                                                                                     ^
      12 |     
      13 |     // Check that the primary CTA is visible and clickable (use first one)
      14 |     const startCta = page.getByRole('link', { name: /start free practice test/i }).first();
        at /Users/rsternke/Developer/valleyApps/permit-school/web/tests/e2e/home.spec.ts:11:85

    attachment #1: screenshot (image/png) ──────────────────────────────────────────────────────────
    ../../test-results/home-Home-Page-renders-and-CTAs-work-chromium/test-failed-1.png
    ────────────────────────────────────────────────────────────────────────────────────────────────

    attachment #2: video (video/webm) ──────────────────────────────────────────────────────────────
    ../../test-results/home-Home-Page-renders-and-CTAs-work-chromium/video.webm
    ────────────────────────────────────────────────────────────────────────────────────────────────

    Error Context: ../../test-results/home-Home-Page-renders-and-CTAs-work-chromium/error-context.md
]]>
</failure>
<system-out>
<![CDATA[
[[ATTACHMENT|home-Home-Page-renders-and-CTAs-work-chromium/test-failed-1.png]]

[[ATTACHMENT|home-Home-Page-renders-and-CTAs-work-chromium/video.webm]]

[[ATTACHMENT|home-Home-Page-renders-and-CTAs-work-chromium/error-context.md]]
]]>
</system-out>
</testcase>
<testcase name="Home Page › accessibility structure is correct" classname="home.spec.ts" time="5.316">
<failure message="home.spec.ts:24:7 accessibility structure is correct" type="FAILURE">
<![CDATA[  [chromium] › home.spec.ts:24:7 › Home Page › accessibility structure is correct ──────────────────

    Error: Timed out 5000ms waiting for expect(locator).toBeVisible()

    Locator: getByRole('heading', { name: /pass your dmv permit test/i })
    Expected: visible
    Received: <element(s) not found>
    Call log:
      - Expect "toBeVisible" with timeout 5000ms
      - waiting for getByRole('heading', { name: /pass your dmv permit test/i })


      26 |     
      27 |     // Check for proper heading hierarchy
    > 28 |     await expect(page.getByRole('heading', { name: /pass your dmv permit test/i })).toBeVisible();
         |                                                                                     ^
      29 |     
      30 |     // Check for skip link
      31 |     const skipLink = page.getByRole('link', { name: /skip to content/i });
        at /Users/rsternke/Developer/valleyApps/permit-school/web/tests/e2e/home.spec.ts:28:85

    attachment #1: screenshot (image/png) ──────────────────────────────────────────────────────────
    ../../test-results/home-Home-Page-accessibility-structure-is-correct-chromium/test-failed-1.png
    ────────────────────────────────────────────────────────────────────────────────────────────────

    attachment #2: video (video/webm) ──────────────────────────────────────────────────────────────
    ../../test-results/home-Home-Page-accessibility-structure-is-correct-chromium/video.webm
    ────────────────────────────────────────────────────────────────────────────────────────────────

    Error Context: ../../test-results/home-Home-Page-accessibility-structure-is-correct-chromium/error-context.md
]]>
</failure>
<system-out>
<![CDATA[
[[ATTACHMENT|home-Home-Page-accessibility-structure-is-correct-chromium/test-failed-1.png]]

[[ATTACHMENT|home-Home-Page-accessibility-structure-is-correct-chromium/video.webm]]

[[ATTACHMENT|home-Home-Page-accessibility-structure-is-correct-chromium/error-context.md]]
]]>
</system-out>
</testcase>
<testcase name="Home Page › navigation works correctly" classname="home.spec.ts" time="5.327">
<failure message="home.spec.ts:39:7 navigation works correctly" type="FAILURE">
<![CDATA[  [chromium] › home.spec.ts:39:7 › Home Page › navigation works correctly ──────────────────────────

    Error: Timed out 5000ms waiting for expect(locator).toBeVisible()

    Locator: getByRole('link', { name: /features/i }).first()
    Expected: visible
    Received: <element(s) not found>
    Call log:
      - Expect "toBeVisible" with timeout 5000ms
      - waiting for getByRole('link', { name: /features/i }).first()


      44 |     
      45 |     // Check that navigation links are present (use first instance to avoid duplicates)
    > 46 |     await expect(page.getByRole('link', { name: /features/i }).first()).toBeVisible();
         |                                                                         ^
      47 |     await expect(page.getByRole('link', { name: /pricing/i }).first()).toBeVisible();
      48 |     
      49 |     // Check that sign in link works (skip on mobile as it's in drawer)
        at /Users/rsternke/Developer/valleyApps/permit-school/web/tests/e2e/home.spec.ts:46:73

    attachment #1: screenshot (image/png) ──────────────────────────────────────────────────────────
    ../../test-results/home-Home-Page-navigation-works-correctly-chromium/test-failed-1.png
    ────────────────────────────────────────────────────────────────────────────────────────────────

    attachment #2: video (video/webm) ──────────────────────────────────────────────────────────────
    ../../test-results/home-Home-Page-navigation-works-correctly-chromium/video.webm
    ────────────────────────────────────────────────────────────────────────────────────────────────

    Error Context: ../../test-results/home-Home-Page-navigation-works-correctly-chromium/error-context.md
]]>
</failure>
<system-out>
<![CDATA[
[[ATTACHMENT|home-Home-Page-navigation-works-correctly-chromium/test-failed-1.png]]

[[ATTACHMENT|home-Home-Page-navigation-works-correctly-chromium/video.webm]]

[[ATTACHMENT|home-Home-Page-navigation-works-correctly-chromium/error-context.md]]
]]>
</system-out>
</testcase>
<testcase name="Home Page › features section is accessible" classname="home.spec.ts" time="5.361">
<failure message="home.spec.ts:58:7 features section is accessible" type="FAILURE">
<![CDATA[  [chromium] › home.spec.ts:58:7 › Home Page › features section is accessible ──────────────────────

    Error: Timed out 5000ms waiting for expect(locator).toBeVisible()

    Locator: getByRole('heading', { name: /why permit school/i })
    Expected: visible
    Received: <element(s) not found>
    Call log:
      - Expect "toBeVisible" with timeout 5000ms
      - waiting for getByRole('heading', { name: /why permit school/i })


      60 |     
      61 |     // Check that features section is present
    > 62 |     await expect(page.getByRole('heading', { name: /why permit school/i })).toBeVisible();
         |                                                                             ^
      63 |     
      64 |     // Check that feature cards are present (use specific selectors to avoid duplicates)
      65 |     await expect(page.getByRole('heading', { name: 'Realistic questions', exact: true })).toBeVisible();
        at /Users/rsternke/Developer/valleyApps/permit-school/web/tests/e2e/home.spec.ts:62:77

    attachment #1: screenshot (image/png) ──────────────────────────────────────────────────────────
    ../../test-results/home-Home-Page-features-section-is-accessible-chromium/test-failed-1.png
    ────────────────────────────────────────────────────────────────────────────────────────────────

    attachment #2: video (video/webm) ──────────────────────────────────────────────────────────────
    ../../test-results/home-Home-Page-features-section-is-accessible-chromium/video.webm
    ────────────────────────────────────────────────────────────────────────────────────────────────

    Error Context: ../../test-results/home-Home-Page-features-section-is-accessible-chromium/error-context.md
]]>
</failure>
<system-out>
<![CDATA[
[[ATTACHMENT|home-Home-Page-features-section-is-accessible-chromium/test-failed-1.png]]

[[ATTACHMENT|home-Home-Page-features-section-is-accessible-chromium/video.webm]]

[[ATTACHMENT|home-Home-Page-features-section-is-accessible-chromium/error-context.md]]
]]>
</system-out>
</testcase>
<testcase name="Home Page › pricing section is accessible" classname="home.spec.ts" time="5.345">
<failure message="home.spec.ts:70:7 pricing section is accessible" type="FAILURE">
<![CDATA[  [chromium] › home.spec.ts:70:7 › Home Page › pricing section is accessible ───────────────────────

    Error: Timed out 5000ms waiting for expect(locator).toBeVisible()

    Locator: getByRole('heading', { name: /simple, transparent pricing/i })
    Expected: visible
    Received: <element(s) not found>
    Call log:
      - Expect "toBeVisible" with timeout 5000ms
      - waiting for getByRole('heading', { name: /simple, transparent pricing/i })


      72 |     
      73 |     // Check that pricing section is present
    > 74 |     await expect(page.getByRole('heading', { name: /simple, transparent pricing/i })).toBeVisible();
         |                                                                                       ^
      75 |     
      76 |     // Check that pricing tiers are present (use more specific selectors)
      77 |     await expect(page.getByRole('heading', { name: 'Free' })).toBeVisible();
        at /Users/rsternke/Developer/valleyApps/permit-school/web/tests/e2e/home.spec.ts:74:87

    attachment #1: screenshot (image/png) ──────────────────────────────────────────────────────────
    ../../test-results/home-Home-Page-pricing-section-is-accessible-chromium/test-failed-1.png
    ────────────────────────────────────────────────────────────────────────────────────────────────

    attachment #2: video (video/webm) ──────────────────────────────────────────────────────────────
    ../../test-results/home-Home-Page-pricing-section-is-accessible-chromium/video.webm
    ────────────────────────────────────────────────────────────────────────────────────────────────

    Error Context: ../../test-results/home-Home-Page-pricing-section-is-accessible-chromium/error-context.md
]]>
</failure>
<system-out>
<![CDATA[
[[ATTACHMENT|home-Home-Page-pricing-section-is-accessible-chromium/test-failed-1.png]]

[[ATTACHMENT|home-Home-Page-pricing-section-is-accessible-chromium/video.webm]]

[[ATTACHMENT|home-Home-Page-pricing-section-is-accessible-chromium/error-context.md]]
]]>
</system-out>
</testcase>
<testcase name="Home Page › FAQ section is functional" classname="home.spec.ts" time="5.319">
<failure message="home.spec.ts:82:7 FAQ section is functional" type="FAILURE">
<![CDATA[  [chromium] › home.spec.ts:82:7 › Home Page › FAQ section is functional ───────────────────────────

    Error: Timed out 5000ms waiting for expect(locator).toBeVisible()

    Locator: getByRole('heading', { name: /frequently asked questions/i })
    Expected: visible
    Received: <element(s) not found>
    Call log:
      - Expect "toBeVisible" with timeout 5000ms
      - waiting for getByRole('heading', { name: /frequently asked questions/i })


      84 |     
      85 |     // Check that FAQ section is present
    > 86 |     await expect(page.getByRole('heading', { name: /frequently asked questions/i })).toBeVisible();
         |                                                                                      ^
      87 |     
      88 |     // Check that FAQ items are present
      89 |     await expect(page.getByRole('button', { name: /how much does it cost/i })).toBeVisible();
        at /Users/rsternke/Developer/valleyApps/permit-school/web/tests/e2e/home.spec.ts:86:86

    attachment #1: screenshot (image/png) ──────────────────────────────────────────────────────────
    ../../test-results/home-Home-Page-FAQ-section-is-functional-chromium/test-failed-1.png
    ────────────────────────────────────────────────────────────────────────────────────────────────

    attachment #2: video (video/webm) ──────────────────────────────────────────────────────────────
    ../../test-results/home-Home-Page-FAQ-section-is-functional-chromium/video.webm
    ────────────────────────────────────────────────────────────────────────────────────────────────

    Error Context: ../../test-results/home-Home-Page-FAQ-section-is-functional-chromium/error-context.md
]]>
</failure>
<system-out>
<![CDATA[
[[ATTACHMENT|home-Home-Page-FAQ-section-is-functional-chromium/test-failed-1.png]]

[[ATTACHMENT|home-Home-Page-FAQ-section-is-functional-chromium/video.webm]]

[[ATTACHMENT|home-Home-Page-FAQ-section-is-functional-chromium/error-context.md]]
]]>
</system-out>
</testcase>
<testcase name="Home Page › final CTA banner is accessible" classname="home.spec.ts" time="5.392">
<failure message="home.spec.ts:98:7 final CTA banner is accessible" type="FAILURE">
<![CDATA[  [chromium] › home.spec.ts:98:7 › Home Page › final CTA banner is accessible ──────────────────────

    Error: Timed out 5000ms waiting for expect(locator).toBeVisible()

    Locator: getByRole('heading', { name: /ready to ace your permit test/i })
    Expected: visible
    Received: <element(s) not found>
    Call log:
      - Expect "toBeVisible" with timeout 5000ms
      - waiting for getByRole('heading', { name: /ready to ace your permit test/i })


      100 |     
      101 |     // Check that final CTA is present
    > 102 |     await expect(page.getByRole('heading', { name: /ready to ace your permit test/i })).toBeVisible();
          |                                                                                         ^
      103 |     
      104 |     // Check that CTA buttons are present (use first instance to avoid duplicates)
      105 |     await expect(page.getByRole('link', { name: /start free practice test/i }).first()).toBeVisible();
        at /Users/rsternke/Developer/valleyApps/permit-school/web/tests/e2e/home.spec.ts:102:89

    attachment #1: screenshot (image/png) ──────────────────────────────────────────────────────────
    ../../test-results/home-Home-Page-final-CTA-banner-is-accessible-chromium/test-failed-1.png
    ────────────────────────────────────────────────────────────────────────────────────────────────

    attachment #2: video (video/webm) ──────────────────────────────────────────────────────────────
    ../../test-results/home-Home-Page-final-CTA-banner-is-accessible-chromium/video.webm
    ────────────────────────────────────────────────────────────────────────────────────────────────

    Error Context: ../../test-results/home-Home-Page-final-CTA-banner-is-accessible-chromium/error-context.md
]]>
</failure>
<system-out>
<![CDATA[
[[ATTACHMENT|home-Home-Page-final-CTA-banner-is-accessible-chromium/test-failed-1.png]]

[[ATTACHMENT|home-Home-Page-final-CTA-banner-is-accessible-chromium/video.webm]]

[[ATTACHMENT|home-Home-Page-final-CTA-banner-is-accessible-chromium/error-context.md]]
]]>
</system-out>
</testcase>
</testsuite>
<testsuite name="learn-quiz.spec.ts" timestamp="2025-08-19T04:10:05.854Z" hostname="chromium" tests="2" failures="2" skipped="0" time="0.232" errors="0">
<testcase name="Learn → Seat-time Gating → Unit Quiz › should gate quiz behind seat-time requirements" classname="learn-quiz.spec.ts" time="0.115">
<failure message="learn-quiz.spec.ts:5:7 should gate quiz behind seat-time requirements" type="FAILURE">
<![CDATA[  [chromium] › learn-quiz.spec.ts:5:7 › Learn → Seat-time Gating → Unit Quiz › should gate quiz behind seat-time requirements 

    Error: TESTKIT_TOKEN environment variable is required

       at utils/testkit.ts:240

      238 |   
      239 |   if (!token) {
    > 240 |     throw new Error('TESTKIT_TOKEN environment variable is required');
          |           ^
      241 |   }
      242 |
      243 |   return new TestkitAPI(baseURL, token);
        at getTestkitAPI (/Users/rsternke/Developer/valleyApps/permit-school/web/tests/e2e/utils/testkit.ts:240:11)
        at /Users/rsternke/Developer/valleyApps/permit-school/web/tests/e2e/learn-quiz.spec.ts:6:40

    attachment #1: screenshot (image/png) ──────────────────────────────────────────────────────────
    ../../test-results/learn-quiz-Learn-→-Seat-ti-e288f-hind-seat-time-requirements-chromium/test-failed-1.png
    ────────────────────────────────────────────────────────────────────────────────────────────────

    attachment #2: video (video/webm) ──────────────────────────────────────────────────────────────
    ../../test-results/learn-quiz-Learn-→-Seat-ti-e288f-hind-seat-time-requirements-chromium/video.webm
    ────────────────────────────────────────────────────────────────────────────────────────────────
]]>
</failure>
<system-out>
<![CDATA[
[[ATTACHMENT|learn-quiz-Learn-→-Seat-ti-e288f-hind-seat-time-requirements-chromium/test-failed-1.png]]

[[ATTACHMENT|learn-quiz-Learn-→-Seat-ti-e288f-hind-seat-time-requirements-chromium/video.webm]]
]]>
</system-out>
</testcase>
<testcase name="Learn → Seat-time Gating → Unit Quiz › should enable quiz after sufficient seat-time" classname="learn-quiz.spec.ts" time="0.117">
<failure message="learn-quiz.spec.ts:33:7 should enable quiz after sufficient seat-time" type="FAILURE">
<![CDATA[  [chromium] › learn-quiz.spec.ts:33:7 › Learn → Seat-time Gating → Unit Quiz › should enable quiz after sufficient seat-time 

    Error: TESTKIT_TOKEN environment variable is required

       at utils/testkit.ts:240

      238 |   
      239 |   if (!token) {
    > 240 |     throw new Error('TESTKIT_TOKEN environment variable is required');
          |           ^
      241 |   }
      242 |
      243 |   return new TestkitAPI(baseURL, token);
        at getTestkitAPI (/Users/rsternke/Developer/valleyApps/permit-school/web/tests/e2e/utils/testkit.ts:240:11)
        at /Users/rsternke/Developer/valleyApps/permit-school/web/tests/e2e/learn-quiz.spec.ts:34:40

    attachment #1: screenshot (image/png) ──────────────────────────────────────────────────────────
    ../../test-results/learn-quiz-Learn-→-Seat-ti-b68ae--after-sufficient-seat-time-chromium/test-failed-1.png
    ────────────────────────────────────────────────────────────────────────────────────────────────

    attachment #2: video (video/webm) ──────────────────────────────────────────────────────────────
    ../../test-results/learn-quiz-Learn-→-Seat-ti-b68ae--after-sufficient-seat-time-chromium/video.webm
    ────────────────────────────────────────────────────────────────────────────────────────────────
]]>
</failure>
<system-out>
<![CDATA[
[[ATTACHMENT|learn-quiz-Learn-→-Seat-ti-b68ae--after-sufficient-seat-time-chromium/test-failed-1.png]]

[[ATTACHMENT|learn-quiz-Learn-→-Seat-ti-b68ae--after-sufficient-seat-time-chromium/video.webm]]
]]>
</system-out>
</testcase>
</testsuite>
<testsuite name="learner-features.spec.ts" timestamp="2025-08-19T04:10:05.854Z" hostname="chromium" tests="14" failures="2" skipped="5" time="12.549" errors="0">
<testcase name="Learner Features &amp; Learning Experience › should display modern learn page with engagement tracking" classname="learner-features.spec.ts" time="0.177">
</testcase>
<testcase name="Learner Features &amp; Learning Experience › should display modern quiz player with accessibility features" classname="learner-features.spec.ts" time="0.191">
</testcase>
<testcase name="Learner Features &amp; Learning Experience › should display modern exam player with advanced features" classname="learner-features.spec.ts" time="0.237">
</testcase>
<testcase name="Learner Features &amp; Learning Experience › should handle keyboard navigation in quiz" classname="learner-features.spec.ts" time="0.094">
<properties>
<property name="skip" value="">
</property>
</properties>
<skipped>
</skipped>
</testcase>
<testcase name="Learner Features &amp; Learning Experience › should handle keyboard navigation in exam" classname="learner-features.spec.ts" time="0.095">
<properties>
<property name="skip" value="">
</property>
</properties>
<skipped>
</skipped>
</testcase>
<testcase name="Learner Features &amp; Learning Experience › should display resume helper on dashboard" classname="learner-features.spec.ts" time="0.223">
</testcase>
<testcase name="Learner Features &amp; Learning Experience › should display AppBar with resume CTA" classname="learner-features.spec.ts" time="5.209">
<failure message="learner-features.spec.ts:74:7 should display AppBar with resume CTA" type="FAILURE">
<![CDATA[  [chromium] › learner-features.spec.ts:74:7 › Learner Features & Learning Experience › should display AppBar with resume CTA 

    Error: Timed out 5000ms waiting for expect(locator).toBeVisible()

    Locator: locator('h6:has-text("Permit School")').first()
    Expected: visible
    Received: <element(s) not found>
    Call log:
      - Expect "toBeVisible" with timeout 5000ms
      - waiting for locator('h6:has-text("Permit School")').first()


      77 |     // Check for AppBar (which should be present on all pages)
      78 |     // Use first() to avoid multiple matches
    > 79 |     await expect(page.locator('h6:has-text("Permit School")').first()).toBeVisible();
         |                                                                        ^
      80 |   });
      81 |
      82 |   test('should handle mobile navigation', async ({ page }) => {
        at /Users/rsternke/Developer/valleyApps/permit-school/web/tests/e2e/learner-features.spec.ts:79:72

    attachment #1: screenshot (image/png) ──────────────────────────────────────────────────────────
    ../../test-results/learner-features-Learner-F-54e82-play-AppBar-with-resume-CTA-chromium/test-failed-1.png
    ────────────────────────────────────────────────────────────────────────────────────────────────

    attachment #2: video (video/webm) ──────────────────────────────────────────────────────────────
    ../../test-results/learner-features-Learner-F-54e82-play-AppBar-with-resume-CTA-chromium/video.webm
    ────────────────────────────────────────────────────────────────────────────────────────────────

    Error Context: ../../test-results/learner-features-Learner-F-54e82-play-AppBar-with-resume-CTA-chromium/error-context.md
]]>
</failure>
<system-out>
<![CDATA[
[[ATTACHMENT|learner-features-Learner-F-54e82-play-AppBar-with-resume-CTA-chromium/test-failed-1.png]]

[[ATTACHMENT|learner-features-Learner-F-54e82-play-AppBar-with-resume-CTA-chromium/video.webm]]

[[ATTACHMENT|learner-features-Learner-F-54e82-play-AppBar-with-resume-CTA-chromium/error-context.md]]
]]>
</system-out>
</testcase>
<testcase name="Learner Features &amp; Learning Experience › should handle mobile navigation" classname="learner-features.spec.ts" time="5.326">
<failure message="learner-features.spec.ts:82:7 should handle mobile navigation" type="FAILURE">
<![CDATA[  [chromium] › learner-features.spec.ts:82:7 › Learner Features & Learning Experience › should handle mobile navigation 

    Error: Timed out 5000ms waiting for expect(locator).toBeVisible()

    Locator: locator('h6:has-text("Permit School")').first()
    Expected: visible
    Received: hidden
    Call log:
      - Expect "toBeVisible" with timeout 5000ms
      - waiting for locator('h6:has-text("Permit School")').first()
        9 × locator resolved to <h6 class="MuiTypography-root MuiTypography-h6 mui-1eagat1">Permit School</h6>
          - unexpected value "hidden"


      87 |     
      88 |     // Check for AppBar (which should be present on all pages)
    > 89 |     await expect(page.locator('h6:has-text("Permit School")').first()).toBeVisible();
         |                                                                        ^
      90 |   });
      91 |
      92 |   test('should handle reduced motion preferences', async ({ page }) => {
        at /Users/rsternke/Developer/valleyApps/permit-school/web/tests/e2e/learner-features.spec.ts:89:72

    attachment #1: screenshot (image/png) ──────────────────────────────────────────────────────────
    ../../test-results/learner-features-Learner-F-23125-ld-handle-mobile-navigation-chromium/test-failed-1.png
    ────────────────────────────────────────────────────────────────────────────────────────────────

    attachment #2: video (video/webm) ──────────────────────────────────────────────────────────────
    ../../test-results/learner-features-Learner-F-23125-ld-handle-mobile-navigation-chromium/video.webm
    ────────────────────────────────────────────────────────────────────────────────────────────────

    Error Context: ../../test-results/learner-features-Learner-F-23125-ld-handle-mobile-navigation-chromium/error-context.md
]]>
</failure>
<system-out>
<![CDATA[
[[ATTACHMENT|learner-features-Learner-F-23125-ld-handle-mobile-navigation-chromium/test-failed-1.png]]

[[ATTACHMENT|learner-features-Learner-F-23125-ld-handle-mobile-navigation-chromium/video.webm]]

[[ATTACHMENT|learner-features-Learner-F-23125-ld-handle-mobile-navigation-chromium/error-context.md]]
]]>
</system-out>
</testcase>
<testcase name="Learner Features &amp; Learning Experience › should handle reduced motion preferences" classname="learner-features.spec.ts" time="0.086">
<properties>
<property name="skip" value="">
</property>
</properties>
<skipped>
</skipped>
</testcase>
<testcase name="Learner Features &amp; Learning Experience › should handle engagement tracking" classname="learner-features.spec.ts" time="0.315">
</testcase>
<testcase name="Learner Features &amp; Learning Experience › should handle accessibility features" classname="learner-features.spec.ts" time="0.072">
<properties>
<property name="skip" value="">
</property>
</properties>
<skipped>
</skipped>
</testcase>
<testcase name="Learner Features &amp; Learning Experience › should handle responsive design" classname="learner-features.spec.ts" time="0.285">
</testcase>
<testcase name="Learner Features &amp; Learning Experience › should handle error states gracefully" classname="learner-features.spec.ts" time="0.161">
</testcase>
<testcase name="Learner Features &amp; Learning Experience › should handle loading states" classname="learner-features.spec.ts" time="0.078">
<properties>
<property name="skip" value="">
</property>
</properties>
<skipped>
</skipped>
</testcase>
</testsuite>
<testsuite name="offline-review.spec.ts" timestamp="2025-08-19T04:10:05.854Z" hostname="chromium" tests="4" failures="3" skipped="0" time="24.765" errors="0">
<testcase name="Offline Review Kit › should work completely offline with local Supabase" classname="offline-review.spec.ts" time="7.049">
<failure message="offline-review.spec.ts:22:7 should work completely offline with local Supabase" type="FAILURE">
<![CDATA[  [chromium] › offline-review.spec.ts:22:7 › Offline Review Kit › should work completely offline with local Supabase 

    Error: Timed out 5000ms waiting for expect(locator).toBeVisible()

    Locator: locator('text=OFFLINE')
    Expected: visible
    Received: <element(s) not found>
    Call log:
      - Expect "toBeVisible" with timeout 5000ms
      - waiting for locator('text=OFFLINE')
        - waiting for" http://localhost:3000/en" navigation to finish...
        - navigated to "http://localhost:3000/en"


      25 |     
      26 |     // Verify offline mode indicator is present
    > 27 |     await expect(page.locator('text=OFFLINE')).toBeVisible();
         |                                                ^
      28 |     
      29 |     // Test login with offline test user
      30 |     await page.click('text=Sign In');
        at /Users/rsternke/Developer/valleyApps/permit-school/web/tests/e2e/offline-review.spec.ts:27:48

    attachment #1: screenshot (image/png) ──────────────────────────────────────────────────────────
    ../../test-results/offline-review-Offline-Rev-96e97-offline-with-local-Supabase-chromium/test-failed-1.png
    ────────────────────────────────────────────────────────────────────────────────────────────────

    attachment #2: video (video/webm) ──────────────────────────────────────────────────────────────
    ../../test-results/offline-review-Offline-Rev-96e97-offline-with-local-Supabase-chromium/video.webm
    ────────────────────────────────────────────────────────────────────────────────────────────────

    Error Context: ../../test-results/offline-review-Offline-Rev-96e97-offline-with-local-Supabase-chromium/error-context.md
]]>
</failure>
<system-out>
<![CDATA[
[[ATTACHMENT|offline-review-Offline-Rev-96e97-offline-with-local-Supabase-chromium/test-failed-1.png]]

[[ATTACHMENT|offline-review-Offline-Rev-96e97-offline-with-local-Supabase-chromium/video.webm]]

[[ATTACHMENT|offline-review-Offline-Rev-96e97-offline-with-local-Supabase-chromium/error-context.md]]
]]>
</system-out>
</testcase>
<testcase name="Offline Review Kit › should show offline mode indicators" classname="offline-review.spec.ts" time="6.982">
<failure message="offline-review.spec.ts:116:7 should show offline mode indicators" type="FAILURE">
<![CDATA[  [chromium] › offline-review.spec.ts:116:7 › Offline Review Kit › should show offline mode indicators 

    Error: Timed out 5000ms waiting for expect(locator).toBeVisible()

    Locator: locator('text=OFFLINE')
    Expected: visible
    Received: <element(s) not found>
    Call log:
      - Expect "toBeVisible" with timeout 5000ms
      - waiting for locator('text=OFFLINE')
        - waiting for" http://localhost:3000/en" navigation to finish...
        - navigated to "http://localhost:3000/en"


      118 |     
      119 |     // Check for offline badge in AppBar
    > 120 |     await expect(page.locator('text=OFFLINE')).toBeVisible();
          |                                                ^
      121 |     
      122 |     // Check console for offline mode logs
      123 |     const logs: string[] = [];
        at /Users/rsternke/Developer/valleyApps/permit-school/web/tests/e2e/offline-review.spec.ts:120:48

    attachment #1: screenshot (image/png) ──────────────────────────────────────────────────────────
    ../../test-results/offline-review-Offline-Rev-7e01d-how-offline-mode-indicators-chromium/test-failed-1.png
    ────────────────────────────────────────────────────────────────────────────────────────────────

    attachment #2: video (video/webm) ──────────────────────────────────────────────────────────────
    ../../test-results/offline-review-Offline-Rev-7e01d-how-offline-mode-indicators-chromium/video.webm
    ────────────────────────────────────────────────────────────────────────────────────────────────

    Error Context: ../../test-results/offline-review-Offline-Rev-7e01d-how-offline-mode-indicators-chromium/error-context.md
]]>
</failure>
<system-out>
<![CDATA[
[[ATTACHMENT|offline-review-Offline-Rev-7e01d-how-offline-mode-indicators-chromium/test-failed-1.png]]

[...]
    ../../test-results/home-Home-Page-final-CTA-banner-is-accessible-Mobile-Safari/video.webm
    ────────────────────────────────────────────────────────────────────────────────────────────────

    Error Context: ../../test-results/home-Home-Page-final-CTA-banner-is-accessible-Mobile-Safari/error-context.md
]]>
</failure>
<system-out>
<![CDATA[
[[ATTACHMENT|home-Home-Page-final-CTA-banner-is-accessible-Mobile-Safari/test-failed-1.png]]

[[ATTACHMENT|home-Home-Page-final-CTA-banner-is-accessible-Mobile-Safari/video.webm]]

[[ATTACHMENT|home-Home-Page-final-CTA-banner-is-accessible-Mobile-Safari/error-context.md]]
]]>
</system-out>
</testcase>
</testsuite>
<testsuite name="learn-quiz.spec.ts" timestamp="2025-08-19T04:10:05.854Z" hostname="Mobile Safari" tests="2" failures="2" skipped="0" time="0.557" errors="0">
<testcase name="Learn → Seat-time Gating → Unit Quiz › should gate quiz behind seat-time requirements" classname="learn-quiz.spec.ts" time="0.246">
<failure message="learn-quiz.spec.ts:5:7 should gate quiz behind seat-time requirements" type="FAILURE">
<![CDATA[  [Mobile Safari] › learn-quiz.spec.ts:5:7 › Learn → Seat-time Gating → Unit Quiz › should gate quiz behind seat-time requirements 

    Error: TESTKIT_TOKEN environment variable is required

       at utils/testkit.ts:240

      238 |   
      239 |   if (!token) {
    > 240 |     throw new Error('TESTKIT_TOKEN environment variable is required');
          |           ^
      241 |   }
      242 |
      243 |   return new TestkitAPI(baseURL, token);
        at getTestkitAPI (/Users/rsternke/Developer/valleyApps/permit-school/web/tests/e2e/utils/testkit.ts:240:11)
        at /Users/rsternke/Developer/valleyApps/permit-school/web/tests/e2e/learn-quiz.spec.ts:6:40

    attachment #1: screenshot (image/png) ──────────────────────────────────────────────────────────
    ../../test-results/learn-quiz-Learn-→-Seat-ti-e288f-hind-seat-time-requirements-Mobile-Safari/test-failed-1.png
    ────────────────────────────────────────────────────────────────────────────────────────────────

    attachment #2: video (video/webm) ──────────────────────────────────────────────────────────────
    ../../test-results/learn-quiz-Learn-→-Seat-ti-e288f-hind-seat-time-requirements-Mobile-Safari/video.webm
    ────────────────────────────────────────────────────────────────────────────────────────────────
]]>
</failure>
<system-out>
<![CDATA[
[[ATTACHMENT|learn-quiz-Learn-→-Seat-ti-e288f-hind-seat-time-requirements-Mobile-Safari/test-failed-1.png]]

[[ATTACHMENT|learn-quiz-Learn-→-Seat-ti-e288f-hind-seat-time-requirements-Mobile-Safari/video.webm]]
]]>
</system-out>
</testcase>
<testcase name="Learn → Seat-time Gating → Unit Quiz › should enable quiz after sufficient seat-time" classname="learn-quiz.spec.ts" time="0.311">
<failure message="learn-quiz.spec.ts:33:7 should enable quiz after sufficient seat-time" type="FAILURE">
<![CDATA[  [Mobile Safari] › learn-quiz.spec.ts:33:7 › Learn → Seat-time Gating → Unit Quiz › should enable quiz after sufficient seat-time 

    Error: TESTKIT_TOKEN environment variable is required

       at utils/testkit.ts:240

      238 |   
      239 |   if (!token) {
    > 240 |     throw new Error('TESTKIT_TOKEN environment variable is required');
          |           ^
      241 |   }
      242 |
      243 |   return new TestkitAPI(baseURL, token);
        at getTestkitAPI (/Users/rsternke/Developer/valleyApps/permit-school/web/tests/e2e/utils/testkit.ts:240:11)
        at /Users/rsternke/Developer/valleyApps/permit-school/web/tests/e2e/learn-quiz.spec.ts:34:40

    attachment #1: screenshot (image/png) ──────────────────────────────────────────────────────────
    ../../test-results/learn-quiz-Learn-→-Seat-ti-b68ae--after-sufficient-seat-time-Mobile-Safari/test-failed-1.png
    ────────────────────────────────────────────────────────────────────────────────────────────────

    attachment #2: video (video/webm) ──────────────────────────────────────────────────────────────
    ../../test-results/learn-quiz-Learn-→-Seat-ti-b68ae--after-sufficient-seat-time-Mobile-Safari/video.webm
    ────────────────────────────────────────────────────────────────────────────────────────────────
]]>
</failure>
<system-out>
<![CDATA[
[[ATTACHMENT|learn-quiz-Learn-→-Seat-ti-b68ae--after-sufficient-seat-time-Mobile-Safari/test-failed-1.png]]

[[ATTACHMENT|learn-quiz-Learn-→-Seat-ti-b68ae--after-sufficient-seat-time-Mobile-Safari/video.webm]]
]]>
</system-out>
</testcase>
</testsuite>
<testsuite name="learner-features.spec.ts" timestamp="2025-08-19T04:10:05.854Z" hostname="Mobile Safari" tests="14" failures="2" skipped="5" time="15.11" errors="0">
<testcase name="Learner Features &amp; Learning Experience › should display modern learn page with engagement tracking" classname="learner-features.spec.ts" time="0.443">
</testcase>
<testcase name="Learner Features &amp; Learning Experience › should display modern quiz player with accessibility features" classname="learner-features.spec.ts" time="0.471">
</testcase>
<testcase name="Learner Features &amp; Learning Experience › should display modern exam player with advanced features" classname="learner-features.spec.ts" time="0.518">
</testcase>
<testcase name="Learner Features &amp; Learning Experience › should handle keyboard navigation in quiz" classname="learner-features.spec.ts" time="0.311">
<properties>
<property name="skip" value="">
</property>
</properties>
<skipped>
</skipped>
</testcase>
<testcase name="Learner Features &amp; Learning Experience › should handle keyboard navigation in exam" classname="learner-features.spec.ts" time="0.282">
<properties>
<property name="skip" value="">
</property>
</properties>
<skipped>
</skipped>
</testcase>
<testcase name="Learner Features &amp; Learning Experience › should display resume helper on dashboard" classname="learner-features.spec.ts" time="0.461">
</testcase>
<testcase name="Learner Features &amp; Learning Experience › should display AppBar with resume CTA" classname="learner-features.spec.ts" time="5.335">
<failure message="learner-features.spec.ts:74:7 should display AppBar with resume CTA" type="FAILURE">
<![CDATA[  [Mobile Safari] › learner-features.spec.ts:74:7 › Learner Features & Learning Experience › should display AppBar with resume CTA 

    Error: Timed out 5000ms waiting for expect(locator).toBeVisible()

    Locator: locator('h6:has-text("Permit School")').first()
    Expected: visible
    Received: <element(s) not found>
    Call log:
      - Expect "toBeVisible" with timeout 5000ms
      - waiting for locator('h6:has-text("Permit School")').first()


      77 |     // Check for AppBar (which should be present on all pages)
      78 |     // Use first() to avoid multiple matches
    > 79 |     await expect(page.locator('h6:has-text("Permit School")').first()).toBeVisible();
         |                                                                        ^
      80 |   });
      81 |
      82 |   test('should handle mobile navigation', async ({ page }) => {
        at /Users/rsternke/Developer/valleyApps/permit-school/web/tests/e2e/learner-features.spec.ts:79:72

    attachment #1: screenshot (image/png) ──────────────────────────────────────────────────────────
    ../../test-results/learner-features-Learner-F-54e82-play-AppBar-with-resume-CTA-Mobile-Safari/test-failed-1.png
    ────────────────────────────────────────────────────────────────────────────────────────────────

    attachment #2: video (video/webm) ──────────────────────────────────────────────────────────────
    ../../test-results/learner-features-Learner-F-54e82-play-AppBar-with-resume-CTA-Mobile-Safari/video.webm
    ────────────────────────────────────────────────────────────────────────────────────────────────

    Error Context: ../../test-results/learner-features-Learner-F-54e82-play-AppBar-with-resume-CTA-Mobile-Safari/error-context.md
]]>
</failure>
<system-out>
<![CDATA[
[[ATTACHMENT|learner-features-Learner-F-54e82-play-AppBar-with-resume-CTA-Mobile-Safari/test-failed-1.png]]

[[ATTACHMENT|learner-features-Learner-F-54e82-play-AppBar-with-resume-CTA-Mobile-Safari/video.webm]]

[[ATTACHMENT|learner-features-Learner-F-54e82-play-AppBar-with-resume-CTA-Mobile-Safari/error-context.md]]
]]>
</system-out>
</testcase>
<testcase name="Learner Features &amp; Learning Experience › should handle mobile navigation" classname="learner-features.spec.ts" time="5.503">
<failure message="learner-features.spec.ts:82:7 should handle mobile navigation" type="FAILURE">
<![CDATA[  [Mobile Safari] › learner-features.spec.ts:82:7 › Learner Features & Learning Experience › should handle mobile navigation 

    Error: Timed out 5000ms waiting for expect(locator).toBeVisible()

    Locator: locator('h6:has-text("Permit School")').first()
    Expected: visible
    Received: hidden
    Call log:
      - Expect "toBeVisible" with timeout 5000ms
      - waiting for locator('h6:has-text("Permit School")').first()
        8 × locator resolved to <h6 class="MuiTypography-root MuiTypography-h6 mui-1eagat1">Permit School</h6>
          - unexpected value "hidden"


      87 |     
      88 |     // Check for AppBar (which should be present on all pages)
    > 89 |     await expect(page.locator('h6:has-text("Permit School")').first()).toBeVisible();
         |                                                                        ^
      90 |   });
      91 |
      92 |   test('should handle reduced motion preferences', async ({ page }) => {
        at /Users/rsternke/Developer/valleyApps/permit-school/web/tests/e2e/learner-features.spec.ts:89:72

    attachment #1: screenshot (image/png) ──────────────────────────────────────────────────────────
    ../../test-results/learner-features-Learner-F-23125-ld-handle-mobile-navigation-Mobile-Safari/test-failed-1.png
    ────────────────────────────────────────────────────────────────────────────────────────────────

    attachment #2: video (video/webm) ──────────────────────────────────────────────────────────────
    ../../test-results/learner-features-Learner-F-23125-ld-handle-mobile-navigation-Mobile-Safari/video.webm
    ────────────────────────────────────────────────────────────────────────────────────────────────

    Error Context: ../../test-results/learner-features-Learner-F-23125-ld-handle-mobile-navigation-Mobile-Safari/error-context.md
]]>
</failure>
<system-out>
<![CDATA[
[[ATTACHMENT|learner-features-Learner-F-23125-ld-handle-mobile-navigation-Mobile-Safari/test-failed-1.png]]

[[ATTACHMENT|learner-features-Learner-F-23125-ld-handle-mobile-navigation-Mobile-Safari/video.webm]]

[[ATTACHMENT|learner-features-Learner-F-23125-ld-handle-mobile-navigation-Mobile-Safari/error-context.md]]
]]>
</system-out>
</testcase>
<testcase name="Learner Features &amp; Learning Experience › should handle reduced motion preferences" classname="learner-features.spec.ts" time="0.155">
<properties>
<property name="skip" value="">
</property>
</properties>
<skipped>
</skipped>
</testcase>
<testcase name="Learner Features &amp; Learning Experience › should handle engagement tracking" classname="learner-features.spec.ts" time="0.56">
</testcase>
<testcase name="Learner Features &amp; Learning Experience › should handle accessibility features" classname="learner-features.spec.ts" time="0.135">
<properties>
<property name="skip" value="">
</property>
</properties>
<skipped>
</skipped>
</testcase>
<testcase name="Learner Features &amp; Learning Experience › should handle responsive design" classname="learner-features.spec.ts" time="0.542">
</testcase>
<testcase name="Learner Features &amp; Learning Experience › should handle error states gracefully" classname="learner-features.spec.ts" time="0.271">
</testcase>
<testcase name="Learner Features &amp; Learning Experience › should handle loading states" classname="learner-features.spec.ts" time="0.123">
<properties>
<property name="skip" value="">
</property>
</properties>
<skipped>
</skipped>
</testcase>
</testsuite>
<testsuite name="offline-review.spec.ts" timestamp="2025-08-19T04:10:05.854Z" hostname="Mobile Safari" tests="4" failures="3" skipped="0" time="19.028" errors="0">
<testcase name="Offline Review Kit › should work completely offline with local Supabase" classname="offline-review.spec.ts" time="5.553">
<failure message="offline-review.spec.ts:22:7 should work completely offline with local Supabase" type="FAILURE">
<![CDATA[  [Mobile Safari] › offline-review.spec.ts:22:7 › Offline Review Kit › should work completely offline with local Supabase 

    Error: Timed out 5000ms waiting for expect(locator).toBeVisible()

    Locator: locator('text=OFFLINE')
    Expected: visible
    Received: <element(s) not found>
    Call log:
      - Expect "toBeVisible" with timeout 5000ms
      - waiting for locator('text=OFFLINE')


      25 |     
      26 |     // Verify offline mode indicator is present
    > 27 |     await expect(page.locator('text=OFFLINE')).toBeVisible();
         |                                                ^
      28 |     
      29 |     // Test login with offline test user
      30 |     await page.click('text=Sign In');
        at /Users/rsternke/Developer/valleyApps/permit-school/web/tests/e2e/offline-review.spec.ts:27:48

    attachment #1: screenshot (image/png) ──────────────────────────────────────────────────────────
    ../../test-results/offline-review-Offline-Rev-96e97-offline-with-local-Supabase-Mobile-Safari/test-failed-1.png
    ────────────────────────────────────────────────────────────────────────────────────────────────

    attachment #2: video (video/webm) ──────────────────────────────────────────────────────────────
    ../../test-results/offline-review-Offline-Rev-96e97-offline-with-local-Supabase-Mobile-Safari/video.webm
    ────────────────────────────────────────────────────────────────────────────────────────────────

    Error Context: ../../test-results/offline-review-Offline-Rev-96e97-offline-with-local-Supabase-Mobile-Safari/error-context.md
]]>
</failure>
<system-out>
<![CDATA[
[[ATTACHMENT|offline-review-Offline-Rev-96e97-offline-with-local-Supabase-Mobile-Safari/test-failed-1.png]]

[[ATTACHMENT|offline-review-Offline-Rev-96e97-offline-with-local-Supabase-Mobile-Safari/video.webm]]

[[ATTACHMENT|offline-review-Offline-Rev-96e97-offline-with-local-Supabase-Mobile-Safari/error-context.md]]
]]>
</system-out>
</testcase>
<testcase name="Offline Review Kit › should show offline mode indicators" classname="offline-review.spec.ts" time="5.489">
<failure message="offline-review.spec.ts:116:7 should show offline mode indicators" type="FAILURE">
<![CDATA[  [Mobile Safari] › offline-review.spec.ts:116:7 › Offline Review Kit › should show offline mode indicators 

    Error: Timed out 5000ms waiting for expect(locator).toBeVisible()

    Locator: locator('text=OFFLINE')
    Expected: visible
    Received: <element(s) not found>
    Call log:
      - Expect "toBeVisible" with timeout 5000ms
      - waiting for locator('text=OFFLINE')


      118 |     
      119 |     // Check for offline badge in AppBar
    > 120 |     await expect(page.locator('text=OFFLINE')).toBeVisible();
          |                                                ^
      121 |     
      122 |     // Check console for offline mode logs
      123 |     const logs: string[] = [];
        at /Users/rsternke/Developer/valleyApps/permit-school/web/tests/e2e/offline-review.spec.ts:120:48

    attachment #1: screenshot (image/png) ──────────────────────────────────────────────────────────
    ../../test-results/offline-review-Offline-Rev-7e01d-how-offline-mode-indicators-Mobile-Safari/test-failed-1.png
    ────────────────────────────────────────────────────────────────────────────────────────────────

    attachment #2: video (video/webm) ──────────────────────────────────────────────────────────────
    ../../test-results/offline-review-Offline-Rev-7e01d-how-offline-mode-indicators-Mobile-Safari/video.webm
    ────────────────────────────────────────────────────────────────────────────────────────────────

    Error Context: ../../test-results/offline-review-Offline-Rev-7e01d-how-offline-mode-indicators-Mobile-Safari/error-context.md
]]>
</failure>
<system-out>
<![CDATA[
[[ATTACHMENT|offline-review-Offline-Rev-7e01d-how-offline-mode-indicators-Mobile-Safari/test-failed-1.png]]

[[ATTACHMENT|offline-review-Offline-Rev-7e01d-how-offline-mode-indicators-Mobile-Safari/video.webm]]

[[ATTACHMENT|offline-review-Offline-Rev-7e01d-how-offline-mode-indicators-Mobile-Safari/error-context.md]]
]]>
</system-out>
</testcase>
<testcase name="Offline Review Kit › should disable external services in offline mode" classname="offline-review.spec.ts" time="2.45">
</testcase>
<testcase name="Offline Review Kit › should handle offline mode gracefully" classname="offline-review.spec.ts" time="5.536">
<failure message="offline-review.spec.ts:162:7 should handle offline mode gracefully" type="FAILURE">
<![CDATA[  [Mobile Safari] › offline-review.spec.ts:162:7 › Offline Review Kit › should handle offline mode gracefully 

    Error: Timed out 5000ms waiting for expect(locator).toBeVisible()

    Locator: locator('text=Permit School')
    Expected: visible
    Received: <element(s) not found>
    Call log:
      - Expect "toBeVisible" with timeout 5000ms
      - waiting for locator('text=Permit School')


      165 |     
      166 |     // Verify core functionality works
    > 167 |     await expect(page.locator('text=Permit School')).toBeVisible();
          |                                                      ^
      168 |     
      169 |     // Test navigation
      170 |     await page.click('text=Sign In');
        at /Users/rsternke/Developer/valleyApps/permit-school/web/tests/e2e/offline-review.spec.ts:167:54

    attachment #1: screenshot (image/png) ──────────────────────────────────────────────────────────
    ../../test-results/offline-review-Offline-Rev-8e32e-dle-offline-mode-gracefully-Mobile-Safari/test-failed-1.png
    ────────────────────────────────────────────────────────────────────────────────────────────────

    attachment #2: video (video/webm) ──────────────────────────────────────────────────────────────
    ../../test-results/offline-review-Offline-Rev-8e32e-dle-offline-mode-gracefully-Mobile-Safari/video.webm
    ────────────────────────────────────────────────────────────────────────────────────────────────

    Error Context: ../../test-results/offline-review-Offline-Rev-8e32e-dle-offline-mode-gracefully-Mobile-Safari/error-context.md
]]>
</failure>
<system-out>
<![CDATA[
[[ATTACHMENT|offline-review-Offline-Rev-8e32e-dle-offline-mode-gracefully-Mobile-Safari/test-failed-1.png]]

[[ATTACHMENT|offline-review-Offline-Rev-8e32e-dle-offline-mode-gracefully-Mobile-Safari/video.webm]]

[[ATTACHMENT|offline-review-Offline-Rev-8e32e-dle-offline-mode-gracefully-Mobile-Safari/error-context.md]]
]]>
</system-out>
</testcase>
</testsuite>
<testsuite name="regulatory-reporting.spec.ts" timestamp="2025-08-19T04:10:05.854Z" hostname="Mobile Safari" tests="5" failures="0" skipped="0" time="1.233" errors="0">
<testcase name="Regulatory Reporting › should display admin reports page" classname="regulatory-reporting.spec.ts" time="0.341">
</testcase>
<testcase name="Regulatory Reporting › should show course selectors when authenticated" classname="regulatory-reporting.spec.ts" time="0.234">
</testcase>
<testcase name="Regulatory Reporting › should display syllabus PDF generation option when authenticated" classname="regulatory-reporting.spec.ts" time="0.212">
</testcase>
<testcase name="Regulatory Reporting › should display evidence CSV generation option when authenticated" classname="regulatory-reporting.spec.ts" time="0.231">
</testcase>
<testcase name="Regulatory Reporting › should have proper form controls when authenticated" classname="regulatory-reporting.spec.ts" time="0.215">
</testcase>
</testsuite>
</testsuites>