{"/Users/rsternke/Developer/valleyApps/permit-school/web/src/app/api/health/route.ts": {"path":"/Users/rsternke/Developer/valleyApps/permit-school/web/src/app/api/health/route.ts","all":false,"statementMap":{"0":{"start":{"line":1,"column":0},"end":{"line":1,"column":43}},"2":{"start":{"line":3,"column":0},"end":{"line":3,"column":55}},"3":{"start":{"line":4,"column":0},"end":{"line":4,"column":38}},"5":{"start":{"line":6,"column":0},"end":{"line":6,"column":29}},"6":{"start":{"line":7,"column":0},"end":{"line":7,"column":31}},"8":{"start":{"line":9,"column":0},"end":{"line":9,"column":7}},"10":{"start":{"line":11,"column":0},"end":{"line":11,"column":40}},"11":{"start":{"line":12,"column":0},"end":{"line":12,"column":36}},"12":{"start":{"line":13,"column":0},"end":{"line":13,"column":23}},"13":{"start":{"line":14,"column":0},"end":{"line":14,"column":22}},"14":{"start":{"line":15,"column":0},"end":{"line":15,"column":15}},"15":{"start":{"line":16,"column":0},"end":{"line":16,"column":16}},"17":{"start":{"line":18,"column":0},"end":{"line":18,"column":50}},"18":{"start":{"line":19,"column":0},"end":{"line":19,"column":48}},"20":{"start":{"line":21,"column":0},"end":{"line":21,"column":30}},"21":{"start":{"line":22,"column":0},"end":{"line":22,"column":19}},"22":{"start":{"line":23,"column":0},"end":{"line":23,"column":37}},"23":{"start":{"line":24,"column":0},"end":{"line":24,"column":40}},"24":{"start":{"line":25,"column":0},"end":{"line":25,"column":31}},"25":{"start":{"line":26,"column":0},"end":{"line":26,"column":19}},"26":{"start":{"line":27,"column":0},"end":{"line":27,"column":17}},"27":{"start":{"line":28,"column":0},"end":{"line":28,"column":33}},"28":{"start":{"line":29,"column":0},"end":{"line":29,"column":70}},"29":{"start":{"line":30,"column":0},"end":{"line":30,"column":71}},"30":{"start":{"line":31,"column":0},"end":{"line":31,"column":7}},"31":{"start":{"line":32,"column":0},"end":{"line":32,"column":7}},"32":{"start":{"line":33,"column":0},"end":{"line":33,"column":19}},"33":{"start":{"line":34,"column":0},"end":{"line":34,"column":30}},"34":{"start":{"line":35,"column":0},"end":{"line":35,"column":22}},"35":{"start":{"line":36,"column":0},"end":{"line":36,"column":37}},"36":{"start":{"line":37,"column":0},"end":{"line":37,"column":50}},"37":{"start":{"line":38,"column":0},"end":{"line":38,"column":24}},"38":{"start":{"line":39,"column":0},"end":{"line":39,"column":19}},"39":{"start":{"line":40,"column":0},"end":{"line":40,"column":69}},"40":{"start":{"line":41,"column":0},"end":{"line":41,"column":24}},"41":{"start":{"line":42,"column":0},"end":{"line":42,"column":3}},"42":{"start":{"line":43,"column":0},"end":{"line":43,"column":1}}},"s":{"0":1,"2":1,"3":1,"5":5,"6":5,"8":5,"10":5,"11":5,"12":5,"13":5,"14":5,"15":5,"17":5,"18":5,"20":5,"21":5,"22":5,"23":5,"24":5,"25":5,"26":5,"27":5,"28":5,"29":5,"30":5,"31":5,"32":5,"33":1,"34":1,"35":1,"36":1,"37":1,"38":1,"39":1,"40":1,"41":1,"42":5},"branchMap":{"0":{"type":"branch","line":6,"loc":{"start":{"line":6,"column":0},"end":{"line":43,"column":1}},"locations":[{"start":{"line":6,"column":0},"end":{"line":43,"column":1}}]},"1":{"type":"branch","line":16,"loc":{"start":{"line":16,"column":14},"end":{"line":18,"column":35}},"locations":[{"start":{"line":16,"column":14},"end":{"line":18,"column":35}}]},"2":{"type":"branch","line":18,"loc":{"start":{"line":18,"column":27},"end":{"line":18,"column":45}},"locations":[{"start":{"line":18,"column":27},"end":{"line":18,"column":45}}]},"3":{"type":"branch","line":18,"loc":{"start":{"line":18,"column":35},"end":{"line":18,"column":50}},"locations":[{"start":{"line":18,"column":35},"end":{"line":18,"column":50}}]},"4":{"type":"branch","line":29,"loc":{"start":{"line":29,"column":27},"end":{"line":29,"column":59}},"locations":[{"start":{"line":29,"column":27},"end":{"line":29,"column":59}}]},"5":{"type":"branch","line":29,"loc":{"start":{"line":29,"column":44},"end":{"line":29,"column":70}},"locations":[{"start":{"line":29,"column":44},"end":{"line":29,"column":70}}]},"6":{"type":"branch","line":30,"loc":{"start":{"line":30,"column":32},"end":{"line":30,"column":60}},"locations":[{"start":{"line":30,"column":32},"end":{"line":30,"column":60}}]},"7":{"type":"branch","line":30,"loc":{"start":{"line":30,"column":45},"end":{"line":30,"column":71}},"locations":[{"start":{"line":30,"column":45},"end":{"line":30,"column":71}}]},"8":{"type":"branch","line":33,"loc":{"start":{"line":33,"column":2},"end":{"line":42,"column":3}},"locations":[{"start":{"line":33,"column":2},"end":{"line":42,"column":3}}]},"9":{"type":"branch","line":40,"loc":{"start":{"line":40,"column":44},"end":{"line":40,"column":69}},"locations":[{"start":{"line":40,"column":44},"end":{"line":40,"column":69}}]}},"b":{"0":[5],"1":[4],"2":[1],"3":[3],"4":[0],"5":[4],"6":[0],"7":[4],"8":[1],"9":[0]},"fnMap":{"0":{"name":"GET","decl":{"start":{"line":6,"column":0},"end":{"line":43,"column":1}},"loc":{"start":{"line":6,"column":0},"end":{"line":43,"column":1}},"line":6}},"f":{"0":5}}
,"/Users/rsternke/Developer/valleyApps/permit-school/web/src/app/api/profile/route.ts": {"path":"/Users/rsternke/Developer/valleyApps/permit-school/web/src/app/api/profile/route.ts","all":false,"statementMap":{"2":{"start":{"line":3,"column":0},"end":{"line":3,"column":56}},"4":{"start":{"line":5,"column":0},"end":{"line":5,"column":51}},"5":{"start":{"line":6,"column":0},"end":{"line":6,"column":53}},"7":{"start":{"line":8,"column":0},"end":{"line":8,"column":29}},"8":{"start":{"line":9,"column":0},"end":{"line":9,"column":7}},"9":{"start":{"line":10,"column":0},"end":{"line":10,"column":44}},"11":{"start":{"line":12,"column":0},"end":{"line":12,"column":79}},"12":{"start":{"line":13,"column":0},"end":{"line":13,"column":29}},"13":{"start":{"line":14,"column":0},"end":{"line":14,"column":75}},"14":{"start":{"line":15,"column":0},"end":{"line":15,"column":5}},"16":{"start":{"line":17,"column":0},"end":{"line":17,"column":51}},"17":{"start":{"line":18,"column":0},"end":{"line":18,"column":31}},"18":{"start":{"line":19,"column":0},"end":{"line":19,"column":18}},"19":{"start":{"line":20,"column":0},"end":{"line":20,"column":29}},"20":{"start":{"line":21,"column":0},"end":{"line":21,"column":16}},"22":{"start":{"line":23,"column":0},"end":{"line":23,"column":45}},"23":{"start":{"line":24,"column":0},"end":{"line":24,"column":74}},"24":{"start":{"line":25,"column":0},"end":{"line":25,"column":5}},"26":{"start":{"line":27,"column":0},"end":{"line":27,"column":44}},"27":{"start":{"line":28,"column":0},"end":{"line":28,"column":19}},"28":{"start":{"line":29,"column":0},"end":{"line":29,"column":47}},"29":{"start":{"line":30,"column":0},"end":{"line":30,"column":82}},"30":{"start":{"line":31,"column":0},"end":{"line":31,"column":3}},"31":{"start":{"line":32,"column":0},"end":{"line":32,"column":1}},"33":{"start":{"line":34,"column":0},"end":{"line":34,"column":49}},"34":{"start":{"line":35,"column":0},"end":{"line":35,"column":7}},"35":{"start":{"line":36,"column":0},"end":{"line":36,"column":44}},"37":{"start":{"line":38,"column":0},"end":{"line":38,"column":79}},"38":{"start":{"line":39,"column":0},"end":{"line":39,"column":29}},"39":{"start":{"line":40,"column":0},"end":{"line":40,"column":75}},"40":{"start":{"line":41,"column":0},"end":{"line":41,"column":5}},"42":{"start":{"line":43,"column":0},"end":{"line":43,"column":38}},"45":{"start":{"line":46,"column":0},"end":{"line":46,"column":105}},"46":{"start":{"line":47,"column":0},"end":{"line":47,"column":59}},"48":{"start":{"line":49,"column":0},"end":{"line":49,"column":29}},"49":{"start":{"line":50,"column":0},"end":{"line":50,"column":33}},"50":{"start":{"line":51,"column":0},"end":{"line":51,"column":42}},"51":{"start":{"line":52,"column":0},"end":{"line":52,"column":16}},"52":{"start":{"line":53,"column":0},"end":{"line":53,"column":26}},"53":{"start":{"line":54,"column":0},"end":{"line":54,"column":5}},"56":{"start":{"line":57,"column":0},"end":{"line":57,"column":35}},"57":{"start":{"line":58,"column":0},"end":{"line":58,"column":29}},"58":{"start":{"line":59,"column":0},"end":{"line":59,"column":56}},"59":{"start":{"line":60,"column":0},"end":{"line":60,"column":56}},"60":{"start":{"line":61,"column":0},"end":{"line":61,"column":132}},"63":{"start":{"line":64,"column":0},"end":{"line":64,"column":25}},"64":{"start":{"line":65,"column":0},"end":{"line":65,"column":23}},"65":{"start":{"line":66,"column":0},"end":{"line":66,"column":34}},"66":{"start":{"line":67,"column":0},"end":{"line":67,"column":32}},"67":{"start":{"line":68,"column":0},"end":{"line":68,"column":36}},"68":{"start":{"line":69,"column":0},"end":{"line":69,"column":20}},"69":{"start":{"line":70,"column":0},"end":{"line":70,"column":24}},"70":{"start":{"line":71,"column":0},"end":{"line":71,"column":40}},"71":{"start":{"line":72,"column":0},"end":{"line":72,"column":40}},"72":{"start":{"line":73,"column":0},"end":{"line":73,"column":22}},"73":{"start":{"line":74,"column":0},"end":{"line":74,"column":24}},"74":{"start":{"line":75,"column":0},"end":{"line":75,"column":36}},"75":{"start":{"line":76,"column":0},"end":{"line":76,"column":40}},"76":{"start":{"line":77,"column":0},"end":{"line":77,"column":42}},"77":{"start":{"line":78,"column":0},"end":{"line":78,"column":42}},"78":{"start":{"line":79,"column":0},"end":{"line":79,"column":48}},"79":{"start":{"line":80,"column":0},"end":{"line":80,"column":52}},"80":{"start":{"line":81,"column":0},"end":{"line":81,"column":6}},"82":{"start":{"line":83,"column":0},"end":{"line":83,"column":42}},"83":{"start":{"line":84,"column":0},"end":{"line":84,"column":31}},"84":{"start":{"line":85,"column":0},"end":{"line":85,"column":53}},"85":{"start":{"line":86,"column":0},"end":{"line":86,"column":15}},"86":{"start":{"line":87,"column":0},"end":{"line":87,"column":16}},"88":{"start":{"line":89,"column":0},"end":{"line":89,"column":16}},"89":{"start":{"line":90,"column":0},"end":{"line":90,"column":74}},"90":{"start":{"line":91,"column":0},"end":{"line":91,"column":5}},"92":{"start":{"line":93,"column":0},"end":{"line":93,"column":31}},"93":{"start":{"line":94,"column":0},"end":{"line":94,"column":15}},"94":{"start":{"line":95,"column":0},"end":{"line":95,"column":24}},"95":{"start":{"line":96,"column":0},"end":{"line":96,"column":7}},"96":{"start":{"line":97,"column":0},"end":{"line":97,"column":19}},"97":{"start":{"line":98,"column":0},"end":{"line":98,"column":47}},"98":{"start":{"line":99,"column":0},"end":{"line":99,"column":82}},"99":{"start":{"line":100,"column":0},"end":{"line":100,"column":3}},"100":{"start":{"line":101,"column":0},"end":{"line":101,"column":1}},"102":{"start":{"line":103,"column":0},"end":{"line":103,"column":51}},"103":{"start":{"line":104,"column":0},"end":{"line":104,"column":7}},"104":{"start":{"line":105,"column":0},"end":{"line":105,"column":44}},"107":{"start":{"line":108,"column":0},"end":{"line":108,"column":79}},"108":{"start":{"line":109,"column":0},"end":{"line":109,"column":29}},"109":{"start":{"line":110,"column":0},"end":{"line":110,"column":75}},"110":{"start":{"line":111,"column":0},"end":{"line":111,"column":5}},"112":{"start":{"line":113,"column":0},"end":{"line":113,"column":38}},"113":{"start":{"line":114,"column":0},"end":{"line":114,"column":44}},"116":{"start":{"line":117,"column":0},"end":{"line":117,"column":43}},"117":{"start":{"line":118,"column":0},"end":{"line":118,"column":77}},"118":{"start":{"line":119,"column":0},"end":{"line":119,"column":5}},"121":{"start":{"line":122,"column":0},"end":{"line":122,"column":49}},"122":{"start":{"line":123,"column":0},"end":{"line":123,"column":31}},"123":{"start":{"line":124,"column":0},"end":{"line":124,"column":15}},"124":{"start":{"line":125,"column":0},"end":{"line":125,"column":25}},"125":{"start":{"line":126,"column":0},"end":{"line":126,"column":34}},"126":{"start":{"line":127,"column":0},"end":{"line":127,"column":23}},"127":{"start":{"line":128,"column":0},"end":{"line":128,"column":44}},"128":{"start":{"line":129,"column":0},"end":{"line":129,"column":9}},"130":{"start":{"line":131,"column":0},"end":{"line":131,"column":22}},"131":{"start":{"line":132,"column":0},"end":{"line":132,"column":58}},"132":{"start":{"line":133,"column":0},"end":{"line":133,"column":87}},"133":{"start":{"line":134,"column":0},"end":{"line":134,"column":5}},"135":{"start":{"line":136,"column":0},"end":{"line":136,"column":48}},"136":{"start":{"line":137,"column":0},"end":{"line":137,"column":19}},"137":{"start":{"line":138,"column":0},"end":{"line":138,"column":50}},"138":{"start":{"line":139,"column":0},"end":{"line":139,"column":82}},"139":{"start":{"line":140,"column":0},"end":{"line":140,"column":3}},"140":{"start":{"line":141,"column":0},"end":{"line":141,"column":1}}},"s":{"2":1,"4":1,"5":1,"7":5,"8":5,"9":5,"11":5,"12":5,"13":2,"14":2,"16":3,"17":3,"18":3,"19":3,"20":3,"22":5,"23":1,"24":1,"26":5,"27":5,"28":0,"29":0,"30":0,"31":5,"33":5,"34":5,"35":5,"37":5,"38":5,"39":1,"40":1,"42":4,"45":4,"46":4,"48":5,"49":1,"50":1,"51":1,"52":1,"53":1,"56":3,"57":3,"58":3,"59":3,"60":5,"63":5,"64":5,"65":5,"66":5,"67":5,"68":5,"69":5,"70":5,"71":5,"72":5,"73":5,"74":5,"75":5,"76":5,"77":5,"78":5,"79":5,"80":5,"82":5,"83":5,"84":5,"85":5,"86":5,"88":5,"89":1,"90":1,"92":2,"93":2,"94":2,"95":2,"96":5,"97":0,"98":0,"99":0,"100":5,"102":5,"103":5,"104":5,"107":5,"108":5,"109":1,"110":1,"112":4,"113":4,"116":5,"117":1,"118":1,"121":3,"122":3,"123":3,"124":3,"125":5,"126":5,"127":5,"128":5,"130":5,"131":1,"132":1,"133":1,"135":2,"136":5,"137":0,"138":0,"139":0,"140":5},"branchMap":{"0":{"type":"branch","line":8,"loc":{"start":{"line":8,"column":0},"end":{"line":32,"column":1}},"locations":[{"start":{"line":8,"column":0},"end":{"line":32,"column":1}}]},"1":{"type":"branch","line":13,"loc":{"start":{"line":13,"column":8},"end":{"line":13,"column":28}},"locations":[{"start":{"line":13,"column":8},"end":{"line":13,"column":28}}]},"2":{"type":"branch","line":13,"loc":{"start":{"line":13,"column":28},"end":{"line":15,"column":5}},"locations":[{"start":{"line":13,"column":28},"end":{"line":15,"column":5}}]},"3":{"type":"branch","line":15,"loc":{"start":{"line":15,"column":4},"end":{"line":23,"column":17}},"locations":[{"start":{"line":15,"column":4},"end":{"line":23,"column":17}}]},"4":{"type":"branch","line":23,"loc":{"start":{"line":23,"column":8},"end":{"line":23,"column":44}},"locations":[{"start":{"line":23,"column":8},"end":{"line":23,"column":44}}]},"5":{"type":"branch","line":23,"loc":{"start":{"line":23,"column":44},"end":{"line":25,"column":5}},"locations":[{"start":{"line":23,"column":44},"end":{"line":25,"column":5}}]},"6":{"type":"branch","line":25,"loc":{"start":{"line":25,"column":4},"end":{"line":27,"column":40}},"locations":[{"start":{"line":25,"column":4},"end":{"line":27,"column":40}}]},"7":{"type":"branch","line":27,"loc":{"start":{"line":27,"column":29},"end":{"line":27,"column":42}},"locations":[{"start":{"line":27,"column":29},"end":{"line":27,"column":42}}]},"8":{"type":"branch","line":28,"loc":{"start":{"line":28,"column":2},"end":{"line":31,"column":3}},"locations":[{"start":{"line":28,"column":2},"end":{"line":31,"column":3}}]},"9":{"type":"branch","line":34,"loc":{"start":{"line":34,"column":0},"end":{"line":101,"column":1}},"locations":[{"start":{"line":34,"column":0},"end":{"line":101,"column":1}}]},"10":{"type":"branch","line":39,"loc":{"start":{"line":39,"column":28},"end":{"line":41,"column":5}},"locations":[{"start":{"line":39,"column":28},"end":{"line":41,"column":5}}]},"11":{"type":"branch","line":41,"loc":{"start":{"line":41,"column":4},"end":{"line":49,"column":28}},"locations":[{"start":{"line":41,"column":4},"end":{"line":49,"column":28}}]},"12":{"type":"branch","line":49,"loc":{"start":{"line":49,"column":28},"end":{"line":54,"column":5}},"locations":[{"start":{"line":49,"column":28},"end":{"line":54,"column":5}}]},"13":{"type":"branch","line":54,"loc":{"start":{"line":54,"column":4},"end":{"line":61,"column":33}},"locations":[{"start":{"line":54,"column":4},"end":{"line":61,"column":33}}]},"14":{"type":"branch","line":61,"loc":{"start":{"line":61,"column":26},"end":{"line":61,"column":66}},"locations":[{"start":{"line":61,"column":26},"end":{"line":61,"column":66}}]},"15":{"type":"branch","line":61,"loc":{"start":{"line":61,"column":41},"end":{"line":61,"column":66}},"locations":[{"start":{"line":61,"column":41},"end":{"line":61,"column":66}}]},"16":{"type":"branch","line":61,"loc":{"start":{"line":61,"column":59},"end":{"line":61,"column":132}},"locations":[{"start":{"line":61,"column":59},"end":{"line":61,"column":132}}]},"17":{"type":"branch","line":61,"loc":{"start":{"line":61,"column":74},"end":{"line":61,"column":99}},"locations":[{"start":{"line":61,"column":74},"end":{"line":61,"column":99}}]},"18":{"type":"branch","line":61,"loc":{"start":{"line":61,"column":94},"end":{"line":61,"column":132}},"locations":[{"start":{"line":61,"column":94},"end":{"line":61,"column":132}}]},"19":{"type":"branch","line":87,"loc":{"start":{"line":87,"column":14},"end":{"line":89,"column":15}},"locations":[{"start":{"line":87,"column":14},"end":{"line":89,"column":15}}]},"20":{"type":"branch","line":89,"loc":{"start":{"line":89,"column":15},"end":{"line":91,"column":5}},"locations":[{"start":{"line":89,"column":15},"end":{"line":91,"column":5}}]},"21":{"type":"branch","line":91,"loc":{"start":{"line":91,"column":4},"end":{"line":97,"column":11}},"locations":[{"start":{"line":91,"column":4},"end":{"line":97,"column":11}}]},"22":{"type":"branch","line":97,"loc":{"start":{"line":97,"column":2},"end":{"line":100,"column":3}},"locations":[{"start":{"line":97,"column":2},"end":{"line":100,"column":3}}]},"23":{"type":"branch","line":47,"loc":{"start":{"line":47,"column":36},"end":{"line":47,"column":57}},"locations":[{"start":{"line":47,"column":36},"end":{"line":47,"column":57}}]},"24":{"type":"branch","line":103,"loc":{"start":{"line":103,"column":0},"end":{"line":141,"column":1}},"locations":[{"start":{"line":103,"column":0},"end":{"line":141,"column":1}}]},"25":{"type":"branch","line":109,"loc":{"start":{"line":109,"column":28},"end":{"line":111,"column":5}},"locations":[{"start":{"line":109,"column":28},"end":{"line":111,"column":5}}]},"26":{"type":"branch","line":111,"loc":{"start":{"line":111,"column":4},"end":{"line":117,"column":18}},"locations":[{"start":{"line":111,"column":4},"end":{"line":117,"column":18}}]},"27":{"type":"branch","line":117,"loc":{"start":{"line":117,"column":8},"end":{"line":117,"column":42}},"locations":[{"start":{"line":117,"column":8},"end":{"line":117,"column":42}}]},"28":{"type":"branch","line":117,"loc":{"start":{"line":117,"column":42},"end":{"line":119,"column":5}},"locations":[{"start":{"line":117,"column":42},"end":{"line":119,"column":5}}]},"29":{"type":"branch","line":119,"loc":{"start":{"line":119,"column":4},"end":{"line":126,"column":22}},"locations":[{"start":{"line":119,"column":4},"end":{"line":126,"column":22}}]},"30":{"type":"branch","line":126,"loc":{"start":{"line":126,"column":12},"end":{"line":126,"column":34}},"locations":[{"start":{"line":126,"column":12},"end":{"line":126,"column":34}}]},"31":{"type":"branch","line":129,"loc":{"start":{"line":129,"column":7},"end":{"line":131,"column":21}},"locations":[{"start":{"line":129,"column":7},"end":{"line":131,"column":21}}]},"32":{"type":"branch","line":131,"loc":{"start":{"line":131,"column":21},"end":{"line":134,"column":5}},"locations":[{"start":{"line":131,"column":21},"end":{"line":134,"column":5}}]},"33":{"type":"branch","line":134,"loc":{"start":{"line":134,"column":4},"end":{"line":137,"column":11}},"locations":[{"start":{"line":134,"column":4},"end":{"line":137,"column":11}}]},"34":{"type":"branch","line":137,"loc":{"start":{"line":137,"column":2},"end":{"line":140,"column":3}},"locations":[{"start":{"line":137,"column":2},"end":{"line":140,"column":3}}]}},"b":{"0":[5],"1":[4],"2":[2],"3":[3],"4":[2],"5":[1],"6":[2],"7":[1],"8":[0],"9":[5],"10":[1],"11":[4],"12":[1],"13":[3],"14":[2],"15":[0],"16":[2],"17":[0],"18":[0],"19":[3],"20":[1],"21":[2],"22":[0],"23":[28],"24":[5],"25":[1],"26":[4],"27":[2],"28":[1],"29":[3],"30":[1],"31":[3],"32":[1],"33":[2],"34":[0]},"fnMap":{"0":{"name":"GET","decl":{"start":{"line":8,"column":0},"end":{"line":32,"column":1}},"loc":{"start":{"line":8,"column":0},"end":{"line":32,"column":1}},"line":8},"1":{"name":"PUT","decl":{"start":{"line":34,"column":0},"end":{"line":101,"column":1}},"loc":{"start":{"line":34,"column":0},"end":{"line":101,"column":1}},"line":34},"2":{"name":"PATCH","decl":{"start":{"line":103,"column":0},"end":{"line":141,"column":1}},"loc":{"start":{"line":103,"column":0},"end":{"line":141,"column":1}},"line":103}},"f":{"0":5,"1":5,"2":5}}
,"/Users/rsternke/Developer/valleyApps/permit-school/web/src/app/providers/DialogProvider.tsx": {"path":"/Users/rsternke/Developer/valleyApps/permit-school/web/src/app/providers/DialogProvider.tsx","all":false,"statementMap":{"2":{"start":{"line":3,"column":0},"end":{"line":3,"column":9}},"11":{"start":{"line":12,"column":0},"end":{"line":12,"column":67}},"25":{"start":{"line":26,"column":0},"end":{"line":26,"column":50}},"27":{"start":{"line":28,"column":0},"end":{"line":28,"column":77}},"28":{"start":{"line":29,"column":0},"end":{"line":29,"column":53}},"31":{"start":{"line":32,"column":0},"end":{"line":32,"column":7}},"32":{"start":{"line":33,"column":0},"end":{"line":33,"column":17}},"33":{"start":{"line":34,"column":0},"end":{"line":34,"column":15}},"34":{"start":{"line":35,"column":0},"end":{"line":35,"column":16}},"35":{"start":{"line":36,"column":0},"end":{"line":36,"column":5}},"37":{"start":{"line":38,"column":0},"end":{"line":38,"column":75}},"38":{"start":{"line":39,"column":0},"end":{"line":39,"column":46}},"39":{"start":{"line":40,"column":0},"end":{"line":40,"column":4}},"41":{"start":{"line":42,"column":0},"end":{"line":42,"column":34}},"42":{"start":{"line":43,"column":0},"end":{"line":43,"column":24}},"43":{"start":{"line":44,"column":0},"end":{"line":44,"column":44}},"44":{"start":{"line":45,"column":0},"end":{"line":45,"column":4}},"46":{"start":{"line":47,"column":0},"end":{"line":47,"column":10}},"47":{"start":{"line":48,"column":0},"end":{"line":48,"column":38}},"48":{"start":{"line":49,"column":0},"end":{"line":49,"column":16}},"49":{"start":{"line":50,"column":0},"end":{"line":50,"column":14}},"50":{"start":{"line":51,"column":0},"end":{"line":51,"column":26}},"51":{"start":{"line":52,"column":0},"end":{"line":52,"column":37}},"52":{"start":{"line":53,"column":0},"end":{"line":53,"column":39}},"53":{"start":{"line":54,"column":0},"end":{"line":54,"column":42}},"54":{"start":{"line":55,"column":0},"end":{"line":55,"column":21}},"55":{"start":{"line":56,"column":0},"end":{"line":56,"column":17}},"57":{"start":{"line":58,"column":0},"end":{"line":58,"column":67}},"58":{"start":{"line":59,"column":0},"end":{"line":59,"column":23}},"59":{"start":{"line":60,"column":0},"end":{"line":60,"column":50}},"60":{"start":{"line":61,"column":0},"end":{"line":61,"column":27}},"61":{"start":{"line":62,"column":0},"end":{"line":62,"column":30}},"62":{"start":{"line":63,"column":0},"end":{"line":63,"column":24}},"63":{"start":{"line":64,"column":0},"end":{"line":64,"column":23}},"64":{"start":{"line":65,"column":0},"end":{"line":65,"column":47}},"65":{"start":{"line":66,"column":0},"end":{"line":66,"column":42}},"66":{"start":{"line":67,"column":0},"end":{"line":67,"column":19}},"67":{"start":{"line":68,"column":0},"end":{"line":68,"column":18}},"68":{"start":{"line":69,"column":0},"end":{"line":69,"column":60}},"69":{"start":{"line":70,"column":0},"end":{"line":70,"column":32}},"70":{"start":{"line":71,"column":0},"end":{"line":71,"column":39}},"71":{"start":{"line":72,"column":0},"end":{"line":72,"column":21}},"73":{"start":{"line":74,"column":0},"end":{"line":74,"column":44}},"74":{"start":{"line":75,"column":0},"end":{"line":75,"column":19}},"75":{"start":{"line":76,"column":0},"end":{"line":76,"column":24}},"76":{"start":{"line":77,"column":0},"end":{"line":77,"column":15}},"77":{"start":{"line":78,"column":0},"end":{"line":78,"column":19}},"79":{"start":{"line":80,"column":0},"end":{"line":80,"column":1}},"81":{"start":{"line":82,"column":0},"end":{"line":82,"column":32}},"82":{"start":{"line":83,"column":0},"end":{"line":83,"column":30}},"83":{"start":{"line":84,"column":0},"end":{"line":84,"column":76}},"84":{"start":{"line":85,"column":0},"end":{"line":85,"column":13}},"85":{"start":{"line":86,"column":0},"end":{"line":86,"column":2}}},"s":{"2":1,"11":1,"25":1,"27":1,"28":153,"31":153,"32":153,"33":153,"34":153,"35":153,"37":153,"38":0,"39":0,"41":153,"42":0,"43":0,"44":0,"46":153,"47":153,"48":153,"49":153,"50":153,"51":153,"52":153,"53":153,"54":153,"55":153,"57":153,"58":153,"59":153,"60":153,"61":153,"62":153,"63":153,"64":153,"65":153,"66":153,"67":153,"68":153,"69":153,"70":153,"71":153,"73":153,"74":153,"75":153,"76":153,"77":153,"79":153,"81":1,"82":0,"83":0,"84":0,"85":0},"branchMap":{"0":{"type":"branch","line":28,"loc":{"start":{"line":28,"column":7},"end":{"line":80,"column":1}},"locations":[{"start":{"line":28,"column":7},"end":{"line":80,"column":1}}]},"1":{"type":"branch","line":66,"loc":{"start":{"line":66,"column":19},"end":{"line":66,"column":42}},"locations":[{"start":{"line":66,"column":19},"end":{"line":66,"column":42}}]},"2":{"type":"branch","line":69,"loc":{"start":{"line":69,"column":25},"end":{"line":69,"column":49}},"locations":[{"start":{"line":69,"column":25},"end":{"line":69,"column":49}}]},"3":{"type":"branch","line":69,"loc":{"start":{"line":69,"column":39},"end":{"line":69,"column":60}},"locations":[{"start":{"line":69,"column":39},"end":{"line":69,"column":60}}]},"4":{"type":"branch","line":74,"loc":{"start":{"line":74,"column":19},"end":{"line":74,"column":44}},"locations":[{"start":{"line":74,"column":19},"end":{"line":74,"column":44}}]}},"b":{"0":[153],"1":[152],"2":[0],"3":[152],"4":[152]},"fnMap":{"0":{"name":"DialogProvider","decl":{"start":{"line":28,"column":7},"end":{"line":80,"column":1}},"loc":{"start":{"line":28,"column":7},"end":{"line":80,"column":1}},"line":28},"1":{"name":"confirm","decl":{"start":{"line":38,"column":18},"end":{"line":40,"column":4}},"loc":{"start":{"line":38,"column":18},"end":{"line":40,"column":4}},"line":38},"2":{"name":"close","decl":{"start":{"line":42,"column":16},"end":{"line":45,"column":4}},"loc":{"start":{"line":42,"column":16},"end":{"line":45,"column":4}},"line":42},"3":{"name":"onClose","decl":{"start":{"line":52,"column":17},"end":{"line":52,"column":37}},"loc":{"start":{"line":52,"column":17},"end":{"line":52,"column":37}},"line":52},"4":{"name":"onClick","decl":{"start":{"line":65,"column":27},"end":{"line":65,"column":47}},"loc":{"start":{"line":65,"column":27},"end":{"line":65,"column":47}},"line":65},"5":{"name":"onClick","decl":{"start":{"line":71,"column":21},"end":{"line":71,"column":39}},"loc":{"start":{"line":71,"column":21},"end":{"line":71,"column":39}},"line":71},"6":{"name":"useDialog","decl":{"start":{"line":82,"column":25},"end":{"line":86,"column":2}},"loc":{"start":{"line":82,"column":25},"end":{"line":86,"column":2}},"line":82}},"f":{"0":153,"1":0,"2":0,"3":0,"4":0,"5":0,"6":0}}
,"/Users/rsternke/Developer/valleyApps/permit-school/web/src/app/providers/MuiProvider.tsx": {"path":"/Users/rsternke/Developer/valleyApps/permit-school/web/src/app/providers/MuiProvider.tsx","all":false,"statementMap":{"2":{"start":{"line":3,"column":0},"end":{"line":3,"column":72}},"3":{"start":{"line":4,"column":0},"end":{"line":4,"column":31}},"5":{"start":{"line":6,"column":0},"end":{"line":6,"column":82}},"7":{"start":{"line":8,"column":0},"end":{"line":8,"column":85}},"8":{"start":{"line":9,"column":0},"end":{"line":9,"column":10}},"9":{"start":{"line":10,"column":0},"end":{"line":10,"column":33}},"10":{"start":{"line":11,"column":0},"end":{"line":11,"column":21}},"11":{"start":{"line":12,"column":0},"end":{"line":12,"column":16}},"12":{"start":{"line":13,"column":0},"end":{"line":13,"column":20}},"14":{"start":{"line":15,"column":0},"end":{"line":15,"column":1}}},"s":{"2":1,"3":1,"5":153,"7":153,"8":153,"9":153,"10":153,"11":153,"12":153,"14":153},"branchMap":{"0":{"type":"branch","line":6,"loc":{"start":{"line":6,"column":0},"end":{"line":15,"column":1}},"locations":[{"start":{"line":6,"column":0},"end":{"line":15,"column":1}}]},"1":{"type":"branch","line":8,"loc":{"start":{"line":8,"column":30},"end":{"line":8,"column":81}},"locations":[{"start":{"line":8,"column":30},"end":{"line":8,"column":81}}]}},"b":{"0":[153],"1":[134]},"fnMap":{"0":{"name":"MuiProvider","decl":{"start":{"line":6,"column":0},"end":{"line":15,"column":1}},"loc":{"start":{"line":6,"column":0},"end":{"line":15,"column":1}},"line":6}},"f":{"0":153}}
,"/Users/rsternke/Developer/valleyApps/permit-school/web/src/app/providers/SnackbarProvider.tsx": {"path":"/Users/rsternke/Developer/valleyApps/permit-school/web/src/app/providers/SnackbarProvider.tsx","all":false,"statementMap":{"2":{"start":{"line":3,"column":0},"end":{"line":3,"column":79}},"3":{"start":{"line":4,"column":0},"end":{"line":4,"column":57}},"12":{"start":{"line":13,"column":0},"end":{"line":13,"column":49}},"14":{"start":{"line":15,"column":0},"end":{"line":15,"column":79}},"15":{"start":{"line":16,"column":0},"end":{"line":16,"column":10}},"16":{"start":{"line":17,"column":0},"end":{"line":17,"column":23}},"17":{"start":{"line":18,"column":0},"end":{"line":18,"column":19}},"18":{"start":{"line":19,"column":0},"end":{"line":19,"column":65}},"19":{"start":{"line":20,"column":0},"end":{"line":20,"column":29}},"21":{"start":{"line":22,"column":0},"end":{"line":22,"column":68}},"22":{"start":{"line":23,"column":0},"end":{"line":23,"column":24}},"24":{"start":{"line":25,"column":0},"end":{"line":25,"column":1}},"26":{"start":{"line":27,"column":0},"end":{"line":27,"column":35}},"27":{"start":{"line":28,"column":0},"end":{"line":28,"column":44}},"28":{"start":{"line":29,"column":0},"end":{"line":29,"column":10}},"29":{"start":{"line":30,"column":0},"end":{"line":30,"column":63}},"30":{"start":{"line":31,"column":0},"end":{"line":31,"column":59}},"31":{"start":{"line":32,"column":0},"end":{"line":32,"column":57}},"32":{"start":{"line":33,"column":0},"end":{"line":33,"column":63}},"33":{"start":{"line":34,"column":0},"end":{"line":34,"column":4}},"34":{"start":{"line":35,"column":0},"end":{"line":35,"column":1}},"36":{"start":{"line":37,"column":0},"end":{"line":37,"column":31}},"37":{"start":{"line":38,"column":0},"end":{"line":38,"column":30}},"38":{"start":{"line":39,"column":0},"end":{"line":39,"column":77}},"39":{"start":{"line":40,"column":0},"end":{"line":40,"column":13}},"40":{"start":{"line":41,"column":0},"end":{"line":41,"column":2}}},"s":{"2":1,"3":1,"12":1,"14":1,"15":153,"16":153,"17":153,"18":153,"19":153,"21":153,"22":153,"24":153,"26":152,"27":152,"28":152,"29":152,"30":152,"31":152,"32":152,"33":152,"34":152,"36":1,"37":0,"38":0,"39":0,"40":0},"branchMap":{"0":{"type":"branch","line":15,"loc":{"start":{"line":15,"column":7},"end":{"line":25,"column":1}},"locations":[{"start":{"line":15,"column":7},"end":{"line":25,"column":1}}]},"1":{"type":"branch","line":27,"loc":{"start":{"line":27,"column":0},"end":{"line":35,"column":1}},"locations":[{"start":{"line":27,"column":0},"end":{"line":35,"column":1}}]}},"b":{"0":[153],"1":[152]},"fnMap":{"0":{"name":"SnackbarProvider","decl":{"start":{"line":15,"column":7},"end":{"line":25,"column":1}},"loc":{"start":{"line":15,"column":7},"end":{"line":25,"column":1}},"line":15},"1":{"name":"useSnackImpl","decl":{"start":{"line":27,"column":0},"end":{"line":35,"column":1}},"loc":{"start":{"line":27,"column":0},"end":{"line":35,"column":1}},"line":27},"2":{"name":"success","decl":{"start":{"line":30,"column":13},"end":{"line":30,"column":63}},"loc":{"start":{"line":30,"column":13},"end":{"line":30,"column":63}},"line":30},"3":{"name":"error","decl":{"start":{"line":31,"column":11},"end":{"line":31,"column":59}},"loc":{"start":{"line":31,"column":11},"end":{"line":31,"column":59}},"line":31},"4":{"name":"info","decl":{"start":{"line":32,"column":10},"end":{"line":32,"column":57}},"loc":{"start":{"line":32,"column":10},"end":{"line":32,"column":57}},"line":32},"5":{"name":"warning","decl":{"start":{"line":33,"column":13},"end":{"line":33,"column":63}},"loc":{"start":{"line":33,"column":13},"end":{"line":33,"column":63}},"line":33},"6":{"name":"useSnack","decl":{"start":{"line":37,"column":24},"end":{"line":41,"column":2}},"loc":{"start":{"line":37,"column":24},"end":{"line":41,"column":2}},"line":37}},"f":{"0":153,"1":152,"2":0,"3":0,"4":0,"5":0,"6":0}}
,"/Users/rsternke/Developer/valleyApps/permit-school/web/src/components/Button.tsx": {"path":"/Users/rsternke/Developer/valleyApps/permit-school/web/src/components/Button.tsx","all":false,"statementMap":{"0":{"start":{"line":1,"column":0},"end":{"line":1,"column":101}},"1":{"start":{"line":2,"column":0},"end":{"line":2,"column":31}},"3":{"start":{"line":4,"column":0},"end":{"line":4,"column":55}},"17":{"start":{"line":18,"column":0},"end":{"line":18,"column":24}},"18":{"start":{"line":19,"column":0},"end":{"line":19,"column":11}},"19":{"start":{"line":20,"column":0},"end":{"line":20,"column":22}},"20":{"start":{"line":21,"column":0},"end":{"line":21,"column":14}},"21":{"start":{"line":22,"column":0},"end":{"line":22,"column":18}},"22":{"start":{"line":23,"column":0},"end":{"line":23,"column":7}},"23":{"start":{"line":24,"column":0},"end":{"line":24,"column":25}},"24":{"start":{"line":25,"column":0},"end":{"line":25,"column":20}},"25":{"start":{"line":26,"column":0},"end":{"line":26,"column":28}},"26":{"start":{"line":27,"column":0},"end":{"line":27,"column":11}},"27":{"start":{"line":28,"column":0},"end":{"line":28,"column":5}},"28":{"start":{"line":29,"column":0},"end":{"line":29,"column":7}},"29":{"start":{"line":30,"column":0},"end":{"line":30,"column":10}},"30":{"start":{"line":31,"column":0},"end":{"line":31,"column":10}},"31":{"start":{"line":32,"column":0},"end":{"line":32,"column":17}},"32":{"start":{"line":33,"column":0},"end":{"line":33,"column":59}},"33":{"start":{"line":34,"column":0},"end":{"line":34,"column":59}},"34":{"start":{"line":35,"column":0},"end":{"line":35,"column":58}},"36":{"start":{"line":37,"column":0},"end":{"line":37,"column":44}},"37":{"start":{"line":38,"column":0},"end":{"line":38,"column":53}},"39":{"start":{"line":40,"column":0},"end":{"line":40,"column":41}},"41":{"start":{"line":42,"column":0},"end":{"line":42,"column":79}},"42":{"start":{"line":43,"column":0},"end":{"line":43,"column":71}},"44":{"start":{"line":45,"column":0},"end":{"line":45,"column":68}},"47":{"start":{"line":48,"column":0},"end":{"line":48,"column":89}},"48":{"start":{"line":49,"column":0},"end":{"line":49,"column":39}},"49":{"start":{"line":50,"column":0},"end":{"line":50,"column":29}},"50":{"start":{"line":51,"column":0},"end":{"line":51,"column":27}},"51":{"start":{"line":52,"column":0},"end":{"line":52,"column":5}},"52":{"start":{"line":53,"column":0},"end":{"line":53,"column":18}},"53":{"start":{"line":54,"column":0},"end":{"line":54,"column":21}},"54":{"start":{"line":55,"column":0},"end":{"line":55,"column":5}},"55":{"start":{"line":56,"column":0},"end":{"line":56,"column":22}},"58":{"start":{"line":59,"column":0},"end":{"line":59,"column":20}},"59":{"start":{"line":60,"column":0},"end":{"line":60,"column":10}},"60":{"start":{"line":61,"column":0},"end":{"line":61,"column":32}},"61":{"start":{"line":62,"column":0},"end":{"line":62,"column":37}},"62":{"start":{"line":63,"column":0},"end":{"line":63,"column":28}},"63":{"start":{"line":64,"column":0},"end":{"line":64,"column":18}},"64":{"start":{"line":65,"column":0},"end":{"line":65,"column":50}},"65":{"start":{"line":66,"column":0},"end":{"line":66,"column":8}},"66":{"start":{"line":67,"column":0},"end":{"line":67,"column":7}},"67":{"start":{"line":68,"column":0},"end":{"line":68,"column":31}},"68":{"start":{"line":69,"column":0},"end":{"line":69,"column":37}},"69":{"start":{"line":70,"column":0},"end":{"line":70,"column":28}},"70":{"start":{"line":71,"column":0},"end":{"line":71,"column":34}},"71":{"start":{"line":72,"column":0},"end":{"line":72,"column":24}},"72":{"start":{"line":73,"column":0},"end":{"line":73,"column":18}},"73":{"start":{"line":74,"column":0},"end":{"line":74,"column":39}},"74":{"start":{"line":75,"column":0},"end":{"line":75,"column":31}},"75":{"start":{"line":76,"column":0},"end":{"line":76,"column":26}},"76":{"start":{"line":77,"column":0},"end":{"line":77,"column":26}},"77":{"start":{"line":78,"column":0},"end":{"line":78,"column":8}},"78":{"start":{"line":79,"column":0},"end":{"line":79,"column":7}},"79":{"start":{"line":80,"column":0},"end":{"line":80,"column":4}},"81":{"start":{"line":82,"column":0},"end":{"line":82,"column":10}},"82":{"start":{"line":83,"column":0},"end":{"line":83,"column":14}},"83":{"start":{"line":84,"column":0},"end":{"line":84,"column":26}},"84":{"start":{"line":85,"column":0},"end":{"line":85,"column":20}},"85":{"start":{"line":86,"column":0},"end":{"line":86,"column":27}},"86":{"start":{"line":87,"column":0},"end":{"line":87,"column":27}},"87":{"start":{"line":88,"column":0},"end":{"line":88,"column":27}},"88":{"start":{"line":89,"column":0},"end":{"line":89,"column":23}},"89":{"start":{"line":90,"column":0},"end":{"line":90,"column":19}},"90":{"start":{"line":91,"column":0},"end":{"line":91,"column":17}},"91":{"start":{"line":92,"column":0},"end":{"line":92,"column":27}},"92":{"start":{"line":93,"column":0},"end":{"line":93,"column":16}},"94":{"start":{"line":95,"column":0},"end":{"line":95,"column":16}},"95":{"start":{"line":96,"column":0},"end":{"line":96,"column":16}},"97":{"start":{"line":98,"column":0},"end":{"line":98,"column":1}}},"s":{"0":1,"1":1,"3":1,"17":1,"18":34,"19":34,"20":34,"21":34,"22":34,"23":34,"24":34,"25":34,"26":34,"27":34,"28":34,"29":34,"30":34,"31":34,"32":34,"33":11,"34":2,"36":34,"37":33,"39":34,"41":34,"42":32,"44":34,"47":34,"48":3,"49":1,"50":1,"51":1,"52":3,"53":2,"54":2,"55":34,"58":34,"59":34,"60":34,"61":1,"62":1,"63":1,"64":1,"65":1,"66":1,"67":34,"68":1,"69":1,"70":1,"71":1,"72":1,"73":1,"74":1,"75":1,"76":1,"77":1,"78":1,"79":34,"81":34,"82":34,"83":34,"84":34,"85":34,"86":34,"87":34,"88":34,"89":34,"90":34,"91":34,"92":34,"94":34,"95":34,"97":34},"branchMap":{"0":{"type":"branch","line":18,"loc":{"start":{"line":18,"column":7},"end":{"line":98,"column":1}},"locations":[{"start":{"line":18,"column":7},"end":{"line":98,"column":1}}]},"1":{"type":"branch","line":33,"loc":{"start":{"line":33,"column":33},"end":{"line":33,"column":59}},"locations":[{"start":{"line":33,"column":33},"end":{"line":33,"column":59}}]},"2":{"type":"branch","line":33,"loc":{"start":{"line":33,"column":45},"end":{"line":35,"column":58}},"locations":[{"start":{"line":33,"column":45},"end":{"line":35,"column":58}}]},"3":{"type":"branch","line":34,"loc":{"start":{"line":34,"column":32},"end":{"line":34,"column":59}},"locations":[{"start":{"line":34,"column":32},"end":{"line":34,"column":59}}]},"4":{"type":"branch","line":34,"loc":{"start":{"line":34,"column":46},"end":{"line":35,"column":58}},"locations":[{"start":{"line":34,"column":46},"end":{"line":35,"column":58}}]},"5":{"type":"branch","line":35,"loc":{"start":{"line":35,"column":32},"end":{"line":35,"column":51}},"locations":[{"start":{"line":35,"column":32},"end":{"line":35,"column":51}}]},"6":{"type":"branch","line":35,"loc":{"start":{"line":35,"column":42},"end":{"line":35,"column":58}},"locations":[{"start":{"line":35,"column":42},"end":{"line":35,"column":58}}]},"7":{"type":"branch","line":37,"loc":{"start":{"line":37,"column":27},"end":{"line":37,"column":44}},"locations":[{"start":{"line":37,"column":27},"end":{"line":37,"column":44}}]},"8":{"type":"branch","line":37,"loc":{"start":{"line":37,"column":34},"end":{"line":38,"column":53}},"locations":[{"start":{"line":37,"column":34},"end":{"line":38,"column":53}}]},"9":{"type":"branch","line":38,"loc":{"start":{"line":38,"column":27},"end":{"line":38,"column":44}},"locations":[{"start":{"line":38,"column":27},"end":{"line":38,"column":44}}]},"10":{"type":"branch","line":38,"loc":{"start":{"line":38,"column":34},"end":{"line":38,"column":53}},"locations":[{"start":{"line":38,"column":34},"end":{"line":38,"column":53}}]},"11":{"type":"branch","line":40,"loc":{"start":{"line":40,"column":21},"end":{"line":40,"column":41}},"locations":[{"start":{"line":40,"column":21},"end":{"line":40,"column":41}}]},"12":{"type":"branch","line":42,"loc":{"start":{"line":42,"column":20},"end":{"line":42,"column":79}},"locations":[{"start":{"line":42,"column":20},"end":{"line":42,"column":79}}]},"13":{"type":"branch","line":42,"loc":{"start":{"line":42,"column":74},"end":{"line":43,"column":71}},"locations":[{"start":{"line":42,"column":74},"end":{"line":43,"column":71}}]},"14":{"type":"branch","line":43,"loc":{"start":{"line":43,"column":19},"end":{"line":43,"column":54}},"locations":[{"start":{"line":43,"column":19},"end":{"line":43,"column":54}}]},"15":{"type":"branch","line":43,"loc":{"start":{"line":43,"column":44},"end":{"line":43,"column":61}},"locations":[{"start":{"line":43,"column":44},"end":{"line":43,"column":61}}]},"16":{"type":"branch","line":43,"loc":{"start":{"line":43,"column":54},"end":{"line":43,"column":71}},"locations":[{"start":{"line":43,"column":54},"end":{"line":43,"column":71}}]},"17":{"type":"branch","line":45,"loc":{"start":{"line":45,"column":18},"end":{"line":45,"column":51}},"locations":[{"start":{"line":45,"column":18},"end":{"line":45,"column":51}}]},"18":{"type":"branch","line":45,"loc":{"start":{"line":45,"column":43},"end":{"line":45,"column":58}},"locations":[{"start":{"line":45,"column":43},"end":{"line":45,"column":58}}]},"19":{"type":"branch","line":45,"loc":{"start":{"line":45,"column":51},"end":{"line":45,"column":68}},"locations":[{"start":{"line":45,"column":51},"end":{"line":45,"column":68}}]},"20":{"type":"branch","line":61,"loc":{"start":{"line":61,"column":20},"end":{"line":67,"column":7}},"locations":[{"start":{"line":61,"column":20},"end":{"line":67,"column":7}}]},"21":{"type":"branch","line":68,"loc":{"start":{"line":68,"column":20},"end":{"line":79,"column":7}},"locations":[{"start":{"line":68,"column":20},"end":{"line":79,"column":7}}]},"22":{"type":"branch","line":48,"loc":{"start":{"line":48,"column":40},"end":{"line":56,"column":5}},"locations":[{"start":{"line":48,"column":40},"end":{"line":56,"column":5}}]},"23":{"type":"branch","line":49,"loc":{"start":{"line":49,"column":8},"end":{"line":49,"column":38}},"locations":[{"start":{"line":49,"column":8},"end":{"line":49,"column":38}}]},"24":{"type":"branch","line":49,"loc":{"start":{"line":49,"column":38},"end":{"line":52,"column":5}},"locations":[{"start":{"line":49,"column":38},"end":{"line":52,"column":5}}]},"25":{"type":"branch","line":53,"loc":{"start":{"line":53,"column":17},"end":{"line":55,"column":5}},"locations":[{"start":{"line":53,"column":17},"end":{"line":55,"column":5}}]}},"b":{"0":[34],"1":[23],"2":[11],"3":[9],"4":[2],"5":[1],"6":[1],"7":[1],"8":[33],"9":[17],"10":[16],"11":[33],"12":[2],"13":[32],"14":[2],"15":[1],"16":[31],"17":[2],"18":[1],"19":[33],"20":[1],"21":[1],"22":[3],"23":[2],"24":[1],"25":[2]},"fnMap":{"0":{"name":"Button","decl":{"start":{"line":18,"column":7},"end":{"line":98,"column":1}},"loc":{"start":{"line":18,"column":7},"end":{"line":98,"column":1}},"line":18}},"f":{"0":34}}
,"/Users/rsternke/Developer/valleyApps/permit-school/web/src/components/Hero.tsx": {"path":"/Users/rsternke/Developer/valleyApps/permit-school/web/src/components/Hero.tsx","all":false,"statementMap":{"2":{"start":{"line":3,"column":0},"end":{"line":3,"column":50}},"3":{"start":{"line":4,"column":0},"end":{"line":4,"column":8}},"11":{"start":{"line":12,"column":0},"end":{"line":12,"column":44}},"12":{"start":{"line":13,"column":0},"end":{"line":13,"column":31}},"14":{"start":{"line":15,"column":0},"end":{"line":15,"column":34}},"15":{"start":{"line":16,"column":0},"end":{"line":16,"column":39}},"16":{"start":{"line":17,"column":0},"end":{"line":17,"column":39}},"18":{"start":{"line":19,"column":0},"end":{"line":19,"column":24}},"19":{"start":{"line":20,"column":0},"end":{"line":20,"column":36}},"20":{"start":{"line":21,"column":0},"end":{"line":21,"column":27}},"21":{"start":{"line":22,"column":0},"end":{"line":22,"column":64}},"23":{"start":{"line":24,"column":0},"end":{"line":24,"column":10}},"24":{"start":{"line":25,"column":0},"end":{"line":25,"column":8}},"25":{"start":{"line":26,"column":0},"end":{"line":26,"column":25}},"26":{"start":{"line":27,"column":0},"end":{"line":27,"column":23}},"27":{"start":{"line":28,"column":0},"end":{"line":28,"column":11}},"28":{"start":{"line":29,"column":0},"end":{"line":29,"column":85}},"29":{"start":{"line":30,"column":0},"end":{"line":30,"column":23}},"30":{"start":{"line":31,"column":0},"end":{"line":31,"column":29}},"31":{"start":{"line":32,"column":0},"end":{"line":32,"column":27}},"32":{"start":{"line":33,"column":0},"end":{"line":33,"column":22}},"33":{"start":{"line":34,"column":0},"end":{"line":34,"column":24}},"34":{"start":{"line":35,"column":0},"end":{"line":35,"column":31}},"35":{"start":{"line":36,"column":0},"end":{"line":36,"column":17}},"36":{"start":{"line":37,"column":0},"end":{"line":37,"column":18}},"37":{"start":{"line":38,"column":0},"end":{"line":38,"column":19}},"38":{"start":{"line":39,"column":0},"end":{"line":39,"column":20}},"39":{"start":{"line":40,"column":0},"end":{"line":40,"column":23}},"44":{"start":{"line":45,"column":0},"end":{"line":45,"column":32}},"45":{"start":{"line":46,"column":0},"end":{"line":46,"column":20}},"46":{"start":{"line":47,"column":0},"end":{"line":47,"column":10}},"47":{"start":{"line":48,"column":0},"end":{"line":48,"column":8}},"49":{"start":{"line":50,"column":0},"end":{"line":50,"column":83}},"50":{"start":{"line":51,"column":0},"end":{"line":51,"column":12}},"51":{"start":{"line":52,"column":0},"end":{"line":52,"column":15}},"52":{"start":{"line":53,"column":0},"end":{"line":53,"column":34}},"53":{"start":{"line":54,"column":0},"end":{"line":54,"column":28}},"54":{"start":{"line":55,"column":0},"end":{"line":55,"column":62}},"55":{"start":{"line":56,"column":0},"end":{"line":56,"column":34}},"56":{"start":{"line":57,"column":0},"end":{"line":57,"column":33}},"57":{"start":{"line":58,"column":0},"end":{"line":58,"column":50}},"58":{"start":{"line":59,"column":0},"end":{"line":59,"column":12}},"61":{"start":{"line":62,"column":0},"end":{"line":62,"column":29}},"62":{"start":{"line":63,"column":0},"end":{"line":63,"column":31}},"63":{"start":{"line":64,"column":0},"end":{"line":64,"column":22}},"64":{"start":{"line":65,"column":0},"end":{"line":65,"column":25}},"65":{"start":{"line":66,"column":0},"end":{"line":66,"column":21}},"66":{"start":{"line":67,"column":0},"end":{"line":67,"column":34}},"67":{"start":{"line":68,"column":0},"end":{"line":68,"column":60}},"68":{"start":{"line":69,"column":0},"end":{"line":69,"column":34}},"69":{"start":{"line":70,"column":0},"end":{"line":70,"column":43}},"70":{"start":{"line":71,"column":0},"end":{"line":71,"column":82}},"71":{"start":{"line":72,"column":0},"end":{"line":72,"column":41}},"72":{"start":{"line":73,"column":0},"end":{"line":73,"column":47}},"73":{"start":{"line":74,"column":0},"end":{"line":74,"column":53}},"74":{"start":{"line":75,"column":0},"end":{"line":75,"column":18}},"76":{"start":{"line":77,"column":0},"end":{"line":77,"column":33}},"77":{"start":{"line":78,"column":0},"end":{"line":78,"column":24}},"79":{"start":{"line":80,"column":0},"end":{"line":80,"column":22}},"80":{"start":{"line":81,"column":0},"end":{"line":81,"column":25}},"81":{"start":{"line":82,"column":0},"end":{"line":82,"column":21}},"82":{"start":{"line":83,"column":0},"end":{"line":83,"column":34}},"83":{"start":{"line":84,"column":0},"end":{"line":84,"column":52}},"84":{"start":{"line":85,"column":0},"end":{"line":85,"column":34}},"85":{"start":{"line":86,"column":0},"end":{"line":86,"column":32}},"86":{"start":{"line":87,"column":0},"end":{"line":87,"column":18}},"88":{"start":{"line":89,"column":0},"end":{"line":89,"column":36}},"89":{"start":{"line":90,"column":0},"end":{"line":90,"column":24}},"90":{"start":{"line":91,"column":0},"end":{"line":91,"column":20}},"92":{"start":{"line":93,"column":0},"end":{"line":93,"column":71}},"93":{"start":{"line":94,"column":0},"end":{"line":94,"column":21}},"94":{"start":{"line":95,"column":0},"end":{"line":95,"column":33}},"95":{"start":{"line":96,"column":0},"end":{"line":96,"column":25}},"96":{"start":{"line":97,"column":0},"end":{"line":97,"column":32}},"97":{"start":{"line":98,"column":0},"end":{"line":98,"column":42}},"98":{"start":{"line":99,"column":0},"end":{"line":99,"column":45}},"99":{"start":{"line":100,"column":0},"end":{"line":100,"column":21}},"100":{"start":{"line":101,"column":0},"end":{"line":101,"column":82}},"101":{"start":{"line":102,"column":0},"end":{"line":102,"column":30}},"102":{"start":{"line":103,"column":0},"end":{"line":103,"column":84}},"103":{"start":{"line":104,"column":0},"end":{"line":104,"column":20}},"104":{"start":{"line":105,"column":0},"end":{"line":105,"column":18}},"106":{"start":{"line":107,"column":0},"end":{"line":107,"column":38}},"107":{"start":{"line":108,"column":0},"end":{"line":108,"column":23}},"108":{"start":{"line":109,"column":0},"end":{"line":109,"column":21}},"109":{"start":{"line":110,"column":0},"end":{"line":110,"column":35}},"110":{"start":{"line":111,"column":0},"end":{"line":111,"column":25}},"111":{"start":{"line":112,"column":0},"end":{"line":112,"column":36}},"112":{"start":{"line":113,"column":0},"end":{"line":113,"column":39}},"113":{"start":{"line":114,"column":0},"end":{"line":114,"column":21}},"114":{"start":{"line":115,"column":0},"end":{"line":115,"column":58}},"115":{"start":{"line":116,"column":0},"end":{"line":116,"column":33}},"116":{"start":{"line":117,"column":0},"end":{"line":117,"column":30}},"117":{"start":{"line":118,"column":0},"end":{"line":118,"column":41}},"118":{"start":{"line":119,"column":0},"end":{"line":119,"column":64}},"119":{"start":{"line":120,"column":0},"end":{"line":120,"column":20}},"120":{"start":{"line":121,"column":0},"end":{"line":121,"column":18}},"122":{"start":{"line":123,"column":0},"end":{"line":123,"column":40}},"123":{"start":{"line":124,"column":0},"end":{"line":124,"column":23}},"124":{"start":{"line":125,"column":0},"end":{"line":125,"column":20}},"126":{"start":{"line":127,"column":0},"end":{"line":127,"column":31}},"127":{"start":{"line":128,"column":0},"end":{"line":128,"column":76}},"128":{"start":{"line":129,"column":0},"end":{"line":129,"column":21}},"129":{"start":{"line":130,"column":0},"end":{"line":130,"column":40}},"130":{"start":{"line":131,"column":0},"end":{"line":131,"column":45}},"131":{"start":{"line":132,"column":0},"end":{"line":132,"column":23}},"132":{"start":{"line":133,"column":0},"end":{"line":133,"column":62}},"133":{"start":{"line":134,"column":0},"end":{"line":134,"column":37}},"134":{"start":{"line":135,"column":0},"end":{"line":135,"column":63}},"135":{"start":{"line":136,"column":0},"end":{"line":136,"column":20}},"136":{"start":{"line":137,"column":0},"end":{"line":137,"column":18}},"137":{"start":{"line":138,"column":0},"end":{"line":138,"column":21}},"138":{"start":{"line":139,"column":0},"end":{"line":139,"column":40}},"139":{"start":{"line":140,"column":0},"end":{"line":140,"column":46}},"140":{"start":{"line":141,"column":0},"end":{"line":141,"column":23}},"141":{"start":{"line":142,"column":0},"end":{"line":142,"column":62}},"142":{"start":{"line":143,"column":0},"end":{"line":143,"column":37}},"143":{"start":{"line":144,"column":0},"end":{"line":144,"column":63}},"144":{"start":{"line":145,"column":0},"end":{"line":145,"column":20}},"145":{"start":{"line":146,"column":0},"end":{"line":146,"column":18}},"146":{"start":{"line":147,"column":0},"end":{"line":147,"column":21}},"147":{"start":{"line":148,"column":0},"end":{"line":148,"column":40}},"148":{"start":{"line":149,"column":0},"end":{"line":149,"column":41}},"149":{"start":{"line":150,"column":0},"end":{"line":150,"column":23}},"150":{"start":{"line":151,"column":0},"end":{"line":151,"column":62}},"151":{"start":{"line":152,"column":0},"end":{"line":152,"column":37}},"152":{"start":{"line":153,"column":0},"end":{"line":153,"column":63}},"153":{"start":{"line":154,"column":0},"end":{"line":154,"column":20}},"154":{"start":{"line":155,"column":0},"end":{"line":155,"column":18}},"155":{"start":{"line":156,"column":0},"end":{"line":156,"column":22}},"157":{"start":{"line":158,"column":0},"end":{"line":158,"column":25}},"158":{"start":{"line":159,"column":0},"end":{"line":159,"column":31}},"159":{"start":{"line":160,"column":0},"end":{"line":160,"column":21}},"160":{"start":{"line":161,"column":0},"end":{"line":161,"column":52}},"161":{"start":{"line":162,"column":0},"end":{"line":162,"column":39}},"162":{"start":{"line":163,"column":0},"end":{"line":163,"column":18}},"164":{"start":{"line":165,"column":0},"end":{"line":165,"column":34}},"165":{"start":{"line":166,"column":0},"end":{"line":166,"column":27}},"167":{"start":{"line":168,"column":0},"end":{"line":168,"column":25}},"168":{"start":{"line":169,"column":0},"end":{"line":169,"column":29}},"169":{"start":{"line":170,"column":0},"end":{"line":170,"column":32}},"170":{"start":{"line":171,"column":0},"end":{"line":171,"column":33}},"171":{"start":{"line":172,"column":0},"end":{"line":172,"column":21}},"172":{"start":{"line":173,"column":0},"end":{"line":173,"column":52}},"173":{"start":{"line":174,"column":0},"end":{"line":174,"column":46}},"174":{"start":{"line":175,"column":0},"end":{"line":175,"column":30}},"175":{"start":{"line":176,"column":0},"end":{"line":176,"column":35}},"176":{"start":{"line":177,"column":0},"end":{"line":177,"column":20}},"177":{"start":{"line":178,"column":0},"end":{"line":178,"column":18}},"178":{"start":{"line":179,"column":0},"end":{"line":179,"column":15}},"180":{"start":{"line":181,"column":0},"end":{"line":181,"column":27}},"181":{"start":{"line":182,"column":0},"end":{"line":182,"column":20}},"182":{"start":{"line":183,"column":0},"end":{"line":183,"column":18}},"185":{"start":{"line":186,"column":0},"end":{"line":186,"column":14}},"186":{"start":{"line":187,"column":0},"end":{"line":187,"column":17}},"187":{"start":{"line":188,"column":0},"end":{"line":188,"column":30}},"188":{"start":{"line":189,"column":0},"end":{"line":189,"column":39}},"189":{"start":{"line":190,"column":0},"end":{"line":190,"column":35}},"190":{"start":{"line":191,"column":0},"end":{"line":191,"column":35}},"191":{"start":{"line":192,"column":0},"end":{"line":192,"column":14}},"193":{"start":{"line":194,"column":0},"end":{"line":194,"column":16}},"194":{"start":{"line":195,"column":0},"end":{"line":195,"column":19}},"195":{"start":{"line":196,"column":0},"end":{"line":196,"column":30}},"196":{"start":{"line":197,"column":0},"end":{"line":197,"column":30}},"197":{"start":{"line":198,"column":0},"end":{"line":198,"column":45}},"198":{"start":{"line":199,"column":0},"end":{"line":199,"column":32}},"199":{"start":{"line":200,"column":0},"end":{"line":200,"column":55}},"200":{"start":{"line":201,"column":0},"end":{"line":201,"column":45}},"201":{"start":{"line":202,"column":0},"end":{"line":202,"column":61}},"202":{"start":{"line":203,"column":0},"end":{"line":203,"column":32}},"203":{"start":{"line":204,"column":0},"end":{"line":204,"column":37}},"204":{"start":{"line":205,"column":0},"end":{"line":205,"column":41}},"205":{"start":{"line":206,"column":0},"end":{"line":206,"column":37}},"206":{"start":{"line":207,"column":0},"end":{"line":207,"column":35}},"207":{"start":{"line":208,"column":0},"end":{"line":208,"column":16}},"209":{"start":{"line":210,"column":0},"end":{"line":210,"column":94}},"210":{"start":{"line":211,"column":0},"end":{"line":211,"column":20}},"211":{"start":{"line":212,"column":0},"end":{"line":212,"column":23}},"212":{"start":{"line":213,"column":0},"end":{"line":213,"column":30}},"213":{"start":{"line":214,"column":0},"end":{"line":214,"column":31}},"214":{"start":{"line":215,"column":0},"end":{"line":215,"column":40}},"215":{"start":{"line":216,"column":0},"end":{"line":216,"column":84}},"216":{"start":{"line":217,"column":0},"end":{"line":217,"column":36}},"217":{"start":{"line":218,"column":0},"end":{"line":218,"column":41}},"218":{"start":{"line":219,"column":0},"end":{"line":219,"column":45}},"219":{"start":{"line":220,"column":0},"end":{"line":220,"column":26}},"220":{"start":{"line":221,"column":0},"end":{"line":221,"column":20}},"222":{"start":{"line":223,"column":0},"end":{"line":223,"column":101}},"224":{"start":{"line":225,"column":0},"end":{"line":225,"column":31}},"225":{"start":{"line":226,"column":0},"end":{"line":226,"column":22}},"226":{"start":{"line":227,"column":0},"end":{"line":227,"column":27}},"227":{"start":{"line":228,"column":0},"end":{"line":228,"column":30}},"228":{"start":{"line":229,"column":0},"end":{"line":229,"column":31}},"229":{"start":{"line":230,"column":0},"end":{"line":230,"column":23}},"230":{"start":{"line":231,"column":0},"end":{"line":231,"column":54}},"231":{"start":{"line":232,"column":0},"end":{"line":232,"column":40}},"232":{"start":{"line":233,"column":0},"end":{"line":233,"column":36}},"233":{"start":{"line":234,"column":0},"end":{"line":234,"column":20}},"234":{"start":{"line":235,"column":0},"end":{"line":235,"column":17}},"236":{"start":{"line":237,"column":0},"end":{"line":237,"column":29}},"237":{"start":{"line":238,"column":0},"end":{"line":238,"column":27}},"238":{"start":{"line":239,"column":0},"end":{"line":239,"column":33}},"239":{"start":{"line":240,"column":0},"end":{"line":240,"column":23}},"240":{"start":{"line":241,"column":0},"end":{"line":241,"column":54}},"241":{"start":{"line":242,"column":0},"end":{"line":242,"column":40}},"242":{"start":{"line":243,"column":0},"end":{"line":243,"column":34}},"243":{"start":{"line":244,"column":0},"end":{"line":244,"column":20}},"244":{"start":{"line":245,"column":0},"end":{"line":245,"column":17}},"246":{"start":{"line":247,"column":0},"end":{"line":247,"column":29}},"247":{"start":{"line":248,"column":0},"end":{"line":248,"column":22}},"248":{"start":{"line":249,"column":0},"end":{"line":249,"column":18}},"249":{"start":{"line":250,"column":0},"end":{"line":250,"column":16}},"250":{"start":{"line":251,"column":0},"end":{"line":251,"column":14}},"251":{"start":{"line":252,"column":0},"end":{"line":252,"column":16}},"252":{"start":{"line":253,"column":0},"end":{"line":253,"column":10}},"254":{"start":{"line":255,"column":0},"end":{"line":255,"column":1}}},"s":{"2":1,"3":1,"11":1,"12":1,"14":1,"15":1,"16":1,"18":1,"19":8,"20":8,"21":8,"23":8,"24":8,"25":8,"26":8,"27":8,"28":8,"29":8,"30":8,"31":8,"32":8,"33":8,"34":8,"35":8,"36":8,"37":8,"38":8,"39":8,"44":8,"45":8,"46":8,"47":8,"49":8,"50":8,"51":8,"52":8,"53":8,"54":8,"55":8,"56":8,"57":8,"58":8,"61":8,"62":8,"63":8,"64":8,"65":8,"66":8,"67":8,"68":8,"69":8,"70":8,"71":8,"72":8,"73":8,"74":8,"76":8,"77":8,"79":8,"80":8,"81":8,"82":8,"83":8,"84":8,"85":8,"86":8,"88":8,"89":8,"90":8,"92":8,"93":8,"94":8,"95":8,"96":8,"97":8,"98":8,"99":8,"100":8,"101":8,"102":8,"103":8,"104":8,"106":8,"107":8,"108":8,"109":8,"110":8,"111":8,"112":8,"113":8,"114":8,"115":8,"116":8,"117":8,"118":8,"119":8,"120":8,"122":8,"123":8,"124":8,"126":8,"127":8,"128":8,"129":8,"130":8,"131":8,"132":8,"133":8,"134":8,"135":8,"136":8,"137":8,"138":8,"139":8,"140":8,"141":8,"142":8,"143":8,"144":8,"145":8,"146":8,"147":8,"148":8,"149":8,"150":8,"151":8,"152":8,"153":8,"154":8,"155":8,"157":8,"158":8,"159":8,"160":8,"161":8,"162":8,"164":8,"165":8,"167":8,"168":8,"169":8,"170":8,"171":8,"172":8,"173":8,"174":8,"175":8,"176":8,"177":8,"178":8,"180":8,"181":8,"182":8,"185":8,"186":8,"187":8,"188":8,"189":8,"190":8,"191":8,"193":8,"194":8,"195":8,"196":8,"197":8,"198":8,"199":8,"200":8,"201":8,"202":8,"203":8,"204":8,"205":8,"206":8,"207":8,"209":8,"210":8,"211":8,"212":8,"213":8,"214":8,"215":8,"216":8,"217":8,"218":8,"219":8,"220":8,"222":8,"224":8,"225":8,"226":8,"227":8,"228":8,"229":8,"230":8,"231":8,"232":8,"233":8,"234":8,"236":8,"237":8,"238":8,"239":8,"240":8,"241":8,"242":8,"243":8,"244":8,"246":8,"247":8,"248":8,"249":8,"250":8,"251":8,"252":8,"254":8},"branchMap":{"0":{"type":"branch","line":19,"loc":{"start":{"line":19,"column":7},"end":{"line":255,"column":1}},"locations":[{"start":{"line":19,"column":7},"end":{"line":255,"column":1}}]}},"b":{"0":[8]},"fnMap":{"0":{"name":"Hero","decl":{"start":{"line":19,"column":7},"end":{"line":255,"column":1}},"loc":{"start":{"line":19,"column":7},"end":{"line":255,"column":1}},"line":19}},"f":{"0":8}}
,"/Users/rsternke/Developer/valleyApps/permit-school/web/src/components/ui/CardX.tsx": {"path":"/Users/rsternke/Developer/valleyApps/permit-school/web/src/components/ui/CardX.tsx","all":false,"statementMap":{"2":{"start":{"line":3,"column":0},"end":{"line":3,"column":26}},"3":{"start":{"line":4,"column":0},"end":{"line":4,"column":9}},"14":{"start":{"line":15,"column":0},"end":{"line":15,"column":35}},"28":{"start":{"line":29,"column":0},"end":{"line":29,"column":20}},"29":{"start":{"line":30,"column":0},"end":{"line":30,"column":17}},"30":{"start":{"line":31,"column":0},"end":{"line":31,"column":20}},"31":{"start":{"line":32,"column":0},"end":{"line":32,"column":19}},"32":{"start":{"line":33,"column":0},"end":{"line":33,"column":20}},"33":{"start":{"line":34,"column":0},"end":{"line":34,"column":2}},"35":{"start":{"line":36,"column":0},"end":{"line":36,"column":20}},"36":{"start":{"line":37,"column":0},"end":{"line":37,"column":30}},"37":{"start":{"line":38,"column":0},"end":{"line":38,"column":59}},"38":{"start":{"line":39,"column":0},"end":{"line":39,"column":2}},"40":{"start":{"line":41,"column":0},"end":{"line":41,"column":60}},"41":{"start":{"line":42,"column":0},"end":{"line":42,"column":5}},"42":{"start":{"line":43,"column":0},"end":{"line":43,"column":11}},"43":{"start":{"line":44,"column":0},"end":{"line":44,"column":14}},"44":{"start":{"line":45,"column":0},"end":{"line":45,"column":14}},"45":{"start":{"line":46,"column":0},"end":{"line":46,"column":13}},"46":{"start":{"line":47,"column":0},"end":{"line":47,"column":18}},"47":{"start":{"line":48,"column":0},"end":{"line":48,"column":26}},"48":{"start":{"line":49,"column":0},"end":{"line":49,"column":24}},"49":{"start":{"line":50,"column":0},"end":{"line":50,"column":30}},"50":{"start":{"line":51,"column":0},"end":{"line":51,"column":23}},"51":{"start":{"line":52,"column":0},"end":{"line":52,"column":7}},"52":{"start":{"line":53,"column":0},"end":{"line":53,"column":13}},"53":{"start":{"line":54,"column":0},"end":{"line":54,"column":14}},"54":{"start":{"line":55,"column":0},"end":{"line":55,"column":12}},"55":{"start":{"line":56,"column":0},"end":{"line":56,"column":11}},"56":{"start":{"line":57,"column":0},"end":{"line":57,"column":17}},"57":{"start":{"line":58,"column":0},"end":{"line":58,"column":13}},"58":{"start":{"line":59,"column":0},"end":{"line":59,"column":25}},"59":{"start":{"line":60,"column":0},"end":{"line":60,"column":26}},"60":{"start":{"line":61,"column":0},"end":{"line":61,"column":34}},"61":{"start":{"line":62,"column":0},"end":{"line":62,"column":45}},"62":{"start":{"line":63,"column":0},"end":{"line":63,"column":22}},"63":{"start":{"line":64,"column":0},"end":{"line":64,"column":42}},"64":{"start":{"line":65,"column":0},"end":{"line":65,"column":49}},"65":{"start":{"line":66,"column":0},"end":{"line":66,"column":12}},"66":{"start":{"line":67,"column":0},"end":{"line":67,"column":33}},"67":{"start":{"line":68,"column":0},"end":{"line":68,"column":16}},"68":{"start":{"line":69,"column":0},"end":{"line":69,"column":10}},"69":{"start":{"line":70,"column":0},"end":{"line":70,"column":18}},"71":{"start":{"line":72,"column":0},"end":{"line":72,"column":38}},"72":{"start":{"line":73,"column":0},"end":{"line":73,"column":21}},"73":{"start":{"line":74,"column":0},"end":{"line":74,"column":29}},"74":{"start":{"line":75,"column":0},"end":{"line":75,"column":66}},"75":{"start":{"line":76,"column":0},"end":{"line":76,"column":23}},"76":{"start":{"line":77,"column":0},"end":{"line":77,"column":27}},"78":{"start":{"line":79,"column":0},"end":{"line":79,"column":36}},"79":{"start":{"line":80,"column":0},"end":{"line":80,"column":75}},"80":{"start":{"line":81,"column":0},"end":{"line":81,"column":26}},"81":{"start":{"line":82,"column":0},"end":{"line":82,"column":27}},"83":{"start":{"line":84,"column":0},"end":{"line":84,"column":34}},"84":{"start":{"line":85,"column":0},"end":{"line":85,"column":17}},"85":{"start":{"line":86,"column":0},"end":{"line":86,"column":37}},"86":{"start":{"line":87,"column":0},"end":{"line":87,"column":20}},"87":{"start":{"line":88,"column":0},"end":{"line":88,"column":14}},"88":{"start":{"line":89,"column":0},"end":{"line":89,"column":12}},"91":{"start":{"line":92,"column":0},"end":{"line":92,"column":21}},"92":{"start":{"line":93,"column":0},"end":{"line":93,"column":16}},"93":{"start":{"line":94,"column":0},"end":{"line":94,"column":35}},"94":{"start":{"line":95,"column":0},"end":{"line":95,"column":38}},"95":{"start":{"line":96,"column":0},"end":{"line":96,"column":24}},"96":{"start":{"line":97,"column":0},"end":{"line":97,"column":28}},"97":{"start":{"line":98,"column":0},"end":{"line":98,"column":36}},"98":{"start":{"line":99,"column":0},"end":{"line":99,"column":12}},"100":{"start":{"line":101,"column":0},"end":{"line":101,"column":20}},"101":{"start":{"line":102,"column":0},"end":{"line":102,"column":22}},"103":{"start":{"line":104,"column":0},"end":{"line":104,"column":21}},"104":{"start":{"line":105,"column":0},"end":{"line":105,"column":23}},"105":{"start":{"line":106,"column":0},"end":{"line":106,"column":18}},"106":{"start":{"line":107,"column":0},"end":{"line":107,"column":37}},"107":{"start":{"line":108,"column":0},"end":{"line":108,"column":20}},"108":{"start":{"line":109,"column":0},"end":{"line":109,"column":41}},"109":{"start":{"line":110,"column":0},"end":{"line":110,"column":14}},"111":{"start":{"line":112,"column":0},"end":{"line":112,"column":21}},"112":{"start":{"line":113,"column":0},"end":{"line":113,"column":24}},"114":{"start":{"line":115,"column":0},"end":{"line":115,"column":13}},"116":{"start":{"line":117,"column":0},"end":{"line":117,"column":3}},"117":{"start":{"line":118,"column":0},"end":{"line":118,"column":2}},"119":{"start":{"line":120,"column":0},"end":{"line":120,"column":28}}},"s":{"2":1,"3":1,"14":1,"28":1,"29":1,"30":1,"31":1,"32":1,"33":1,"35":1,"36":1,"37":1,"38":1,"40":1,"41":1,"42":15,"43":15,"44":15,"45":15,"46":15,"47":15,"48":15,"49":15,"50":15,"51":15,"52":15,"53":15,"54":15,"55":15,"56":15,"57":15,"58":15,"59":15,"60":15,"61":15,"62":15,"63":15,"64":15,"65":15,"66":15,"67":15,"68":15,"69":15,"71":15,"72":14,"73":14,"74":14,"75":14,"76":14,"78":14,"79":2,"80":2,"81":2,"83":14,"84":14,"85":14,"86":14,"87":14,"88":14,"91":15,"92":15,"93":15,"94":15,"95":15,"96":15,"97":15,"98":15,"100":15,"101":15,"103":15,"104":2,"105":2,"106":2,"107":2,"108":2,"109":2,"111":2,"112":2,"114":15,"116":15,"117":1,"119":1},"branchMap":{"0":{"type":"branch","line":42,"loc":{"start":{"line":42,"column":2},"end":{"line":117,"column":3}},"locations":[{"start":{"line":42,"column":2},"end":{"line":117,"column":3}}]},"1":{"type":"branch","line":72,"loc":{"start":{"line":72,"column":10},"end":{"line":72,"column":38}},"locations":[{"start":{"line":72,"column":10},"end":{"line":72,"column":38}}]},"2":{"type":"branch","line":72,"loc":{"start":{"line":72,"column":19},"end":{"line":89,"column":12}},"locations":[{"start":{"line":72,"column":19},"end":{"line":89,"column":12}}]},"3":{"type":"branch","line":79,"loc":{"start":{"line":79,"column":23},"end":{"line":82,"column":27}},"locations":[{"start":{"line":79,"column":23},"end":{"line":82,"column":27}}]},"4":{"type":"branch","line":95,"loc":{"start":{"line":95,"column":16},"end":{"line":95,"column":28}},"locations":[{"start":{"line":95,"column":16},"end":{"line":95,"column":28}}]},"5":{"type":"branch","line":95,"loc":{"start":{"line":95,"column":24},"end":{"line":95,"column":38}},"locations":[{"start":{"line":95,"column":24},"end":{"line":95,"column":38}}]},"6":{"type":"branch","line":104,"loc":{"start":{"line":104,"column":9},"end":{"line":113,"column":24}},"locations":[{"start":{"line":104,"column":9},"end":{"line":113,"column":24}}]},"7":{"type":"branch","line":65,"loc":{"start":{"line":65,"column":23},"end":{"line":65,"column":49}},"locations":[{"start":{"line":65,"column":23},"end":{"line":65,"column":49}}]}},"b":{"0":[15],"1":[1],"2":[14],"3":[2],"4":[14],"5":[1],"6":[2],"7":[15]},"fnMap":{"0":{"name":"boxShadow","decl":{"start":{"line":65,"column":23},"end":{"line":65,"column":49}},"loc":{"start":{"line":65,"column":23},"end":{"line":65,"column":49}},"line":65}},"f":{"0":15}}
,"/Users/rsternke/Developer/valleyApps/permit-school/web/src/components/ui/EmptyState.tsx": {"path":"/Users/rsternke/Developer/valleyApps/permit-school/web/src/components/ui/EmptyState.tsx","all":false,"statementMap":{"2":{"start":{"line":3,"column":0},"end":{"line":3,"column":9}},"10":{"start":{"line":11,"column":0},"end":{"line":11,"column":42}},"32":{"start":{"line":33,"column":0},"end":{"line":33,"column":17}},"33":{"start":{"line":34,"column":0},"end":{"line":34,"column":10}},"34":{"start":{"line":35,"column":0},"end":{"line":35,"column":17}},"35":{"start":{"line":36,"column":0},"end":{"line":36,"column":32}},"36":{"start":{"line":37,"column":0},"end":{"line":37,"column":41}},"37":{"start":{"line":38,"column":0},"end":{"line":38,"column":15}},"38":{"start":{"line":39,"column":0},"end":{"line":39,"column":4}},"39":{"start":{"line":40,"column":0},"end":{"line":40,"column":11}},"40":{"start":{"line":41,"column":0},"end":{"line":41,"column":17}},"41":{"start":{"line":42,"column":0},"end":{"line":42,"column":32}},"42":{"start":{"line":43,"column":0},"end":{"line":43,"column":41}},"43":{"start":{"line":44,"column":0},"end":{"line":44,"column":15}},"44":{"start":{"line":45,"column":0},"end":{"line":45,"column":4}},"45":{"start":{"line":46,"column":0},"end":{"line":46,"column":10}},"46":{"start":{"line":47,"column":0},"end":{"line":47,"column":17}},"47":{"start":{"line":48,"column":0},"end":{"line":48,"column":32}},"48":{"start":{"line":49,"column":0},"end":{"line":49,"column":38}},"49":{"start":{"line":50,"column":0},"end":{"line":50,"column":15}},"50":{"start":{"line":51,"column":0},"end":{"line":51,"column":4}},"51":{"start":{"line":52,"column":0},"end":{"line":52,"column":2}},"53":{"start":{"line":54,"column":0},"end":{"line":54,"column":67}},"54":{"start":{"line":55,"column":0},"end":{"line":55,"column":5}},"55":{"start":{"line":56,"column":0},"end":{"line":56,"column":10}},"56":{"start":{"line":57,"column":0},"end":{"line":57,"column":11}},"57":{"start":{"line":58,"column":0},"end":{"line":58,"column":17}},"58":{"start":{"line":59,"column":0},"end":{"line":59,"column":19}},"59":{"start":{"line":60,"column":0},"end":{"line":60,"column":20}},"60":{"start":{"line":61,"column":0},"end":{"line":61,"column":20}},"61":{"start":{"line":62,"column":0},"end":{"line":62,"column":21}},"62":{"start":{"line":63,"column":0},"end":{"line":63,"column":22}},"63":{"start":{"line":64,"column":0},"end":{"line":64,"column":7}},"64":{"start":{"line":65,"column":0},"end":{"line":65,"column":13}},"65":{"start":{"line":66,"column":0},"end":{"line":66,"column":14}},"66":{"start":{"line":67,"column":0},"end":{"line":67,"column":29}},"67":{"start":{"line":68,"column":0},"end":{"line":68,"column":37}},"69":{"start":{"line":70,"column":0},"end":{"line":70,"column":12}},"70":{"start":{"line":71,"column":0},"end":{"line":71,"column":10}},"71":{"start":{"line":72,"column":0},"end":{"line":72,"column":17}},"72":{"start":{"line":73,"column":0},"end":{"line":73,"column":29}},"73":{"start":{"line":74,"column":0},"end":{"line":74,"column":13}},"74":{"start":{"line":75,"column":0},"end":{"line":75,"column":26}},"75":{"start":{"line":76,"column":0},"end":{"line":76,"column":34}},"76":{"start":{"line":77,"column":0},"end":{"line":77,"column":100}},"77":{"start":{"line":78,"column":0},"end":{"line":78,"column":27}},"78":{"start":{"line":79,"column":0},"end":{"line":79,"column":37}},"79":{"start":{"line":80,"column":0},"end":{"line":80,"column":33}},"80":{"start":{"line":81,"column":0},"end":{"line":81,"column":16}},"81":{"start":{"line":82,"column":0},"end":{"line":82,"column":10}},"82":{"start":{"line":83,"column":0},"end":{"line":83,"column":18}},"84":{"start":{"line":85,"column":0},"end":{"line":85,"column":18}},"85":{"start":{"line":86,"column":0},"end":{"line":86,"column":14}},"86":{"start":{"line":87,"column":0},"end":{"line":87,"column":17}},"87":{"start":{"line":88,"column":0},"end":{"line":88,"column":41}},"88":{"start":{"line":89,"column":0},"end":{"line":89,"column":42}},"89":{"start":{"line":90,"column":0},"end":{"line":90,"column":30}},"90":{"start":{"line":91,"column":0},"end":{"line":91,"column":35}},"91":{"start":{"line":92,"column":0},"end":{"line":92,"column":39}},"92":{"start":{"line":93,"column":0},"end":{"line":93,"column":38}},"93":{"start":{"line":94,"column":0},"end":{"line":94,"column":37}},"94":{"start":{"line":95,"column":0},"end":{"line":95,"column":14}},"96":{"start":{"line":97,"column":0},"end":{"line":97,"column":18}},"97":{"start":{"line":98,"column":0},"end":{"line":98,"column":16}},"100":{"start":{"line":101,"column":0},"end":{"line":101,"column":19}},"101":{"start":{"line":102,"column":0},"end":{"line":102,"column":43}},"102":{"start":{"line":103,"column":0},"end":{"line":103,"column":24}},"103":{"start":{"line":104,"column":0},"end":{"line":104,"column":15}},"104":{"start":{"line":105,"column":0},"end":{"line":105,"column":28}},"105":{"start":{"line":106,"column":0},"end":{"line":106,"column":53}},"106":{"start":{"line":107,"column":0},"end":{"line":107,"column":34}},"107":{"start":{"line":108,"column":0},"end":{"line":108,"column":12}},"109":{"start":{"line":110,"column":0},"end":{"line":110,"column":17}},"110":{"start":{"line":111,"column":0},"end":{"line":111,"column":21}},"112":{"start":{"line":113,"column":0},"end":{"line":113,"column":25}},"113":{"start":{"line":114,"column":0},"end":{"line":114,"column":21}},"114":{"start":{"line":115,"column":0},"end":{"line":115,"column":51}},"115":{"start":{"line":116,"column":0},"end":{"line":116,"column":34}},"116":{"start":{"line":117,"column":0},"end":{"line":117,"column":17}},"117":{"start":{"line":118,"column":0},"end":{"line":118,"column":78}},"118":{"start":{"line":119,"column":0},"end":{"line":119,"column":28}},"119":{"start":{"line":120,"column":0},"end":{"line":120,"column":14}},"121":{"start":{"line":122,"column":0},"end":{"line":122,"column":25}},"122":{"start":{"line":123,"column":0},"end":{"line":123,"column":23}},"125":{"start":{"line":126,"column":0},"end":{"line":126,"column":48}},"126":{"start":{"line":127,"column":0},"end":{"line":127,"column":16}},"127":{"start":{"line":128,"column":0},"end":{"line":128,"column":51}},"128":{"start":{"line":129,"column":0},"end":{"line":129,"column":23}},"129":{"start":{"line":130,"column":0},"end":{"line":130,"column":41}},"131":{"start":{"line":132,"column":0},"end":{"line":132,"column":31}},"132":{"start":{"line":133,"column":0},"end":{"line":133,"column":21}},"133":{"start":{"line":134,"column":0},"end":{"line":134,"column":35}},"134":{"start":{"line":135,"column":0},"end":{"line":135,"column":47}},"135":{"start":{"line":136,"column":0},"end":{"line":136,"column":49}},"136":{"start":{"line":137,"column":0},"end":{"line":137,"column":47}},"138":{"start":{"line":139,"column":0},"end":{"line":139,"column":37}},"139":{"start":{"line":140,"column":0},"end":{"line":140,"column":23}},"141":{"start":{"line":142,"column":0},"end":{"line":142,"column":33}},"142":{"start":{"line":143,"column":0},"end":{"line":143,"column":21}},"143":{"start":{"line":144,"column":0},"end":{"line":144,"column":34}},"144":{"start":{"line":145,"column":0},"end":{"line":145,"column":49}},"145":{"start":{"line":146,"column":0},"end":{"line":146,"column":51}},"147":{"start":{"line":148,"column":0},"end":{"line":148,"column":39}},"148":{"start":{"line":149,"column":0},"end":{"line":149,"column":23}},"150":{"start":{"line":151,"column":0},"end":{"line":151,"column":18}},"152":{"start":{"line":153,"column":0},"end":{"line":153,"column":12}},"154":{"start":{"line":155,"column":0},"end":{"line":155,"column":3}},"155":{"start":{"line":156,"column":0},"end":{"line":156,"column":2}},"157":{"start":{"line":158,"column":0},"end":{"line":158,"column":38}}},"s":{"2":1,"10":1,"32":1,"33":1,"34":1,"35":1,"36":1,"37":1,"38":1,"39":1,"40":1,"41":1,"42":1,"43":1,"44":1,"45":1,"46":1,"47":1,"48":1,"49":1,"50":1,"51":1,"53":1,"54":1,"55":5,"56":5,"57":5,"58":5,"59":5,"60":5,"61":5,"62":5,"63":5,"64":5,"65":5,"66":5,"67":5,"69":5,"70":5,"71":5,"72":5,"73":5,"74":5,"75":5,"76":5,"77":5,"78":5,"79":5,"80":5,"81":5,"82":5,"84":5,"85":1,"86":1,"87":1,"88":1,"89":1,"90":1,"91":1,"92":1,"93":1,"94":1,"96":1,"97":1,"100":5,"101":5,"102":5,"103":5,"104":5,"105":5,"106":5,"107":5,"109":5,"110":5,"112":5,"113":5,"114":5,"115":5,"116":5,"117":5,"118":5,"119":5,"121":5,"122":5,"125":5,"126":1,"127":1,"128":1,"129":1,"131":1,"132":1,"133":1,"134":1,"135":1,"136":1,"138":1,"139":1,"141":1,"142":0,"143":0,"144":0,"145":0,"147":0,"148":0,"150":1,"152":5,"154":5,"155":1,"157":1},"branchMap":{"0":{"type":"branch","line":55,"loc":{"start":{"line":55,"column":2},"end":{"line":155,"column":3}},"locations":[{"start":{"line":55,"column":2},"end":{"line":155,"column":3}}]},"1":{"type":"branch","line":77,"loc":{"start":{"line":77,"column":43},"end":{"line":77,"column":100}},"locations":[{"start":{"line":77,"column":43},"end":{"line":77,"column":100}}]},"2":{"type":"branch","line":85,"loc":{"start":{"line":85,"column":9},"end":{"line":98,"column":16}},"locations":[{"start":{"line":85,"column":9},"end":{"line":98,"column":16}}]},"3":{"type":"branch","line":106,"loc":{"start":{"line":106,"column":30},"end":{"line":106,"column":53}},"locations":[{"start":{"line":106,"column":30},"end":{"line":106,"column":53}}]},"4":{"type":"branch","line":118,"loc":{"start":{"line":118,"column":19},"end":{"line":118,"column":55}},"locations":[{"start":{"line":118,"column":19},"end":{"line":118,"column":55}}]},"5":{"type":"branch","line":118,"loc":{"start":{"line":118,"column":36},"end":{"line":118,"column":76}},"locations":[{"start":{"line":118,"column":36},"end":{"line":118,"column":76}}]},"6":{"type":"branch","line":118,"loc":{"start":{"line":118,"column":66},"end":{"line":118,"column":78}},"locations":[{"start":{"line":118,"column":66},"end":{"line":118,"column":78}}]},"7":{"type":"branch","line":126,"loc":{"start":{"line":126,"column":10},"end":{"line":126,"column":48}},"locations":[{"start":{"line":126,"column":10},"end":{"line":126,"column":48}}]},"8":{"type":"branch","line":126,"loc":{"start":{"line":126,"column":27},"end":{"line":151,"column":18}},"locations":[{"start":{"line":126,"column":27},"end":{"line":151,"column":18}}]},"9":{"type":"branch","line":142,"loc":{"start":{"line":142,"column":13},"end":{"line":149,"column":23}},"locations":[{"start":{"line":142,"column":13},"end":{"line":149,"column":23}}]}},"b":{"0":[5],"1":[0],"2":[1],"3":[0],"4":[4],"5":[1],"6":[4],"7":[4],"8":[1],"9":[0]},"fnMap":{},"f":{}}
[...]
8},"end":{"line":19,"column":83}}]},"10":{"type":"branch","line":21,"loc":{"start":{"line":21,"column":29},"end":{"line":21,"column":82}},"locations":[{"start":{"line":21,"column":29},"end":{"line":21,"column":82}}]},"11":{"type":"branch","line":22,"loc":{"start":{"line":22,"column":33},"end":{"line":22,"column":69}},"locations":[{"start":{"line":22,"column":33},"end":{"line":22,"column":69}}]},"12":{"type":"branch","line":29,"loc":{"start":{"line":29,"column":32},"end":{"line":36,"column":2}},"locations":[{"start":{"line":29,"column":32},"end":{"line":36,"column":2}}]},"13":{"type":"branch","line":30,"loc":{"start":{"line":30,"column":23},"end":{"line":35,"column":3}},"locations":[{"start":{"line":30,"column":23},"end":{"line":35,"column":3}}]},"14":{"type":"branch","line":41,"loc":{"start":{"line":41,"column":35},"end":{"line":43,"column":2}},"locations":[{"start":{"line":41,"column":35},"end":{"line":43,"column":2}}]},"15":{"type":"branch","line":42,"loc":{"start":{"line":42,"column":23},"end":{"line":42,"column":39}},"locations":[{"start":{"line":42,"column":23},"end":{"line":42,"column":39}}]},"16":{"type":"branch","line":42,"loc":{"start":{"line":42,"column":27},"end":{"line":42,"column":42}},"locations":[{"start":{"line":42,"column":27},"end":{"line":42,"column":42}}]},"17":{"type":"branch","line":48,"loc":{"start":{"line":48,"column":33},"end":{"line":60,"column":2}},"locations":[{"start":{"line":48,"column":33},"end":{"line":60,"column":2}}]},"18":{"type":"branch","line":49,"loc":{"start":{"line":49,"column":24},"end":{"line":49,"column":37}},"locations":[{"start":{"line":49,"column":24},"end":{"line":49,"column":37}}]},"19":{"type":"branch","line":49,"loc":{"start":{"line":49,"column":31},"end":{"line":51,"column":20}},"locations":[{"start":{"line":49,"column":31},"end":{"line":51,"column":20}}]},"20":{"type":"branch","line":52,"loc":{"start":{"line":52,"column":4},"end":{"line":52,"column":18}},"locations":[{"start":{"line":52,"column":4},"end":{"line":52,"column":18}}]},"21":{"type":"branch","line":53,"loc":{"start":{"line":53,"column":4},"end":{"line":53,"column":18}},"locations":[{"start":{"line":53,"column":4},"end":{"line":53,"column":18}}]},"22":{"type":"branch","line":54,"loc":{"start":{"line":54,"column":4},"end":{"line":54,"column":18}},"locations":[{"start":{"line":54,"column":4},"end":{"line":54,"column":18}}]},"23":{"type":"branch","line":55,"loc":{"start":{"line":55,"column":4},"end":{"line":56,"column":18}},"locations":[{"start":{"line":55,"column":4},"end":{"line":56,"column":18}}]},"24":{"type":"branch","line":57,"loc":{"start":{"line":57,"column":4},"end":{"line":58,"column":19}},"locations":[{"start":{"line":57,"column":4},"end":{"line":58,"column":19}}]}},"b":{"0":[42],"1":[6],"2":[2],"3":[4],"4":[2],"5":[4],"6":[2],"7":[4],"8":[2],"9":[4],"10":[3],"11":[4],"12":[4],"13":[2],"14":[7],"15":[2],"16":[5],"17":[17],"18":[10],"19":[7],"20":[3],"21":[5],"22":[6],"23":[7],"24":[0]},"fnMap":{"0":{"name":"isOfflineMode","decl":{"start":{"line":6,"column":29},"end":{"line":8,"column":2}},"loc":{"start":{"line":6,"column":29},"end":{"line":8,"column":2}},"line":6},"1":{"name":"getOfflineConfig","decl":{"start":{"line":10,"column":32},"end":{"line":24,"column":2}},"loc":{"start":{"line":10,"column":32},"end":{"line":24,"column":2}},"line":10},"2":{"name":"logOfflineStatus","decl":{"start":{"line":29,"column":32},"end":{"line":36,"column":2}},"loc":{"start":{"line":29,"column":32},"end":{"line":36,"column":2}},"line":29},"3":{"name":"getOfflineBadgeText","decl":{"start":{"line":41,"column":35},"end":{"line":43,"column":2}},"loc":{"start":{"line":41,"column":35},"end":{"line":43,"column":2}},"line":41},"4":{"name":"isFeatureDisabled","decl":{"start":{"line":48,"column":33},"end":{"line":60,"column":2}},"loc":{"start":{"line":48,"column":33},"end":{"line":60,"column":2}},"line":48}},"f":{"0":42,"1":6,"2":4,"3":7,"4":17}}
,"/Users/rsternke/Developer/valleyApps/permit-school/web/src/lib/ratelimit.ts": {"path":"/Users/rsternke/Developer/valleyApps/permit-school/web/src/lib/ratelimit.ts","all":false,"statementMap":{"1":{"start":{"line":2,"column":0},"end":{"line":2,"column":40}},"3":{"start":{"line":4,"column":0},"end":{"line":4,"column":71}},"4":{"start":{"line":5,"column":0},"end":{"line":5,"column":25}},"5":{"start":{"line":6,"column":0},"end":{"line":6,"column":28}},"7":{"start":{"line":8,"column":0},"end":{"line":8,"column":31}},"8":{"start":{"line":9,"column":0},"end":{"line":9,"column":55}},"9":{"start":{"line":10,"column":0},"end":{"line":10,"column":69}},"10":{"start":{"line":11,"column":0},"end":{"line":11,"column":3}},"12":{"start":{"line":13,"column":0},"end":{"line":13,"column":19}},"13":{"start":{"line":14,"column":0},"end":{"line":14,"column":59}},"14":{"start":{"line":15,"column":0},"end":{"line":15,"column":3}},"16":{"start":{"line":17,"column":0},"end":{"line":17,"column":11}},"17":{"start":{"line":18,"column":0},"end":{"line":18,"column":21}},"18":{"start":{"line":19,"column":0},"end":{"line":19,"column":64}},"19":{"start":{"line":20,"column":0},"end":{"line":20,"column":1}},"21":{"start":{"line":22,"column":0},"end":{"line":22,"column":98}},"22":{"start":{"line":23,"column":0},"end":{"line":23,"column":10}},"23":{"start":{"line":24,"column":0},"end":{"line":24,"column":60}},"24":{"start":{"line":25,"column":0},"end":{"line":25,"column":57}},"25":{"start":{"line":26,"column":0},"end":{"line":26,"column":69}},"26":{"start":{"line":27,"column":0},"end":{"line":27,"column":26}},"27":{"start":{"line":28,"column":0},"end":{"line":28,"column":80}},"28":{"start":{"line":29,"column":0},"end":{"line":29,"column":7}},"29":{"start":{"line":30,"column":0},"end":{"line":30,"column":4}},"30":{"start":{"line":31,"column":0},"end":{"line":31,"column":1}},"32":{"start":{"line":33,"column":0},"end":{"line":33,"column":59}},"34":{"start":{"line":35,"column":0},"end":{"line":35,"column":59}},"35":{"start":{"line":36,"column":0},"end":{"line":36,"column":50}},"36":{"start":{"line":37,"column":0},"end":{"line":37,"column":61}},"38":{"start":{"line":39,"column":0},"end":{"line":39,"column":28}},"39":{"start":{"line":40,"column":0},"end":{"line":40,"column":1}}},"s":{"1":1,"3":1,"4":33,"5":33,"7":33,"8":14,"9":14,"10":14,"12":33,"13":8,"14":8,"16":11,"17":11,"18":11,"19":11,"21":1,"22":4,"23":4,"24":4,"25":4,"26":4,"27":1,"28":1,"29":4,"30":4,"32":1,"34":5,"35":5,"36":5,"38":5,"39":5},"branchMap":{"0":{"type":"branch","line":4,"loc":{"start":{"line":4,"column":7},"end":{"line":20,"column":1}},"locations":[{"start":{"line":4,"column":7},"end":{"line":20,"column":1}}]},"1":{"type":"branch","line":8,"loc":{"start":{"line":8,"column":7},"end":{"line":8,"column":30}},"locations":[{"start":{"line":8,"column":7},"end":{"line":8,"column":30}}]},"2":{"type":"branch","line":8,"loc":{"start":{"line":8,"column":30},"end":{"line":11,"column":3}},"locations":[{"start":{"line":8,"column":30},"end":{"line":11,"column":3}}]},"3":{"type":"branch","line":11,"loc":{"start":{"line":11,"column":2},"end":{"line":13,"column":18}},"locations":[{"start":{"line":11,"column":2},"end":{"line":13,"column":18}}]},"4":{"type":"branch","line":13,"loc":{"start":{"line":13,"column":18},"end":{"line":15,"column":3}},"locations":[{"start":{"line":13,"column":18},"end":{"line":15,"column":3}}]},"5":{"type":"branch","line":15,"loc":{"start":{"line":15,"column":2},"end":{"line":20,"column":1}},"locations":[{"start":{"line":15,"column":2},"end":{"line":20,"column":1}}]},"6":{"type":"branch","line":22,"loc":{"start":{"line":22,"column":7},"end":{"line":31,"column":1}},"locations":[{"start":{"line":22,"column":7},"end":{"line":31,"column":1}}]},"7":{"type":"branch","line":24,"loc":{"start":{"line":24,"column":37},"end":{"line":24,"column":60}},"locations":[{"start":{"line":24,"column":37},"end":{"line":24,"column":60}}]},"8":{"type":"branch","line":27,"loc":{"start":{"line":27,"column":15},"end":{"line":27,"column":25}},"locations":[{"start":{"line":27,"column":15},"end":{"line":27,"column":25}}]},"9":{"type":"branch","line":27,"loc":{"start":{"line":27,"column":21},"end":{"line":29,"column":7}},"locations":[{"start":{"line":27,"column":21},"end":{"line":29,"column":7}}]},"10":{"type":"branch","line":33,"loc":{"start":{"line":33,"column":7},"end":{"line":40,"column":1}},"locations":[{"start":{"line":33,"column":7},"end":{"line":40,"column":1}}]},"11":{"type":"branch","line":37,"loc":{"start":{"line":37,"column":13},"end":{"line":37,"column":30}},"locations":[{"start":{"line":37,"column":13},"end":{"line":37,"column":30}}]},"12":{"type":"branch","line":37,"loc":{"start":{"line":37,"column":36},"end":{"line":37,"column":51}},"locations":[{"start":{"line":37,"column":36},"end":{"line":37,"column":51}}]},"13":{"type":"branch","line":37,"loc":{"start":{"line":37,"column":41},"end":{"line":37,"column":61}},"locations":[{"start":{"line":37,"column":41},"end":{"line":37,"column":61}}]}},"b":{"0":[33],"1":[20],"2":[14],"3":[19],"4":[8],"5":[11],"6":[4],"7":[2],"8":[3],"9":[1],"10":[5],"11":[3],"12":[3],"13":[1]},"fnMap":{"0":{"name":"rateLimit","decl":{"start":{"line":4,"column":7},"end":{"line":20,"column":1}},"loc":{"start":{"line":4,"column":7},"end":{"line":20,"column":1}},"line":4},"1":{"name":"getRateLimitHeaders","decl":{"start":{"line":22,"column":7},"end":{"line":31,"column":1}},"loc":{"start":{"line":22,"column":7},"end":{"line":31,"column":1}},"line":22},"2":{"name":"getRateLimitKey","decl":{"start":{"line":33,"column":7},"end":{"line":40,"column":1}},"loc":{"start":{"line":33,"column":7},"end":{"line":40,"column":1}},"line":33}},"f":{"0":33,"1":4,"2":5}}
,"/Users/rsternke/Developer/valleyApps/permit-school/web/src/lib/scrollToAnchor.ts": {"path":"/Users/rsternke/Developer/valleyApps/permit-school/web/src/lib/scrollToAnchor.ts","all":false,"statementMap":{"3":{"start":{"line":4,"column":0},"end":{"line":4,"column":81}},"4":{"start":{"line":5,"column":0},"end":{"line":5,"column":51}},"5":{"start":{"line":6,"column":0},"end":{"line":6,"column":16}},"7":{"start":{"line":8,"column":0},"end":{"line":8,"column":52}},"8":{"start":{"line":9,"column":0},"end":{"line":9,"column":58}},"11":{"start":{"line":12,"column":0},"end":{"line":12,"column":80}},"12":{"start":{"line":13,"column":0},"end":{"line":13,"column":73}},"14":{"start":{"line":15,"column":0},"end":{"line":15,"column":21}},"15":{"start":{"line":16,"column":0},"end":{"line":16,"column":27}},"16":{"start":{"line":17,"column":0},"end":{"line":17,"column":24}},"17":{"start":{"line":18,"column":0},"end":{"line":18,"column":7}},"18":{"start":{"line":19,"column":0},"end":{"line":19,"column":3}},"19":{"start":{"line":20,"column":0},"end":{"line":20,"column":1}}},"s":{"3":1,"4":14,"5":14,"7":12,"8":12,"11":12,"12":12,"14":12,"15":12,"16":12,"17":12,"18":12,"19":14},"branchMap":{"0":{"type":"branch","line":4,"loc":{"start":{"line":4,"column":7},"end":{"line":20,"column":1}},"locations":[{"start":{"line":4,"column":7},"end":{"line":20,"column":1}}]},"1":{"type":"branch","line":6,"loc":{"start":{"line":6,"column":15},"end":{"line":19,"column":3}},"locations":[{"start":{"line":6,"column":15},"end":{"line":19,"column":3}}]},"2":{"type":"branch","line":9,"loc":{"start":{"line":9,"column":25},"end":{"line":9,"column":56}},"locations":[{"start":{"line":9,"column":25},"end":{"line":9,"column":56}}]},"3":{"type":"branch","line":9,"loc":{"start":{"line":9,"column":41},"end":{"line":9,"column":58}},"locations":[{"start":{"line":9,"column":41},"end":{"line":9,"column":58}}]}},"b":{"0":[14],"1":[12],"2":[10],"3":[2]},"fnMap":{"0":{"name":"scrollToAnchor","decl":{"start":{"line":4,"column":7},"end":{"line":20,"column":1}},"loc":{"start":{"line":4,"column":7},"end":{"line":20,"column":1}},"line":4}},"f":{"0":14}}
,"/Users/rsternke/Developer/valleyApps/permit-school/web/src/lib/tokens.ts": {"path":"/Users/rsternke/Developer/valleyApps/permit-school/web/src/lib/tokens.ts","all":false,"statementMap":{"0":{"start":{"line":1,"column":0},"end":{"line":1,"column":36}},"6":{"start":{"line":7,"column":0},"end":{"line":7,"column":41}},"7":{"start":{"line":8,"column":0},"end":{"line":8,"column":59}},"8":{"start":{"line":9,"column":0},"end":{"line":9,"column":50}},"9":{"start":{"line":10,"column":0},"end":{"line":10,"column":1}},"16":{"start":{"line":17,"column":0},"end":{"line":17,"column":48}},"17":{"start":{"line":18,"column":0},"end":{"line":18,"column":56}},"18":{"start":{"line":19,"column":0},"end":{"line":19,"column":1}}},"s":{"0":1,"6":1,"7":4,"8":4,"9":4,"16":1,"17":7,"18":7},"branchMap":{"0":{"type":"branch","line":7,"loc":{"start":{"line":7,"column":7},"end":{"line":10,"column":1}},"locations":[{"start":{"line":7,"column":7},"end":{"line":10,"column":1}}]},"1":{"type":"branch","line":17,"loc":{"start":{"line":17,"column":7},"end":{"line":19,"column":1}},"locations":[{"start":{"line":17,"column":7},"end":{"line":19,"column":1}}]}},"b":{"0":[4],"1":[7]},"fnMap":{"0":{"name":"generateToken","decl":{"start":{"line":7,"column":7},"end":{"line":10,"column":1}},"loc":{"start":{"line":7,"column":7},"end":{"line":10,"column":1}},"line":7},"1":{"name":"hashToken","decl":{"start":{"line":17,"column":7},"end":{"line":19,"column":1}},"loc":{"start":{"line":17,"column":7},"end":{"line":19,"column":1}},"line":17}},"f":{"0":4,"1":7}}
,"/Users/rsternke/Developer/valleyApps/permit-school/web/src/lib/useAnchorScroll.ts": {"path":"/Users/rsternke/Developer/valleyApps/permit-school/web/src/lib/useAnchorScroll.ts","all":false,"statementMap":{"0":{"start":{"line":1,"column":0},"end":{"line":1,"column":36}},"2":{"start":{"line":3,"column":0},"end":{"line":3,"column":50}},"7":{"start":{"line":8,"column":0},"end":{"line":8,"column":35}},"8":{"start":{"line":9,"column":0},"end":{"line":9,"column":59}},"9":{"start":{"line":10,"column":0},"end":{"line":10,"column":31}},"11":{"start":{"line":12,"column":0},"end":{"line":12,"column":27}},"12":{"start":{"line":13,"column":0},"end":{"line":13,"column":47}},"13":{"start":{"line":14,"column":0},"end":{"line":14,"column":5}},"14":{"start":{"line":15,"column":0},"end":{"line":15,"column":63}},"15":{"start":{"line":16,"column":0},"end":{"line":16,"column":9}},"17":{"start":{"line":18,"column":0},"end":{"line":18,"column":27}},"18":{"start":{"line":19,"column":0},"end":{"line":19,"column":1}}},"s":{"0":1,"2":1,"7":1,"8":11,"9":41,"11":20,"12":20,"13":20,"14":21,"15":11,"17":11,"18":11},"branchMap":{"0":{"type":"branch","line":8,"loc":{"start":{"line":8,"column":7},"end":{"line":19,"column":1}},"locations":[{"start":{"line":8,"column":7},"end":{"line":19,"column":1}}]},"1":{"type":"branch","line":9,"loc":{"start":{"line":9,"column":40},"end":{"line":16,"column":5}},"locations":[{"start":{"line":9,"column":40},"end":{"line":16,"column":5}}]},"2":{"type":"branch","line":10,"loc":{"start":{"line":10,"column":30},"end":{"line":14,"column":5}},"locations":[{"start":{"line":10,"column":30},"end":{"line":14,"column":5}}]},"3":{"type":"branch","line":14,"loc":{"start":{"line":14,"column":4},"end":{"line":15,"column":63}},"locations":[{"start":{"line":14,"column":4},"end":{"line":15,"column":63}}]}},"b":{"0":[11],"1":[41],"2":[20],"3":[21]},"fnMap":{"0":{"name":"useAnchorScroll","decl":{"start":{"line":8,"column":7},"end":{"line":19,"column":1}},"loc":{"start":{"line":8,"column":7},"end":{"line":19,"column":1}},"line":8}},"f":{"0":11}}
,"/Users/rsternke/Developer/valleyApps/permit-school/web/src/lib/version.ts": {"path":"/Users/rsternke/Developer/valleyApps/permit-school/web/src/lib/version.ts","all":false,"statementMap":{"0":{"start":{"line":1,"column":0},"end":{"line":1,"column":22}},"1":{"start":{"line":2,"column":0},"end":{"line":2,"column":44}},"2":{"start":{"line":3,"column":0},"end":{"line":3,"column":51}},"3":{"start":{"line":4,"column":0},"end":{"line":4,"column":50}},"4":{"start":{"line":5,"column":0},"end":{"line":5,"column":2}}},"s":{"0":1,"1":1,"2":1,"3":1,"4":1},"branchMap":{},"b":{},"fnMap":{},"f":{}}
,"/Users/rsternke/Developer/valleyApps/permit-school/web/src/lib/i18n/locales.ts": {"path":"/Users/rsternke/Developer/valleyApps/permit-school/web/src/lib/i18n/locales.ts","all":false,"statementMap":{"0":{"start":{"line":1,"column":0},"end":{"line":1,"column":55}},"3":{"start":{"line":4,"column":0},"end":{"line":4,"column":52}},"5":{"start":{"line":6,"column":0},"end":{"line":6,"column":74}},"6":{"start":{"line":7,"column":0},"end":{"line":7,"column":63}},"7":{"start":{"line":8,"column":0},"end":{"line":8,"column":1}}},"s":{"0":1,"3":1,"5":1,"6":45,"7":45},"branchMap":{"0":{"type":"branch","line":6,"loc":{"start":{"line":6,"column":7},"end":{"line":8,"column":1}},"locations":[{"start":{"line":6,"column":7},"end":{"line":8,"column":1}}]}},"b":{"0":[45]},"fnMap":{"0":{"name":"isValidLocale","decl":{"start":{"line":6,"column":7},"end":{"line":8,"column":1}},"loc":{"start":{"line":6,"column":7},"end":{"line":8,"column":1}},"line":6}},"f":{"0":45}}
,"/Users/rsternke/Developer/valleyApps/permit-school/web/src/lib/i18n/switchLocale.ts": {"path":"/Users/rsternke/Developer/valleyApps/permit-school/web/src/lib/i18n/switchLocale.ts","all":false,"statementMap":{"0":{"start":{"line":1,"column":0},"end":{"line":1,"column":97}},"1":{"start":{"line":2,"column":0},"end":{"line":2,"column":28}},"2":{"start":{"line":3,"column":0},"end":{"line":3,"column":36}},"3":{"start":{"line":4,"column":0},"end":{"line":4,"column":25}},"4":{"start":{"line":5,"column":0},"end":{"line":5,"column":32}},"5":{"start":{"line":6,"column":0},"end":{"line":6,"column":42}},"6":{"start":{"line":7,"column":0},"end":{"line":7,"column":3}},"7":{"start":{"line":8,"column":0},"end":{"line":8,"column":18}},"8":{"start":{"line":9,"column":0},"end":{"line":9,"column":1}},"10":{"start":{"line":11,"column":0},"end":{"line":11,"column":103}},"11":{"start":{"line":12,"column":0},"end":{"line":12,"column":46}},"13":{"start":{"line":14,"column":0},"end":{"line":14,"column":62}},"14":{"start":{"line":15,"column":0},"end":{"line":15,"column":48}},"15":{"start":{"line":16,"column":0},"end":{"line":16,"column":1}}},"s":{"0":1,"1":104,"2":97,"3":97,"4":104,"5":40,"6":40,"7":57,"8":57,"10":1,"11":55,"13":55,"14":55,"15":55},"branchMap":{"0":{"type":"branch","line":1,"loc":{"start":{"line":1,"column":7},"end":{"line":9,"column":1}},"locations":[{"start":{"line":1,"column":7},"end":{"line":9,"column":1}}]},"1":{"type":"branch","line":2,"loc":{"start":{"line":2,"column":17},"end":{"line":2,"column":28}},"locations":[{"start":{"line":2,"column":17},"end":{"line":2,"column":28}}]},"2":{"type":"branch","line":2,"loc":{"start":{"line":2,"column":24},"end":{"line":5,"column":31}},"locations":[{"start":{"line":2,"column":24},"end":{"line":5,"column":31}}]},"3":{"type":"branch","line":5,"loc":{"start":{"line":5,"column":31},"end":{"line":7,"column":3}},"locations":[{"start":{"line":5,"column":31},"end":{"line":7,"column":3}}]},"4":{"type":"branch","line":7,"loc":{"start":{"line":7,"column":2},"end":{"line":9,"column":1}},"locations":[{"start":{"line":7,"column":2},"end":{"line":9,"column":1}}]},"5":{"type":"branch","line":11,"loc":{"start":{"line":11,"column":7},"end":{"line":16,"column":1}},"locations":[{"start":{"line":11,"column":7},"end":{"line":16,"column":1}}]},"6":{"type":"branch","line":14,"loc":{"start":{"line":14,"column":40},"end":{"line":14,"column":51}},"locations":[{"start":{"line":14,"column":40},"end":{"line":14,"column":51}}]},"7":{"type":"branch","line":14,"loc":{"start":{"line":14,"column":44},"end":{"line":14,"column":62}},"locations":[{"start":{"line":14,"column":44},"end":{"line":14,"column":62}}]}},"b":{"0":[104],"1":[7],"2":[97],"3":[40],"4":[57],"5":[55],"6":[49],"7":[6]},"fnMap":{"0":{"name":"getPathWithoutLocale","decl":{"start":{"line":1,"column":7},"end":{"line":9,"column":1}},"loc":{"start":{"line":1,"column":7},"end":{"line":9,"column":1}},"line":1},"1":{"name":"buildLocaleHref","decl":{"start":{"line":11,"column":7},"end":{"line":16,"column":1}},"loc":{"start":{"line":11,"column":7},"end":{"line":16,"column":1}},"line":11}},"f":{"0":104,"1":55}}
}
