TN:
SF:src/app/api/health/route.ts
FN:6,GET
FNF:1
FNH:1
FNDA:5,GET
DA:1,1
DA:3,1
DA:4,1
DA:6,5
DA:7,5
DA:9,5
DA:11,5
DA:12,5
DA:13,5
DA:14,5
DA:15,5
DA:16,5
DA:18,5
DA:19,5
DA:21,5
DA:22,5
DA:23,5
DA:24,5
DA:25,5
DA:26,5
DA:27,5
DA:28,5
DA:29,5
DA:30,5
DA:31,5
DA:32,5
DA:33,5
DA:34,1
DA:35,1
DA:36,1
DA:37,1
DA:38,1
DA:39,1
DA:40,1
DA:41,1
DA:42,1
DA:43,5
LF:37
LH:37
BRDA:6,0,0,5
BRDA:16,1,0,4
BRDA:18,2,0,1
BRDA:18,3,0,3
BRDA:29,4,0,0
BRDA:29,5,0,4
BRDA:30,6,0,0
BRDA:30,7,0,4
BRDA:33,8,0,1
BRDA:40,9,0,0
BRF:10
BRH:7
end_of_record
TN:
SF:src/app/api/profile/route.ts
FN:8,GET
FN:34,PUT
FN:103,PATCH
FNF:3
FNH:3
FNDA:5,GET
FNDA:5,PUT
FNDA:5,PATCH
DA:3,1
DA:5,1
DA:6,1
DA:8,5
DA:9,5
DA:10,5
DA:12,5
DA:13,5
DA:14,2
DA:15,2
DA:17,3
DA:18,3
DA:19,3
DA:20,3
DA:21,3
DA:23,5
DA:24,1
DA:25,1
DA:27,5
DA:28,5
DA:29,0
DA:30,0
DA:31,0
DA:32,5
DA:34,5
DA:35,5
DA:36,5
DA:38,5
DA:39,5
DA:40,1
DA:41,1
DA:43,4
DA:46,4
DA:47,4
DA:49,5
DA:50,1
DA:51,1
DA:52,1
DA:53,1
DA:54,1
DA:57,3
DA:58,3
DA:59,3
DA:60,3
DA:61,5
DA:64,5
DA:65,5
DA:66,5
DA:67,5
DA:68,5
DA:69,5
DA:70,5
DA:71,5
DA:72,5
DA:73,5
DA:74,5
DA:75,5
DA:76,5
DA:77,5
DA:78,5
DA:79,5
DA:80,5
DA:81,5
DA:83,5
DA:84,5
DA:85,5
DA:86,5
DA:87,5
DA:89,5
DA:90,1
DA:91,1
DA:93,2
DA:94,2
DA:95,2
DA:96,2
DA:97,5
DA:98,0
DA:99,0
DA:100,0
DA:101,5
DA:103,5
DA:104,5
DA:105,5
DA:108,5
DA:109,5
DA:110,1
DA:111,1
DA:113,4
DA:114,4
DA:117,5
DA:118,1
DA:119,1
DA:122,3
DA:123,3
DA:124,3
DA:125,3
DA:126,5
DA:127,5
DA:128,5
DA:129,5
DA:131,5
DA:132,1
DA:133,1
DA:134,1
DA:136,2
DA:137,5
DA:138,0
DA:139,0
DA:140,0
DA:141,5
LF:110
LH:101
BRDA:8,0,0,5
BRDA:13,1,0,4
BRDA:13,2,0,2
BRDA:15,3,0,3
BRDA:23,4,0,2
BRDA:23,5,0,1
BRDA:25,6,0,2
BRDA:27,7,0,1
BRDA:28,8,0,0
BRDA:34,9,0,5
BRDA:39,10,0,1
BRDA:41,11,0,4
BRDA:49,12,0,1
BRDA:54,13,0,3
BRDA:61,14,0,2
BRDA:61,15,0,0
BRDA:61,16,0,2
BRDA:61,17,0,0
BRDA:61,18,0,0
BRDA:87,19,0,3
BRDA:89,20,0,1
BRDA:91,21,0,2
BRDA:97,22,0,0
BRDA:47,23,0,28
BRDA:103,24,0,5
BRDA:109,25,0,1
BRDA:111,26,0,4
BRDA:117,27,0,2
BRDA:117,28,0,1
BRDA:119,29,0,3
BRDA:126,30,0,1
BRDA:129,31,0,3
BRDA:131,32,0,1
BRDA:134,33,0,2
BRDA:137,34,0,0
BRF:35
BRH:29
end_of_record
TN:
SF:src/app/providers/DialogProvider.tsx
FN:28,DialogProvider
FN:38,confirm
FN:42,close
FN:52,onClose
FN:65,onClick
FN:71,onClick
FN:82,useDialog
FNF:7
FNH:1
FNDA:153,DialogProvider
FNDA:0,confirm
FNDA:0,close
FNDA:0,onClose
FNDA:0,onClick
FNDA:0,onClick
FNDA:0,useDialog
DA:3,1
DA:12,1
DA:26,1
DA:28,1
DA:29,153
DA:32,153
DA:33,153
DA:34,153
DA:35,153
DA:36,153
DA:38,153
DA:39,0
DA:40,0
DA:42,153
DA:43,0
DA:44,0
DA:45,0
DA:47,153
DA:48,153
DA:49,153
DA:50,153
DA:51,153
DA:52,153
DA:53,153
DA:54,153
DA:55,153
DA:56,153
DA:58,153
DA:59,153
DA:60,153
DA:61,153
DA:62,153
DA:63,153
DA:64,153
DA:65,153
DA:66,153
DA:67,153
DA:68,153
DA:69,153
DA:70,153
DA:71,153
DA:72,153
DA:74,153
DA:75,153
DA:76,153
DA:77,153
DA:78,153
DA:80,153
DA:82,1
DA:83,0
DA:84,0
DA:85,0
DA:86,0
LF:53
LH:44
BRDA:28,0,0,153
BRDA:66,1,0,152
BRDA:69,2,0,0
BRDA:69,3,0,152
BRDA:74,4,0,152
BRF:5
BRH:4
end_of_record
TN:
SF:src/app/providers/MuiProvider.tsx
FN:6,MuiProvider
FNF:1
FNH:1
FNDA:153,MuiProvider
DA:3,1
DA:4,1
DA:6,153
DA:8,153
DA:9,153
DA:10,153
DA:11,153
DA:12,153
DA:13,153
DA:15,153
LF:10
LH:10
BRDA:6,0,0,153
BRDA:8,1,0,134
BRF:2
BRH:2
end_of_record
TN:
SF:src/app/providers/SnackbarProvider.tsx
FN:15,SnackbarProvider
FN:27,useSnackImpl
FN:30,success
FN:31,error
FN:32,info
FN:33,warning
FN:37,useSnack
FNF:7
FNH:2
FNDA:153,SnackbarProvider
FNDA:152,useSnackImpl
FNDA:0,success
FNDA:0,error
FNDA:0,info
FNDA:0,warning
FNDA:0,useSnack
DA:3,1
DA:4,1
DA:13,1
DA:15,1
DA:16,153
DA:17,153
DA:18,153
DA:19,153
DA:20,153
DA:22,153
DA:23,153
DA:25,153
DA:27,152
DA:28,152
DA:29,152
DA:30,152
DA:31,152
DA:32,152
DA:33,152
DA:34,152
DA:35,152
DA:37,1
DA:38,0
DA:39,0
DA:40,0
DA:41,0
LF:26
LH:22
BRDA:15,0,0,153
BRDA:27,1,0,152
BRF:2
BRH:2
end_of_record
TN:
SF:src/components/Button.tsx
FN:18,Button
FNF:1
FNH:1
FNDA:34,Button
DA:1,1
DA:2,1
DA:4,1
DA:18,1
DA:19,34
DA:20,34
DA:21,34
DA:22,34
DA:23,34
DA:24,34
DA:25,34
DA:26,34
DA:27,34
DA:28,34
DA:29,34
DA:30,34
DA:31,34
DA:32,34
DA:33,34
DA:34,11
DA:35,2
DA:37,34
DA:38,33
DA:40,34
DA:42,34
DA:43,32
DA:45,34
DA:48,34
DA:49,3
DA:50,1
DA:51,1
DA:52,1
DA:53,3
DA:54,2
DA:55,2
DA:56,34
DA:59,34
DA:60,34
DA:61,34
DA:62,1
DA:63,1
DA:64,1
DA:65,1
DA:66,1
DA:67,1
DA:68,34
DA:69,1
DA:70,1
DA:71,1
DA:72,1
DA:73,1
DA:74,1
DA:75,1
DA:76,1
DA:77,1
DA:78,1
DA:79,1
DA:80,34
DA:82,34
DA:83,34
DA:84,34
DA:85,34
DA:86,34
DA:87,34
DA:88,34
DA:89,34
DA:90,34
DA:91,34
DA:92,34
DA:93,34
DA:95,34
DA:96,34
DA:98,34
LF:73
LH:73
BRDA:18,0,0,34
BRDA:33,1,0,23
BRDA:33,2,0,11
BRDA:34,3,0,9
BRDA:34,4,0,2
BRDA:35,5,0,1
BRDA:35,6,0,1
BRDA:37,7,0,1
BRDA:37,8,0,33
BRDA:38,9,0,17
BRDA:38,10,0,16
BRDA:40,11,0,33
BRDA:42,12,0,2
BRDA:42,13,0,32
BRDA:43,14,0,2
BRDA:43,15,0,1
BRDA:43,16,0,31
BRDA:45,17,0,2
BRDA:45,18,0,1
BRDA:45,19,0,33
BRDA:61,20,0,1
BRDA:68,21,0,1
BRDA:48,22,0,3
BRDA:49,23,0,2
BRDA:49,24,0,1
BRDA:53,25,0,2
BRF:26
BRH:26
end_of_record
TN:
SF:src/components/Hero.tsx
FN:19,Hero
FNF:1
FNH:1
FNDA:8,Hero
DA:3,1
DA:4,1
DA:12,1
DA:13,1
DA:15,1
DA:16,1
DA:17,1
DA:19,1
DA:20,8
DA:21,8
DA:22,8
DA:24,8
DA:25,8
DA:26,8
DA:27,8
DA:28,8
DA:29,8
DA:30,8
DA:31,8
DA:32,8
DA:33,8
DA:34,8
DA:35,8
DA:36,8
DA:37,8
DA:38,8
DA:39,8
DA:40,8
DA:45,8
DA:46,8
DA:47,8
DA:48,8
DA:50,8
DA:51,8
DA:52,8
DA:53,8
DA:54,8
DA:55,8
DA:56,8
DA:57,8
DA:58,8
DA:59,8
DA:62,8
DA:63,8
DA:64,8
DA:65,8
DA:66,8
DA:67,8
DA:68,8
DA:69,8
DA:70,8
DA:71,8
DA:72,8
DA:73,8
DA:74,8
DA:75,8
DA:77,8
DA:78,8
DA:80,8
DA:81,8
DA:82,8
DA:83,8
DA:84,8
DA:85,8
DA:86,8
DA:87,8
DA:89,8
DA:90,8
DA:91,8
DA:93,8
DA:94,8
DA:95,8
DA:96,8
DA:97,8
DA:98,8
DA:99,8
DA:100,8
DA:101,8
DA:102,8
DA:103,8
DA:104,8
DA:105,8
DA:107,8
DA:108,8
DA:109,8
DA:110,8
DA:111,8
DA:112,8
DA:113,8
DA:114,8
DA:115,8
DA:116,8
DA:117,8
DA:118,8
DA:119,8
DA:120,8
DA:121,8
DA:123,8
DA:124,8
DA:125,8
DA:127,8
DA:128,8
DA:129,8
DA:130,8
DA:131,8
DA:132,8
DA:133,8
DA:134,8
DA:135,8
DA:136,8
DA:137,8
DA:138,8
DA:139,8
DA:140,8
DA:141,8
DA:142,8
DA:143,8
DA:144,8
DA:145,8
DA:146,8
DA:147,8
DA:148,8
DA:149,8
DA:150,8
DA:151,8
DA:152,8
DA:153,8
DA:154,8
DA:155,8
DA:156,8
DA:158,8
DA:159,8
DA:160,8
DA:161,8
DA:162,8
DA:163,8
DA:165,8
DA:166,8
DA:168,8
DA:169,8
DA:170,8
DA:171,8
DA:172,8
DA:173,8
DA:174,8
DA:175,8
DA:176,8
DA:177,8
DA:178,8
DA:179,8
DA:181,8
DA:182,8
DA:183,8
DA:186,8
DA:187,8
DA:188,8
DA:189,8
DA:190,8
DA:191,8
DA:192,8
DA:194,8
DA:195,8
DA:196,8
DA:197,8
DA:198,8
DA:199,8
DA:200,8
DA:201,8
DA:202,8
DA:203,8
DA:204,8
DA:205,8
DA:206,8
DA:207,8
DA:208,8
DA:210,8
DA:211,8
DA:212,8
DA:213,8
DA:214,8
DA:215,8
DA:216,8
DA:217,8
DA:218,8
DA:219,8
DA:220,8
DA:221,8
DA:223,8
DA:225,8
DA:226,8
DA:227,8
DA:228,8
DA:229,8
DA:230,8
DA:231,8
DA:232,8
DA:233,8
DA:234,8
DA:235,8
DA:237,8
DA:238,8
DA:239,8
DA:240,8
DA:241,8
DA:242,8
DA:243,8
DA:244,8
DA:245,8
DA:247,8
DA:248,8
DA:249,8
DA:250,8
DA:251,8
DA:252,8
DA:253,8
DA:255,8
LF:216
LH:216
BRDA:19,0,0,8
BRF:1
BRH:1
end_of_record
TN:
SF:src/components/ui/CardX.tsx
FN:65,boxShadow
FNF:1
FNH:1
FNDA:15,boxShadow
DA:3,1
DA:4,1
DA:15,1
DA:29,1
DA:30,1
DA:31,1
DA:32,1
DA:33,1
DA:34,1
DA:36,1
DA:37,1
DA:38,1
DA:39,1
DA:41,1
DA:42,1
DA:43,15
DA:44,15
DA:45,15
DA:46,15
DA:47,15
DA:48,15
DA:49,15
DA:50,15
DA:51,15
DA:52,15
DA:53,15
DA:54,15
DA:55,15
DA:56,15
DA:57,15
DA:58,15
DA:59,15
DA:60,15
DA:61,15
DA:62,15
DA:63,15
DA:64,15
DA:65,15
DA:66,15
DA:67,15
DA:68,15
DA:69,15
DA:70,15
DA:72,15
DA:73,14
DA:74,14
DA:75,14
DA:76,14
DA:77,14
DA:79,14
DA:80,2
DA:81,2
DA:82,2
DA:84,14
DA:85,14
DA:86,14
DA:87,14
DA:88,14
DA:89,14
DA:92,15
DA:93,15
DA:94,15
DA:95,15
DA:96,15
DA:97,15
DA:98,15
DA:99,15
DA:101,15
DA:102,15
DA:104,15
DA:105,2
DA:106,2
DA:107,2
DA:108,2
DA:109,2
DA:110,2
DA:112,2
DA:113,2
DA:115,15
DA:117,15
DA:118,1
DA:120,1
LF:82
LH:82
BRDA:42,0,0,15
BRDA:72,1,0,1
BRDA:72,2,0,14
BRDA:79,3,0,2
BRDA:95,4,0,14
BRDA:95,5,0,1
BRDA:104,6,0,2
BRDA:65,7,0,15
BRF:8
BRH:8
end_of_record
TN:
SF:src/components/ui/EmptyState.tsx
FNF:0
FNH:0
DA:3,1
DA:11,1
DA:33,1
DA:34,1
DA:35,1
DA:36,1
DA:37,1
DA:38,1
DA:39,1
DA:40,1
DA:41,1
DA:42,1
DA:43,1
DA:44,1
DA:45,1
DA:46,1
DA:47,1
DA:48,1
DA:49,1
DA:50,1
DA:51,1
DA:52,1
DA:54,1
DA:55,1
DA:56,5
DA:57,5
DA:58,5
DA:59,5
DA:60,5
DA:61,5
DA:62,5
DA:63,5
DA:64,5
DA:65,5
DA:66,5
DA:67,5
DA:68,5
DA:70,5
DA:71,5
DA:72,5
DA:73,5
DA:74,5
DA:75,5
DA:76,5
DA:77,5
DA:78,5
DA:79,5
DA:80,5
DA:81,5
DA:82,5
DA:83,5
DA:85,5
DA:86,1
DA:87,1
DA:88,1
DA:89,1
DA:90,1
DA:91,1
DA:92,1
DA:93,1
DA:94,1
DA:95,1
DA:97,1
DA:98,1
DA:101,5
DA:102,5
DA:103,5
DA:104,5
DA:105,5
DA:106,5
DA:107,5
DA:108,5
DA:110,5
DA:111,5
DA:113,5
DA:114,5
DA:115,5
DA:116,5
DA:117,5
DA:118,5
DA:119,5
DA:120,5
DA:122,5
DA:123,5
DA:126,5
DA:127,1
DA:128,1
DA:129,1
DA:130,1
DA:132,1
DA:133,1
DA:134,1
DA:135,1
DA:136,1
DA:137,1
DA:139,1
DA:140,1
DA:142,1
DA:143,0
DA:144,0
DA:145,0
DA:146,0
DA:148,0
DA:149,0
DA:151,1
DA:153,5
DA:155,5
DA:156,1
DA:158,1
LF:109
LH:103
BRDA:55,0,0,5
BRDA:77,1,0,0
BRDA:85,2,0,1
BRDA:106,3,0,0
BRDA:118,4,0,4
BRDA:118,5,0,1
BRDA:118,6,0,4
BRDA:126,7,0,4
BRDA:126,8,0,1
BRDA:142,9,0,0
BRF:10
BRH:7
end_of_record
TN:
SF:src/components/ui/ErrorState.tsx
FN:141,onClick
FNF:1
FNH:1
FNDA:3,onClick
DA:3,1
DA:4,1
DA:10,1
DA:20,1
DA:32,1
DA:33,1
DA:34,1
DA:35,1
DA:36,1
DA:37,1
DA:38,1
DA:39,1
DA:40,1
DA:41,1
DA:42,1
DA:43,1
DA:44,1
DA:45,1
DA:46,1
DA:47,1
DA:48,1
DA:49,1
DA:50,1
DA:51,1
DA:53,1
DA:54,1
DA:55,24
DA:56,24
DA:57,24
DA:58,24
DA:59,24
DA:60,24
DA:61,24
DA:62,24
DA:63,24
DA:64,24
DA:65,24
DA:66,24
DA:67,24
DA:69,24
DA:70,24
DA:71,24
DA:72,24
DA:73,24
DA:74,24
DA:75,24
DA:76,24
DA:77,24
DA:78,24
DA:79,24
DA:80,24
DA:81,24
DA:82,24
DA:84,24
DA:85,24
DA:86,24
DA:87,24
DA:88,24
DA:89,24
DA:90,24
DA:91,24
DA:92,24
DA:93,24
DA:95,24
DA:96,24
DA:98,24
DA:99,24
DA:100,24
DA:101,24
DA:102,24
DA:103,24
DA:104,24
DA:105,24
DA:107,24
DA:108,24
DA:110,24
DA:111,24
DA:112,24
DA:113,24
DA:114,24
DA:115,24
DA:116,24
DA:118,24
DA:119,24
DA:121,24
DA:122,24
DA:123,24
DA:124,24
DA:126,24
DA:127,4
DA:128,4
DA:129,4
DA:130,4
DA:131,4
DA:132,4
DA:134,4
DA:137,24
DA:138,9
DA:139,9
DA:140,9
DA:141,9
DA:142,9
DA:144,9
DA:145,9
DA:147,24
DA:149,24
DA:150,9
DA:151,9
DA:152,9
DA:153,9
DA:154,9
DA:155,9
DA:156,9
DA:157,9
DA:158,9
DA:159,9
DA:160,9
DA:161,9
DA:163,24
DA:165,24
DA:166,1
DA:168,1
LF:122
LH:122
BRDA:54,0,0,24
BRDA:76,1,0,22
BRDA:76,2,0,2
BRDA:76,3,0,1
BRDA:76,4,0,1
BRDA:114,5,0,20
BRDA:114,6,0,12
BRDA:114,7,0,12
BRDA:126,8,0,4
BRDA:137,9,0,9
BRDA:140,10,0,3
BRDA:140,11,0,6
BRDA:144,12,0,3
BRDA:144,13,0,6
BRDA:149,14,0,9
BRDA:141,15,0,3
BRF:16
BRH:16
end_of_record
TN:
SF:src/components/ui/Heading.tsx
FNF:0
FNH:0
DA:3,1
DA:4,1
DA:12,1
DA:13,1
DA:14,1
DA:15,1
DA:16,1
DA:17,1
DA:18,1
DA:19,1
DA:21,1
DA:22,1
DA:23,21
DA:25,21
DA:26,21
DA:27,21
DA:28,21
DA:29,21
DA:30,21
DA:31,21
DA:32,21
DA:33,21
DA:34,21
DA:35,21
DA:37,21
DA:38,21
DA:40,21
DA:41,1
DA:43,1
LF:29
LH:29
BRDA:22,0,0,21
BRDA:29,1,0,20
BRF:2
BRH:2
end_of_record
TN:
SF:src/components/ui/PageHeader.tsx
FNF:0
FNH:0
DA:3,1
DA:4,1
DA:12,1
DA:23,1
DA:24,1
DA:25,1
DA:26,1
DA:27,1
DA:28,1
DA:29,1
DA:30,1
DA:32,1
DA:33,1
DA:34,25
DA:35,25
DA:36,25
DA:37,25
DA:38,25
DA:39,25
DA:40,25
DA:41,25
DA:42,25
DA:43,25
DA:44,25
DA:46,25
DA:47,25
DA:48,25
DA:49,25
DA:50,25
DA:51,25
DA:52,25
DA:53,25
DA:54,25
DA:55,25
DA:57,25
DA:58,25
DA:59,25
DA:60,25
DA:61,25
DA:63,25
DA:64,25
DA:65,25
DA:66,25
DA:67,25
DA:68,25
DA:69,25
DA:70,25
DA:71,25
DA:72,25
DA:73,25
DA:74,25
DA:76,25
DA:77,25
DA:78,25
DA:79,4
DA:80,4
DA:81,4
DA:82,4
DA:83,4
DA:84,4
DA:85,4
DA:87,4
DA:88,4
DA:90,25
DA:91,25
DA:92,4
DA:93,4
DA:94,4
DA:95,4
DA:96,4
DA:97,4
DA:98,4
DA:99,4
DA:101,25
DA:102,25
DA:104,25
DA:105,1
DA:107,1
LF:78
LH:78
BRDA:33,0,0,25
BRDA:69,1,0,4
BRDA:69,2,0,21
BRDA:71,3,0,20
BRDA:71,4,0,5
BRDA:71,5,0,1
BRDA:71,6,0,4
BRDA:72,7,0,20
BRDA:72,8,0,5
BRDA:72,9,0,1
BRDA:72,10,0,4
BRDA:78,11,0,4
BRDA:91,12,0,4
BRF:13
BRH:13
end_of_record
TN:
SF:src/components/ui/ResponsiveImage.tsx
FN:42,handleLoad
FN:47,handleError
FNF:2
FNH:2
FNDA:2,handleLoad
FNDA:2,handleError
DA:3,1
DA:4,1
DA:5,1
DA:6,1
DA:23,1
DA:24,1
DA:25,28
DA:26,28
DA:27,28
DA:28,28
DA:29,28
DA:30,28
DA:31,28
DA:32,28
DA:33,28
DA:34,28
DA:35,28
DA:36,28
DA:37,28
DA:38,28
DA:39,28
DA:40,28
DA:42,28
DA:43,2
DA:44,2
DA:45,2
DA:47,28
DA:48,2
DA:49,2
DA:50,2
DA:51,2
DA:53,28
DA:54,2
DA:55,2
DA:56,2
DA:57,2
DA:58,2
DA:59,2
DA:60,2
DA:61,2
DA:62,2
DA:63,2
DA:64,2
DA:65,2
DA:66,2
DA:67,2
DA:69,2
DA:71,2
DA:72,2
DA:74,2
DA:76,25
DA:77,25
DA:78,25
DA:79,25
DA:80,25
DA:81,28
DA:82,28
DA:83,28
DA:84,28
DA:85,28
DA:86,28
DA:87,28
DA:89,28
DA:90,23
DA:91,23
DA:92,23
DA:93,23
DA:94,23
DA:95,23
DA:98,28
DA:99,28
DA:100,28
DA:101,28
DA:102,28
DA:103,28
DA:104,28
DA:105,28
DA:106,28
DA:107,28
DA:108,28
DA:109,28
DA:110,28
DA:111,28
DA:112,28
DA:113,28
DA:114,28
DA:116,28
DA:117,1
DA:119,1
LF:89
LH:89
BRDA:24,0,0,28
BRDA:53,1,0,2
BRDA:59,2,0,0
BRDA:74,3,0,25
BRDA:81,4,0,22
BRDA:82,5,0,23
BRDA:82,6,0,2
BRDA:82,7,0,21
BRDA:89,8,0,23
BRDA:110,9,0,23
BRDA:110,10,0,2
BRDA:42,11,0,2
BRDA:44,12,0,1
BRDA:47,13,0,2
BRDA:50,14,0,1
BRF:15
BRH:14
end_of_record
TN:
SF:src/components/ui/Section.tsx
FNF:0
FNH:0
DA:3,1
DA:4,1
DA:5,1
DA:14,1
DA:15,1
DA:16,1
DA:17,1
DA:18,1
DA:19,1
DA:20,1
DA:22,1
DA:23,1
DA:24,1
DA:25,1
DA:26,1
DA:27,1
DA:28,1
DA:30,1
DA:31,1
DA:32,8
DA:33,8
DA:34,8
DA:35,8
DA:36,8
DA:37,8
DA:38,8
DA:39,8
DA:40,8
DA:41,8
DA:42,8
DA:43,8
DA:44,8
DA:45,8
DA:46,8
DA:47,8
DA:48,8
DA:49,8
DA:50,8
DA:52,8
DA:53,8
DA:55,8
DA:56,1
DA:58,1
LF:43
LH:43
BRDA:31,0,0,8
BRF:1
BRH:1
end_of_record
TN:
SF:src/components/ui/SkeletonX.tsx
FN:34,renderSkeleton
FNF:1
FNH:1
FNDA:32,renderSkeleton
DA:3,1
DA:4,1
DA:13,1
DA:24,1
DA:25,1
DA:26,32
DA:27,32
DA:28,32
DA:29,32
DA:30,32
DA:31,32
DA:32,32
DA:33,32
DA:34,32
DA:35,32
DA:36,32
DA:37,3
DA:38,3
DA:39,3
DA:40,3
DA:41,3
DA:42,3
DA:43,3
DA:44,3
DA:45,3
DA:46,3
DA:47,3
DA:50,32
DA:51,4
DA:52,4
DA:53,4
DA:54,11
DA:55,11
DA:56,11
DA:57,11
DA:58,11
DA:59,11
DA:60,11
DA:61,11
DA:62,4
DA:63,4
DA:66,32
DA:67,3
DA:68,3
DA:69,3
DA:70,3
DA:71,3
DA:72,3
DA:73,3
DA:74,3
DA:75,3
DA:78,32
DA:79,4
DA:80,4
DA:81,4
DA:82,11
DA:83,11
DA:84,11
DA:85,11
DA:86,11
DA:87,11
DA:88,4
DA:89,4
DA:92,32
DA:93,18
DA:94,18
DA:95,18
DA:96,145
DA:97,145
DA:98,145
DA:99,145
DA:100,145
DA:101,145
DA:102,145
DA:103,18
DA:104,18
DA:106,32
DA:107,32
DA:109,32
DA:110,32
DA:111,32
DA:112,32
DA:114,32
DA:115,1
DA:117,1
LF:85
LH:85
BRDA:25,0,0,32
BRDA:34,1,0,32
BRDA:36,2,0,3
BRDA:50,3,0,4
BRDA:66,4,0,3
BRDA:78,5,0,4
BRDA:92,6,0,18
BRDA:53,7,0,11
BRDA:81,8,0,11
BRDA:95,9,0,145
BRDA:99,10,0,136
BRDA:100,11,0,16
BRDA:100,12,0,129
BRDA:100,13,0,121
BRF:14
BRH:14
end_of_record
TN:
SF:src/components/ui/StatusChip.tsx
FNF:0
FNH:0
DA:3,1
DA:4,1
DA:17,1
DA:19,1
DA:20,1
DA:21,1
DA:22,1
DA:23,1
DA:26,1
DA:27,1
DA:30,1
DA:31,1
DA:32,1
DA:35,1
DA:36,1
DA:37,1
DA:38,1
DA:39,1
DA:40,1
DA:42,1
DA:43,1
DA:44,7
DA:46,7
DA:47,7
DA:48,7
DA:49,7
DA:50,7
DA:51,7
DA:52,7
DA:53,7
DA:54,7
DA:55,7
DA:56,7
DA:57,7
DA:58,7
DA:60,7
DA:61,1
DA:63,1
LF:38
LH:38
BRDA:43,0,0,7
BRDA:51,1,0,0
BRF:2
BRH:1
end_of_record
TN:
SF:src/lib/auth.ts
FN:6,createAuthClient
FN:15,signInWithGoogle
FN:40,upsertProfile
FNF:3
FNH:2
FNDA:7,createAuthClient
FNDA:4,signInWithGoogle
FNDA:0,upsertProfile
DA:3,1
DA:6,1
DA:7,7
DA:8,7
DA:9,7
DA:10,7
DA:11,7
DA:12,7
DA:15,4
DA:16,4
DA:17,4
DA:18,4
DA:19,4
DA:20,4
DA:21,4
DA:22,4
DA:23,4
DA:24,4
DA:25,4
DA:26,4
DA:27,4
DA:28,4
DA:40,0
DA:41,0
DA:42,0
DA:43,0
DA:44,0
DA:45,0
DA:46,0
DA:47,0
DA:49,0
DA:50,0
DA:51,0
DA:53,0
DA:54,0
LF:35
LH:22
BRDA:6,0,0,7
BRDA:15,1,0,4
BRDA:27,2,0,1
BRF:3
BRH:3
end_of_record
TN:
SF:src/lib/confetti.ts
FN:33,<instance_members_initializer>
FN:40,ConfettiCanvas
FN:47,resize
FN:52,fire
FN:101,animate
FN:151,stop
FN:164,createConfetti
FN:185,stopConfetti
FN:192,useConfetti
FN:193,fire
FN:199,stop
FNF:11
FNH:11
FNDA:12,<instance_members_initializer>
FNDA:12,ConfettiCanvas
FNDA:17,resize
FNDA:13,fire
FNDA:17,animate
FNDA:14,stop
FNDA:14,createConfetti
FNDA:16,stopConfetti
FNDA:3,useConfetti
FNDA:1,fire
FNDA:1,stop
DA:33,1
DA:34,12
DA:35,12
DA:36,12
DA:37,12
DA:38,12
DA:40,12
DA:41,12
DA:42,12
DA:43,12
DA:44,12
DA:45,12
DA:47,12
DA:48,17
DA:49,17
DA:50,17
DA:52,12
DA:53,13
DA:55,12
DA:56,12
DA:57,12
DA:58,12
DA:59,12
DA:60,12
DA:61,12
DA:62,12
DA:63,12
DA:64,12
DA:65,12
DA:66,12
DA:67,12
DA:68,12
DA:71,13
DA:72,0
DA:73,0
DA:75,12
DA:76,12
DA:79,13
DA:80,650
DA:81,650
DA:82,650
DA:84,650
DA:85,650
DA:86,650
DA:87,650
DA:88,650
DA:89,650
DA:90,650
DA:91,650
DA:92,650
DA:93,650
DA:94,650
DA:95,650
DA:97,12
DA:98,12
DA:99,13
DA:101,12
DA:102,17
DA:104,17
DA:105,650
DA:106,650
DA:108,650
DA:109,0
DA:110,0
DA:111,0
DA:114,650
DA:115,650
DA:116,650
DA:117,650
DA:120,650
DA:121,650
DA:124,650
DA:125,650
DA:126,650
DA:128,650
DA:129,318
DA:130,318
DA:131,318
DA:132,650
DA:133,332
DA:134,332
DA:135,332
DA:136,332
DA:137,332
DA:138,332
DA:139,332
DA:140,650
DA:141,650
DA:143,17
DA:144,12
DA:145,17
DA:146,5
DA:147,5
DA:148,5
DA:149,17
DA:151,12
DA:152,14
DA:153,12
DA:154,12
DA:155,12
DA:156,14
DA:157,14
DA:158,14
DA:159,14
DA:160,12
DA:162,1
DA:164,1
DA:166,14
DA:167,1
DA:168,1
DA:171,14
DA:172,12
DA:173,12
DA:174,12
DA:175,12
DA:176,12
DA:177,12
DA:178,12
DA:179,12
DA:180,12
DA:182,13
DA:183,13
DA:185,1
DA:186,16
DA:187,14
DA:188,14
DA:189,16
DA:192,1
DA:193,3
DA:194,1
DA:195,1
DA:196,1
DA:197,1
DA:199,3
DA:200,1
DA:201,1
DA:202,1
DA:203,1
DA:205,3
DA:206,3
LF:140
LH:135
BRDA:33,0,0,12
BRDA:40,1,0,12
BRDA:44,2,0,5
BRDA:47,3,0,17
BRDA:52,4,0,13
BRDA:53,5,0,1
BRDA:53,6,0,12
BRDA:71,7,0,0
BRDA:73,8,0,12
BRDA:79,9,0,650
BRDA:95,10,0,12
BRDA:101,11,0,17
BRDA:104,12,0,650
BRDA:108,13,0,0
BRDA:128,14,0,318
BRDA:132,15,0,332
BRDA:143,16,0,12
BRDA:145,17,0,5
BRDA:144,18,0,5
BRDA:151,19,0,14
BRDA:152,20,0,12
BRDA:164,21,0,14
BRDA:166,22,0,1
BRDA:168,23,0,13
BRDA:171,24,0,12
BRDA:180,25,0,13
BRDA:185,26,0,16
BRDA:186,27,0,14
BRDA:192,28,0,3
BRDA:193,29,0,1
BRDA:199,30,0,1
BRF:31
BRH:29
end_of_record
TN:
SF:src/lib/email.ts
FN:9,sendEmail
FN:53,greeting
FN:54,body
FN:70,body
FN:85,subject
FN:87,body
FN:104,body
FN:121,body
FN:133,body
FN:145,body
FN:157,body
FN:174,body
FN:186,body
FN:201,greeting
FN:202,body
FN:218,body
FN:233,subject
FN:235,body
FN:252,body
FN:269,body
FN:281,body
FN:293,body
FN:305,body
FN:322,body
FN:334,body
FN:347,safeSend
FN:355,sendWelcomeEmail
FN:374,sendSubscriptionActiveEmail
FN:393,sendCertificateIssuedEmail
FN:418,sendCertificateVoidedEmail
FN:444,sendGuardianRequestEmail
FN:483,sendGuardianReceiptEmail
FN:523,sendPaymentFailedEmail
FN:546,sendPaymentSucceededEmail
FN:565,sendTrialReminderEmail
FN:586,sendCancelConfirmationEmail
FNF:36
FNH:21
FNDA:3,sendEmail
FNDA:0,greeting
FNDA:4,body
FNDA:1,body
FNDA:1,subject
FNDA:1,body
FNDA:2,body
FNDA:1,body
FNDA:1,body
FNDA:1,body
FNDA:1,body
FNDA:1,body
FNDA:1,body
FNDA:0,greeting
FNDA:0,body
FNDA:0,body
FNDA:0,subject
FNDA:0,body
FNDA:0,body
FNDA:0,body
FNDA:0,body
FNDA:0,body
FNDA:0,body
FNDA:0,body
FNDA:0,body
FNDA:15,safeSend
FNDA:4,sendWelcomeEmail
FNDA:1,sendSubscriptionActiveEmail
FNDA:1,sendCertificateIssuedEmail
FNDA:0,sendCertificateVoidedEmail
FNDA:0,sendGuardianRequestEmail
FNDA:1,sendGuardianReceiptEmail
FNDA:4,sendPaymentFailedEmail
FNDA:1,sendPaymentSucceededEmail
FNDA:2,sendTrialReminderEmail
FNDA:1,sendCancelConfirmationEmail
DA:1,1
DA:5,1
DA:6,1
DA:9,3
DA:10,3
DA:11,3
DA:12,3
DA:13,3
DA:14,3
DA:19,3
DA:20,3
DA:21,3
DA:22,3
DA:23,3
DA:25,0
DA:28,0
DA:29,0
DA:30,0
DA:33,0
DA:34,0
DA:36,0
DA:39,0
DA:40,3
DA:41,0
DA:42,3
DA:44,0
DA:45,0
DA:48,1
DA:49,1
DA:50,1
DA:51,1
DA:52,1
DA:53,1
DA:54,1
DA:55,4
DA:59,4
DA:63,4
DA:66,1
DA:67,1
DA:68,1
DA:69,1
DA:70,1
DA:71,1
DA:79,1
DA:80,1
DA:83,1
DA:84,1
DA:85,1
DA:86,1
DA:87,1
DA:88,1
DA:90,1
DA:93,1
DA:94,1
DA:97,1
DA:100,1
DA:101,1
DA:102,1
DA:103,1
DA:104,1
DA:105,2
DA:106,2
DA:113,2
DA:114,2
DA:117,1
DA:118,1
DA:119,1
DA:120,1
DA:121,1
DA:122,1
DA:123,1
DA:125,1
DA:126,1
DA:129,1
DA:130,1
DA:131,1
DA:132,1
DA:133,1
DA:134,1
DA:135,1
DA:137,1
DA:138,1
DA:141,1
DA:142,1
DA:143,1
DA:144,1
DA:145,1
DA:146,1
DA:149,1
DA:150,1
DA:153,1
DA:154,1
DA:155,1
DA:156,1
DA:157,1
DA:158,1
DA:166,1
DA:167,1
DA:170,1
DA:171,1
DA:172,1
DA:173,1
DA:174,1
DA:175,1
DA:178,1
DA:179,1
DA:182,1
DA:183,1
DA:184,1
DA:185,1
DA:186,1
DA:187,1
DA:189,1
DA:191,1
DA:192,1
DA:195,1
DA:196,1
DA:197,1
DA:198,1
DA:199,1
DA:200,1
DA:201,1
DA:202,1
DA:203,0
DA:207,0
DA:211,0
DA:214,1
DA:215,1
DA:216,1
DA:217,1
DA:218,1
DA:219,0
DA:227,0
DA:228,0
DA:231,1
DA:232,1
DA:233,1
DA:234,1
DA:235,1
DA:236,0
DA:238,0
DA:241,0
DA:242,0
DA:245,0
DA:248,1
DA:249,1
DA:250,1
DA:251,1
DA:252,1
DA:253,0
DA:254,0
DA:261,0
DA:262,0
DA:265,1
DA:266,1
DA:267,1
DA:268,1
DA:269,1
DA:270,0
DA:271,0
DA:273,0
DA:274,0
DA:277,1
DA:278,1
DA:279,1
DA:280,1
DA:281,1
DA:282,0
DA:283,0
DA:285,0
DA:286,0
DA:289,1
DA:290,1
DA:291,1
DA:292,1
DA:293,1
DA:294,0
DA:297,0
DA:298,0
DA:301,1
DA:302,1
DA:303,1
DA:304,1
DA:305,1
DA:306,0
DA:314,0
DA:315,0
DA:318,1
DA:319,1
DA:320,1
DA:321,1
DA:322,1
DA:323,0
DA:326,0
DA:327,0
DA:330,1
DA:331,1
DA:332,1
DA:333,1
DA:334,1
DA:335,0
DA:337,0
DA:339,0
DA:340,0
DA:343,1
DA:344,1
DA:345,1
DA:347,15
DA:348,15
DA:349,15
DA:350,15
DA:351,15
DA:352,0
DA:353,0
DA:355,4
DA:356,4
DA:357,4
DA:358,4
DA:359,4
DA:363,4
DA:364,4
DA:365,4
DA:367,4
DA:368,4
DA:371,4
DA:372,4
DA:374,1
DA:375,1
DA:376,1
DA:377,1
DA:378,1
DA:382,1
DA:383,1
DA:384,1
DA:386,1
DA:387,1
DA:390,1
DA:391,1
DA:393,1
DA:394,1
DA:395,1
DA:396,1
DA:397,1
DA:398,1
DA:399,1
DA:400,1
DA:407,1
DA:408,1
DA:409,1
DA:411,1
DA:412,1
DA:415,1
DA:416,1
DA:418,0
DA:419,0
DA:420,0
DA:421,0
DA:422,0
DA:423,0
DA:428,0
DA:429,0
DA:432,0
DA:434,0
DA:435,0
DA:437,0
DA:441,0
DA:442,0
DA:444,0
DA:445,0
DA:446,0
DA:447,0
DA:448,0
DA:449,0
DA:450,0
DA:451,0
DA:458,0
DA:459,0
DA:462,0
DA:463,0
DA:473,0
DA:475,0
DA:480,0
DA:481,0
DA:483,1
DA:484,1
DA:485,1
DA:486,1
DA:487,1
DA:488,1
DA:489,1
DA:490,1
DA:497,1
DA:498,1
DA:501,1
DA:502,1
DA:503,1
DA:512,1
DA:513,1
DA:515,1
DA:519,1
DA:520,1
DA:523,4
DA:524,4
DA:525,4
DA:526,4
DA:527,4
DA:528,4
DA:529,4
DA:535,4
DA:536,4
DA:537,4
DA:539,4
DA:540,4
DA:543,4
DA:544,4
DA:546,1
DA:547,1
DA:548,1
DA:549,1
DA:550,1
DA:554,1
DA:555,1
DA:556,1
DA:558,1
DA:559,1
DA:562,1
DA:563,1
DA:565,2
DA:566,2
DA:567,2
DA:568,2
DA:569,2
DA:570,2
DA:575,2
DA:576,2
DA:577,2
DA:579,2
DA:580,2
DA:583,2
DA:584,2
DA:586,1
DA:587,1
DA:588,1
DA:589,1
DA:590,1
DA:591,1
DA:596,1
DA:597,1
DA:598,1
DA:600,1
DA:601,1
DA:604,1
DA:605,1
LF:353
LH:274
BRDA:5,0,0,0
BRDA:9,1,0,3
BRDA:23,2,0,0
BRDA:40,3,0,0
BRDA:42,4,0,0
BRDA:54,5,0,4
BRDA:55,6,0,3
BRDA:55,7,0,1
BRDA:70,8,0,1
BRDA:71,9,0,0
BRDA:85,10,0,1
BRDA:87,11,0,1
BRDA:88,12,0,0
BRDA:104,13,0,2
BRDA:105,14,0,0
BRDA:106,15,0,0
BRDA:121,16,0,1
BRDA:122,17,0,0
BRDA:123,18,0,0
BRDA:133,19,0,1
BRDA:134,20,0,0
BRDA:135,21,0,0
BRDA:145,22,0,1
BRDA:146,23,0,0
BRDA:157,24,0,1
BRDA:158,25,0,0
BRDA:174,26,0,1
BRDA:175,27,0,0
BRDA:186,28,0,1
BRDA:187,29,0,0
BRDA:189,30,0,0
BRDA:347,31,0,15
BRDA:351,32,0,0
BRDA:355,33,0,4
BRDA:364,34,0,3
BRDA:364,35,0,1
BRDA:374,36,0,1
BRDA:383,37,0,0
BRDA:393,38,0,1
BRDA:408,39,0,0
BRDA:483,40,0,1
BRDA:523,41,0,4
BRDA:536,42,0,0
BRDA:546,43,0,1
BRDA:555,44,0,0
BRDA:565,45,0,2
BRDA:576,46,0,0
BRDA:586,47,0,1
BRDA:597,48,0,0
BRF:49
BRH:25
end_of_record
TN:
SF:src/lib/entitlements.ts
FN:3,getEntitlementForUser
FNF:1
FNH:1
FNDA:19,getEntitlementForUser
DA:1,1
DA:3,19
DA:4,19
DA:6,19
DA:8,19
DA:9,4
DA:10,4
DA:12,15
DA:13,15
DA:14,15
DA:15,15
DA:16,15
DA:17,15
DA:19,19
DA:20,3
DA:21,3
DA:23,12
DA:24,12
LF:18
LH:18
BRDA:3,0,0,19
BRDA:8,1,0,18
BRDA:8,2,0,4
BRDA:10,3,0,15
BRDA:19,4,0,14
BRDA:19,5,0,3
BRDA:21,6,0,12
BRF:7
BRH:7
end_of_record
TN:
SF:src/lib/entitlementsClient.ts
FN:3,getEntitlementForUserClient
FNF:1
FNH:1
FNDA:19,getEntitlementForUserClient
DA:1,1
DA:3,19
DA:4,19
DA:6,19
DA:8,19
DA:9,4
DA:10,4
DA:12,15
DA:13,15
DA:14,15
DA:15,15
DA:16,15
DA:17,15
DA:19,19
DA:20,3
DA:21,3
DA:23,12
DA:24,12
LF:18
LH:18
BRDA:3,0,0,19
BRDA:8,1,0,18
BRDA:8,2,0,4
BRDA:10,3,0,15
BRDA:19,4,0,14
BRDA:19,5,0,3
BRDA:21,6,0,12
BRF:7
BRH:7
end_of_record
TN:
SF:src/lib/handbooks.ts
FN:3,getHandbookSignedUrl
FNF:1
FNH:1
FNDA:10,getHandbookSignedUrl
DA:1,1
DA:3,10
DA:4,10
DA:5,10
DA:6,10
DA:7,10
DA:8,10
DA:9,10
DA:10,10
DA:12,9
DA:13,9
DA:14,9
DA:15,10
DA:17,8
DA:18,8
LF:15
LH:15
BRDA:3,0,0,10
BRDA:10,1,0,1
BRDA:10,2,0,9
BRDA:15,3,0,1
BRDA:15,4,0,8
BRF:5
BRH:5
end_of_record
TN:
SF:src/lib/idleTracker.ts
FN:19,<instance_members_initializer>
FN:26,IdleTracker
FN:35,start
FN:44,stop
FN:50,setupEventListeners
FN:65,removeEventListeners
FN:77,handleActivity
FN:91,handleInactivity
FN:99,handleVisibilityChange
FN:109,resetIdleTimer
FN:119,startHeartbeat
FN:129,clearTimers
FN:141,getState
FN:145,isUserIdle
FN:151,useIdleTracker
FNF:15
FNH:14
FNDA:11,<instance_members_initializer>
FNDA:11,IdleTracker
FNDA:11,start
FNDA:1,stop
FNDA:10,setupEventListeners
FNDA:1,removeEventListeners
FNDA:4,handleActivity
FNDA:6,handleInactivity
FNDA:2,handleVisibilityChange
FNDA:14,resetIdleTimer
FNDA:10,startHeartbeat
FNDA:1,clearTimers
FNDA:4,getState
FNDA:2,isUserIdle
FNDA:0,useIdleTracker
DA:3,1
DA:19,1
DA:20,11
DA:21,11
DA:22,11
DA:23,11
DA:24,11
DA:26,11
DA:27,11
DA:28,11
DA:29,11
DA:30,11
DA:31,11
DA:32,11
DA:33,11
DA:35,11
DA:36,11
DA:38,10
DA:39,10
DA:40,10
DA:41,10
DA:42,11
DA:44,11
DA:45,1
DA:46,1
DA:47,1
DA:48,1
DA:50,11
DA:51,10
DA:53,10
DA:54,60
DA:55,10
DA:58,10
DA:61,10
DA:62,10
DA:63,10
DA:65,11
DA:66,1
DA:68,1
DA:69,6
DA:70,1
DA:72,1
DA:73,1
DA:74,1
DA:75,1
DA:77,11
DA:78,4
DA:80,4
DA:82,4
DA:83,3
DA:84,3
DA:85,3
DA:86,3
DA:88,4
DA:89,4
DA:91,11
DA:92,6
DA:94,6
DA:95,6
DA:96,6
DA:97,6
DA:99,11
DA:100,2
DA:102,2
DA:103,1
DA:104,1
DA:105,1
DA:106,1
DA:107,2
DA:109,11
DA:110,14
DA:111,4
DA:112,4
DA:114,14
DA:115,4
DA:116,14
DA:117,14
DA:119,11
DA:120,10
DA:121,0
DA:122,0
DA:124,10
DA:125,1
DA:126,10
DA:127,10
DA:129,11
DA:130,1
DA:131,1
DA:132,1
DA:133,1
DA:135,1
DA:136,1
DA:137,1
DA:138,1
DA:139,1
DA:141,11
DA:142,4
DA:143,4
DA:145,11
DA:146,2
DA:147,2
DA:148,11
DA:151,1
DA:152,0
DA:154,0
DA:155,0
DA:156,0
DA:157,0
DA:158,0
DA:159,0
DA:161,0
DA:162,0
DA:163,0
DA:164,0
DA:165,0
DA:167,0
DA:168,0
DA:169,0
DA:170,0
DA:171,0
DA:172,0
DA:173,0
DA:175,0
DA:176,0
DA:177,0
DA:178,0
DA:179,0
DA:181,0
DA:182,0
DA:183,0
DA:184,0
DA:185,0
DA:186,0
LF:133
LH:101
BRDA:19,0,0,11
BRDA:26,1,0,11
BRDA:35,2,0,11
BRDA:36,3,0,1
BRDA:36,4,0,10
BRDA:44,5,0,1
BRDA:50,6,0,10
BRDA:53,7,0,60
BRDA:65,8,0,1
BRDA:68,9,0,6
BRDA:77,10,0,4
BRDA:78,11,0,0
BRDA:82,12,0,3
BRDA:91,13,0,6
BRDA:92,14,0,0
BRDA:99,15,0,2
BRDA:100,16,0,0
BRDA:102,17,0,1
BRDA:109,18,0,14
BRDA:110,19,0,4
BRDA:114,20,0,4
BRDA:119,21,0,10
BRDA:120,22,0,0
BRDA:124,23,0,1
BRDA:129,24,0,1
BRDA:141,25,0,4
BRDA:145,26,0,2
BRF:27
BRH:23
end_of_record
TN:
SF:src/lib/jurisdictionConfig.ts
FN:19,getJurisdictionConfig
FNF:1
FNH:1
FNDA:9,getJurisdictionConfig
DA:1,1
DA:19,9
DA:20,9
DA:21,9
DA:22,9
DA:23,9
DA:25,9
DA:26,9
DA:27,9
DA:41,9
DA:42,9
DA:43,9
DA:45,9
DA:47,7
DA:48,7
DA:49,7
DA:50,7
DA:51,7
DA:52,7
DA:53,7
DA:55,1
DA:56,1
DA:57,1
DA:59,1
DA:60,1
DA:61,1
DA:62,1
DA:63,1
DA:64,1
DA:65,1
DA:66,9
LF:31
LH:31
BRDA:19,0,0,9
BRDA:43,1,0,8
BRDA:45,2,0,2
BRDA:45,3,0,7
BRDA:48,4,0,1
BRDA:49,5,0,2
BRDA:50,6,0,3
BRDA:53,7,0,1
BRDA:60,8,0,0
BRDA:61,9,0,0
BRDA:62,10,0,0
BRF:11
BRH:8
end_of_record
TN:
SF:src/lib/notify.ts
FN:29,notifyStudent
FN:53,notifyGuardians
FN:98,notifyStudentAndGuardians
FN:113,checkSeatTimeMilestones
FNF:4
FNH:4
FNDA:8,notifyStudent
FNDA:8,notifyGuardians
FNDA:6,notifyStudentAndGuardians
FNDA:6,checkSeatTimeMilestones
DA:1,1
DA:29,8
DA:30,8
DA:31,8
DA:32,8
DA:33,8
DA:34,8
DA:36,8
DA:37,8
DA:38,8
DA:39,8
DA:40,8
DA:41,8
DA:42,8
DA:44,8
DA:45,0
DA:46,0
DA:47,0
DA:48,8
DA:53,8
DA:54,8
DA:55,8
DA:56,8
DA:57,8
DA:58,8
DA:61,8
DA:62,8
DA:63,8
DA:64,8
DA:66,8
DA:67,0
DA:68,0
DA:69,0
DA:71,8
DA:72,8
DA:73,8
DA:76,0
DA:79,0
DA:80,0
DA:81,0
DA:82,0
DA:83,0
DA:85,0
DA:86,0
DA:87,0
DA:89,0
DA:90,0
DA:91,0
DA:92,0
DA:93,8
DA:98,6
DA:99,6
DA:100,6
DA:101,6
DA:102,6
DA:103,6
DA:104,6
DA:105,6
DA:106,6
DA:107,6
DA:113,6
DA:114,6
DA:115,6
DA:116,6
DA:117,6
DA:118,6
DA:121,6
DA:122,6
DA:123,6
DA:124,6
DA:125,6
DA:127,6
DA:128,0
DA:129,0
DA:130,0
DA:132,6
DA:133,6
DA:136,6
DA:138,6
DA:140,0
DA:141,0
DA:142,0
DA:143,0
DA:144,0
DA:145,0
DA:146,0
DA:147,0
DA:149,0
DA:151,0
DA:152,0
DA:153,0
DA:154,0
DA:155,0
DA:156,0
DA:157,6
LF:95
LH:58
BRDA:29,0,0,8
BRDA:44,1,0,0
BRDA:53,2,0,8
BRDA:66,3,0,0
BRDA:71,4,0,0
BRDA:73,5,0,0
BRDA:98,6,0,6
BRDA:113,7,0,6
BRDA:127,8,0,0
BRDA:132,9,0,0
BRDA:138,10,0,0
BRDA:138,11,0,0
BRF:12
BRH:4
end_of_record
TN:
SF:src/lib/offline.ts
FN:6,isOfflineMode
FN:10,getOfflineConfig
FN:29,logOfflineStatus
FN:41,getOfflineBadgeText
FN:48,isFeatureDisabled
FNF:5
FNH:5
FNDA:42,isOfflineMode
FNDA:6,getOfflineConfig
FNDA:4,logOfflineStatus
FNDA:7,getOfflineBadgeText
FNDA:17,isFeatureDisabled
DA:6,1
DA:7,42
DA:8,42
DA:10,1
DA:11,6
DA:13,6
DA:14,6
DA:16,6
DA:17,6
DA:18,6
DA:19,6
DA:21,6
DA:22,6
DA:23,6
DA:24,6
DA:29,1
DA:30,4
DA:31,2
DA:32,2
DA:33,2
DA:34,2
DA:35,2
DA:36,4
DA:41,1
DA:42,7
DA:43,7
DA:48,1
DA:49,17
DA:51,7
DA:52,17
DA:53,17
DA:54,17
DA:55,17
DA:56,7
DA:57,17
DA:58,0
DA:59,17
DA:60,17
LF:38
LH:37
BRDA:6,0,0,42
BRDA:10,1,0,6
BRDA:16,2,0,2
BRDA:16,3,0,4
BRDA:17,4,0,2
BRDA:17,5,0,4
BRDA:18,6,0,2
BRDA:18,7,0,4
BRDA:19,8,0,2
BRDA:19,9,0,4
BRDA:21,10,0,3
BRDA:22,11,0,4
BRDA:29,12,0,4
BRDA:30,13,0,2
BRDA:41,14,0,7
BRDA:42,15,0,2
BRDA:42,16,0,5
BRDA:48,17,0,17
BRDA:49,18,0,10
BRDA:49,19,0,7
BRDA:52,20,0,3
BRDA:53,21,0,5
BRDA:54,22,0,6
BRDA:55,23,0,7
BRDA:57,24,0,0
BRF:25
BRH:24
end_of_record
TN:
SF:src/lib/ratelimit.ts
FN:4,rateLimit
FN:22,getRateLimitHeaders
FN:33,getRateLimitKey
FNF:3
FNH:3
FNDA:33,rateLimit
FNDA:4,getRateLimitHeaders
FNDA:5,getRateLimitKey
DA:2,1
DA:4,1
DA:5,33
DA:6,33
DA:8,33
DA:9,14
DA:10,14
DA:11,14
DA:13,33
DA:14,8
DA:15,8
DA:17,11
DA:18,11
DA:19,11
DA:20,11
DA:22,1
DA:23,4
DA:24,4
DA:25,4
DA:26,4
DA:27,4
DA:28,1
DA:29,1
DA:30,4
DA:31,4
DA:33,1
DA:35,5
DA:36,5
DA:37,5
DA:39,5
DA:40,5
LF:31
LH:31
BRDA:4,0,0,33
BRDA:8,1,0,20
BRDA:8,2,0,14
BRDA:11,3,0,19
BRDA:13,4,0,8
BRDA:15,5,0,11
BRDA:22,6,0,4
BRDA:24,7,0,2
BRDA:27,8,0,3
BRDA:27,9,0,1
BRDA:33,10,0,5
BRDA:37,11,0,3
BRDA:37,12,0,3
BRDA:37,13,0,1
BRF:14
BRH:14
end_of_record
TN:
SF:src/lib/scrollToAnchor.ts
FN:4,scrollToAnchor
FNF:1
FNH:1
FNDA:14,scrollToAnchor
DA:4,1
DA:5,14
DA:6,14
DA:8,12
DA:9,12
DA:12,12
DA:13,12
DA:15,12
DA:16,12
DA:17,12
DA:18,12
DA:19,12
DA:20,14
LF:13
LH:13
BRDA:4,0,0,14
BRDA:6,1,0,12
BRDA:9,2,0,10
BRDA:9,3,0,2
BRF:4
BRH:4
end_of_record
TN:
SF:src/lib/tokens.ts
FN:7,generateToken
FN:17,hashToken
FNF:2
FNH:2
FNDA:4,generateToken
FNDA:7,hashToken
DA:1,1
DA:7,1
DA:8,4
DA:9,4
DA:10,4
DA:17,1
DA:18,7
DA:19,7
LF:8
LH:8
BRDA:7,0,0,4
BRDA:17,1,0,7
BRF:2
BRH:2
end_of_record
TN:
SF:src/lib/useAnchorScroll.ts
FN:8,useAnchorScroll
FNF:1
FNH:1
FNDA:11,useAnchorScroll
DA:1,1
DA:3,1
DA:8,1
DA:9,11
DA:10,41
DA:12,20
DA:13,20
DA:14,20
DA:15,21
DA:16,11
DA:18,11
DA:19,11
LF:12
LH:12
BRDA:8,0,0,11
BRDA:9,1,0,41
BRDA:10,2,0,20
BRDA:14,3,0,21
BRF:4
BRH:4
end_of_record
TN:
SF:src/lib/version.ts
FNF:0
FNH:0
DA:1,1
DA:2,1
DA:3,1
DA:4,1
DA:5,1
LF:5
LH:5
BRF:0
BRH:0
end_of_record
TN:
SF:src/lib/i18n/locales.ts
FN:6,isValidLocale
FNF:1
FNH:1
FNDA:45,isValidLocale
DA:1,1
DA:4,1
DA:6,1
DA:7,45
DA:8,45
LF:5
LH:5
BRDA:6,0,0,45
BRF:1
BRH:1
end_of_record
TN:
SF:src/lib/i18n/switchLocale.ts
FN:1,getPathWithoutLocale
FN:11,buildLocaleHref
FNF:2
FNH:2
FNDA:104,getPathWithoutLocale
FNDA:55,buildLocaleHref
DA:1,1
DA:2,104
DA:3,97
DA:4,97
DA:5,104
DA:6,40
DA:7,40
DA:8,57
DA:9,57
DA:11,1
DA:12,55
DA:14,55
DA:15,55
DA:16,55
LF:14
LH:14
BRDA:1,0,0,104
BRDA:2,1,0,7
BRDA:2,2,0,97
BRDA:5,3,0,40
BRDA:7,4,0,57
BRDA:11,5,0,55
BRDA:14,6,0,49
BRDA:14,7,0,6
BRF:8
BRH:8
end_of_record
